2025-06-27 15:39:27,706 [INFO] Activator:176 - 


2025-06-27 15:39:27,709 [INFO] Activator:177 - !SESSION log4j initialized
2025-06-27 15:39:32,292 [INFO] LogOutputStream:77 - [STDOUT_REDIRECT] 
2025-06-27 15:39:33,148 [INFO] ApplicationProperties:184 - Using Application install path: /opt/st/stm32cubeide_1.18.0/plugins/com.st.stm32cube.common.mx_6.14.0.202502271554
2025-06-27 15:39:33,163 [INFO] DbMcusXml:78 - Set database path to: /opt/st/stm32cubeide_1.18.0/plugins/com.st.stm32cube.common.mx_6.14.0.202502271554//db//mcu/
2025-06-27 15:39:33,164 [INFO] ApiDb:274 - Set plugin database path to: /opt/st/stm32cubeide_1.18.0/plugins/com.st.stm32cube.common.mx_6.14.0.202502271554//db//plugins/boardmanager/
2025-06-27 15:39:33,164 [WARN] ApiDb:259 - Overriding images path with different value:  => /opt/st/stm32cubeide_1.18.0/plugins/com.st.stm32cube.common.mx_6.14.0.202502271554//db//plugins/mcufinder/images/
2025-06-27 15:39:33,168 [INFO] ApiDb:250 - Set database path to: /home/b/.stmcufinder/plugins/mcufinder//mcu/
2025-06-27 15:39:33,170 [INFO] DbMcusAds:125 - Set database path to: /home/b/.stmcufinder/plugins/mcufinder//mcu/
2025-06-27 15:39:33,172 [INFO] CrossReferenceDbSqlite:203 - Set database path to: /home/b/.stmcufinder/plugins/mcufinder//mcu/cs/
2025-06-27 15:39:33,273 [INFO] RulesReader:64 - Compatibility file has been processed (301 Rules)
2025-06-27 15:39:33,326 [INFO] DbMcusXml:78 - Set database path to: /opt/st/stm32cubeide_1.18.0/plugins/com.st.stm32cube.common.mx_6.14.0.202502271554//db//mcu/
2025-06-27 15:39:33,326 [INFO] ApiDb:274 - Set plugin database path to: /opt/st/stm32cubeide_1.18.0/plugins/com.st.stm32cube.common.mx_6.14.0.202502271554//db//plugins/boardmanager/
2025-06-27 15:39:33,326 [INFO] ApiDb:261 - Set plugin images path to: /opt/st/stm32cubeide_1.18.0/plugins/com.st.stm32cube.common.mx_6.14.0.202502271554//db//plugins/mcufinder/images/
2025-06-27 15:39:33,327 [WARN] DbFile:41 - Overriding database path with different value: /home/b/.stmcufinder/plugins/mcufinder/ => /home/b/.stmcufinder/plugins/mcufinder
2025-06-27 15:39:33,327 [INFO] ApiDb:250 - Set database path to: /home/b/.stmcufinder/plugins/mcufinder//mcu/
2025-06-27 15:39:33,327 [WARN] DbFile:41 - Overriding database path with different value: /home/b/.stmcufinder/plugins/mcufinder/ => /home/b/.stmcufinder/plugins/mcufinder
2025-06-27 15:39:33,327 [INFO] DbMcusAds:125 - Set database path to: /home/b/.stmcufinder/plugins/mcufinder//mcu/
2025-06-27 15:39:33,327 [WARN] DbFile:41 - Overriding database path with different value: /home/b/.stmcufinder/plugins/mcufinder/ => /home/b/.stmcufinder/plugins/mcufinder
2025-06-27 15:39:33,327 [WARN] DbFile:41 - Overriding database path with different value: /home/b/.stmcufinder/plugins/mcufinder/ => /home/b/.stmcufinder/plugins/mcufinder
2025-06-27 15:39:33,327 [INFO] CrossReferenceDbSqlite:203 - Set database path to: /home/b/.stmcufinder/plugins/mcufinder//mcu/cs/
2025-06-27 15:39:33,382 [INFO] MainPanel:272 - HeapMemory: 268435456
2025-06-27 15:39:33,486 [INFO] DbMcusXml:78 - Set database path to: /opt/st/stm32cubeide_1.18.0/plugins/com.st.stm32cube.common.mx_6.14.0.202502271554//db//mcu/
2025-06-27 15:39:33,486 [INFO] ApiDb:274 - Set plugin database path to: /opt/st/stm32cubeide_1.18.0/plugins/com.st.stm32cube.common.mx_6.14.0.202502271554//db//plugins/boardmanager/
2025-06-27 15:39:33,486 [INFO] ApiDb:261 - Set plugin images path to: /opt/st/stm32cubeide_1.18.0/plugins/com.st.stm32cube.common.mx_6.14.0.202502271554//db//plugins/mcufinder/images/
2025-06-27 15:39:33,487 [WARN] DbFile:41 - Overriding database path with different value: /home/b/.stmcufinder/plugins/mcufinder/ => /home/b/.stmcufinder/plugins/mcufinder
2025-06-27 15:39:33,487 [INFO] ApiDb:250 - Set database path to: /home/b/.stmcufinder/plugins/mcufinder//mcu/
2025-06-27 15:39:33,487 [WARN] DbFile:41 - Overriding database path with different value: /home/b/.stmcufinder/plugins/mcufinder/ => /home/b/.stmcufinder/plugins/mcufinder
2025-06-27 15:39:33,487 [INFO] DbMcusAds:125 - Set database path to: /home/b/.stmcufinder/plugins/mcufinder//mcu/
2025-06-27 15:39:33,487 [WARN] DbFile:41 - Overriding database path with different value: /home/b/.stmcufinder/plugins/mcufinder/ => /home/b/.stmcufinder/plugins/mcufinder
2025-06-27 15:39:33,487 [WARN] DbFile:41 - Overriding database path with different value: /home/b/.stmcufinder/plugins/mcufinder/ => /home/b/.stmcufinder/plugins/mcufinder
2025-06-27 15:39:33,487 [INFO] CrossReferenceDbSqlite:203 - Set database path to: /home/b/.stmcufinder/plugins/mcufinder//mcu/cs/
2025-06-27 15:39:33,501 [INFO] ApplicationProperties:184 - Using Application install path: /opt/st/stm32cubeide_1.18.0/plugins/com.st.stm32cube.common.mx_6.14.0.202502271554
2025-06-27 15:39:33,503 [INFO] PluginManage:196 - Search for loadable plugins [exclusion list=, ]
2025-06-27 15:39:33,504 [INFO] PluginManage:310 - Check plugin analytics
2025-06-27 15:39:33,634 [INFO] AnalyticsPlugin:253 - Accepted Software Licenses: 
2025-06-27 15:39:33,634 [INFO] AnalyticsPlugin:255 - Accepted CMSIS Pack Licenses: ARM.CMSIS-DSP.1.15.0,ARM.CMSIS.6.0.0
2025-06-27 15:39:33,634 [INFO] AnalyticsPlugin:257 - Accepted Firmware Licenses: FW.G4.1.6.0
2025-06-27 15:39:33,636 [INFO] PluginManage:359 - Loaded plugin analytics (category:tool,tabindex:-1)
2025-06-27 15:39:33,637 [INFO] PluginManage:310 - Check plugin cadmodel
2025-06-27 15:39:33,640 [INFO] CADModel:105 - Init CAD model plugin
2025-06-27 15:39:33,641 [INFO] PluginManage:359 - Loaded plugin cadmodel (category:power,tabindex:5)
2025-06-27 15:39:33,641 [INFO] PluginManage:310 - Check plugin clock
2025-06-27 15:39:33,648 [INFO] PluginManage:359 - Loaded plugin clock (category:base,tabindex:2)
2025-06-27 15:39:33,649 [INFO] PluginManage:310 - Check plugin ddr
2025-06-27 15:39:33,650 [INFO] PluginManage:359 - Loaded plugin ddr (category:tool,tabindex:6)
2025-06-27 15:39:33,651 [INFO] PluginManage:310 - Check plugin filemanager
2025-06-27 15:39:33,777 [INFO] PluginManage:359 - Loaded plugin filemanager (category:base,tabindex:10)
2025-06-27 15:39:33,777 [INFO] PluginManage:310 - Check plugin ipmanager
2025-06-27 15:39:33,782 [INFO] PluginManage:359 - Loaded plugin ipmanager (category:base,tabindex:5)
2025-06-27 15:39:33,782 [INFO] PluginManage:310 - Check plugin lpbam
2025-06-27 15:39:33,790 [INFO] PluginManage:359 - Loaded plugin lpbam (category:base,tabindex:0)
2025-06-27 15:39:33,790 [INFO] PluginManage:310 - Check plugin memorymap
2025-06-27 15:39:33,798 [INFO] PluginManage:359 - Loaded plugin memorymap (category:base,tabindex:4)
2025-06-27 15:39:33,799 [INFO] PluginManage:310 - Check plugin pinoutandconfiguration
2025-06-27 15:39:33,805 [INFO] PluginManage:359 - Loaded plugin pinoutandconfiguration (category:base,tabindex:1)
2025-06-27 15:39:33,805 [INFO] PluginManage:310 - Check plugin pinoutconfig
2025-06-27 15:39:33,884 [WARN] SupportedApi:132 - Cannot load RTOS API schema: s4s-elt-must-match.1: The content of 'definitions' must match (annotation?, (simpleType | complexType)?, (unique | key | keyref)*)). A problem was found starting at: attribute.
2025-06-27 15:39:34,008 [INFO] PluginManage:359 - Loaded plugin pinoutconfig (category:base,tabindex:0)
2025-06-27 15:39:34,009 [INFO] PluginManage:310 - Check plugin power
2025-06-27 15:39:34,019 [INFO] PluginManage:359 - Loaded plugin power (category:power,tabindex:4)
2025-06-27 15:39:34,019 [INFO] PluginManage:310 - Check plugin projectmanager
2025-06-27 15:39:34,035 [INFO] PluginManage:359 - Loaded plugin projectmanager (category:projectmanager,tabindex:4)
2025-06-27 15:39:34,035 [INFO] PluginManage:310 - Check plugin rif
2025-06-27 15:39:34,042 [INFO] PluginManage:359 - Loaded plugin rif (category:base,tabindex:3)
2025-06-27 15:39:34,042 [INFO] PluginManage:310 - Check plugin thirdparty
2025-06-27 15:39:34,201 [INFO] PluginManage:359 - Loaded plugin thirdparty (category:base,tabindex:-1)
2025-06-27 15:39:34,201 [WARN] IntegrityCheckThread:84 - waiting for thirdparty lock release [integrity check]
2025-06-27 15:39:34,201 [INFO] PluginManage:310 - Check plugin tools
2025-06-27 15:39:34,201 [INFO] IntegrityCheckThread:86 - entering critical section [integrity check]
2025-06-27 15:39:34,202 [INFO] ThirdPartyUpdaterWithRetryManager:70 - Updater plugin not ready yet. [1/15]
2025-06-27 15:39:34,204 [INFO] PluginManage:359 - Loaded plugin tools (category:base,tabindex:7)
2025-06-27 15:39:34,204 [INFO] PluginManage:310 - Check plugin tutovideos
2025-06-27 15:39:34,395 [INFO] PluginManage:359 - Loaded plugin tutovideos (category:base,tabindex:-1)
2025-06-27 15:39:34,396 [INFO] PluginManage:310 - Check plugin updater
2025-06-27 15:39:34,423 [INFO] PluginManage:359 - Loaded plugin updater (category:base,tabindex:12)
2025-06-27 15:39:34,423 [INFO] PluginManage:310 - Check plugin userauth
2025-06-27 15:39:34,428 [INFO] UserAuth:118 - Init User Auth plugin
2025-06-27 15:39:34,429 [INFO] PluginManage:359 - Loaded plugin userauth (category:base,tabindex:14)
2025-06-27 15:39:34,430 [INFO] PluginManage:283 - PluginManage : Loaded plugins [18]
2025-06-27 15:39:34,634 [INFO] PinOutPanel:1589 - setPackage(No Configuration,No Configuration)
2025-06-27 15:39:34,722 [INFO] CADModel:165 - CPN selected for project level
2025-06-27 15:39:34,722 [INFO] CADModel:114 - Register for checkConnection events
2025-06-27 15:39:34,745 [INFO] IPUIPlugin:80 - create IPUIPlugin
2025-06-27 15:39:34,745 [INFO] PluginManager:220 - loadIPPluginJar : add fmc
2025-06-27 15:39:34,755 [INFO] IPUIPlugin:80 - create IPUIPlugin
2025-06-27 15:39:34,758 [INFO] PluginManager:220 - loadIPPluginJar : add plateformsettings
2025-06-27 15:39:34,761 [INFO] IPUIPlugin:80 - create IPUIPlugin
2025-06-27 15:39:34,761 [INFO] PluginManager:220 - loadIPPluginJar : add tim
2025-06-27 15:39:34,766 [INFO] IPUIPlugin:80 - create IPUIPlugin
2025-06-27 15:39:34,766 [INFO] PluginManager:220 - loadIPPluginJar : add touchsensing
2025-06-27 15:39:34,770 [INFO] IPUIPlugin:80 - create IPUIPlugin
2025-06-27 15:39:34,770 [INFO] PluginManager:220 - loadIPPluginJar : add usart
2025-06-27 15:39:34,774 [INFO] IPUIPlugin:80 - create IPUIPlugin
2025-06-27 15:39:34,774 [INFO] PluginManager:220 - loadIPPluginJar : add sai
2025-06-27 15:39:34,778 [INFO] IPUIPlugin:80 - create IPUIPlugin
2025-06-27 15:39:34,778 [INFO] PluginManager:220 - loadIPPluginJar : add aes
2025-06-27 15:39:34,780 [INFO] IPUIPlugin:80 - create IPUIPlugin
2025-06-27 15:39:34,780 [INFO] PluginManager:220 - loadIPPluginJar : add ucpd
2025-06-27 15:39:34,782 [INFO] IPUIPlugin:80 - create IPUIPlugin
2025-06-27 15:39:34,782 [INFO] PluginManager:220 - loadIPPluginJar : add comp
2025-06-27 15:39:34,792 [INFO] IPUIPlugin:80 - create IPUIPlugin
2025-06-27 15:39:34,792 [INFO] PluginManager:220 - loadIPPluginJar : add linkedlist
2025-06-27 15:39:34,794 [INFO] IPUIPlugin:80 - create IPUIPlugin
2025-06-27 15:39:34,794 [INFO] PluginManager:220 - loadIPPluginJar : add cryp
2025-06-27 15:39:34,796 [INFO] IPUIPlugin:80 - create IPUIPlugin
2025-06-27 15:39:34,797 [INFO] PluginManager:220 - loadIPPluginJar : add radio
2025-06-27 15:39:34,804 [INFO] IPUIPlugin:80 - create IPUIPlugin
2025-06-27 15:39:34,804 [INFO] PluginManager:220 - loadIPPluginJar : add stm32_wpan
2025-06-27 15:39:34,808 [INFO] IPUIPlugin:80 - create IPUIPlugin
2025-06-27 15:39:34,808 [INFO] PluginManager:220 - loadIPPluginJar : add gpio
2025-06-27 15:39:34,811 [INFO] IPUIPlugin:80 - create IPUIPlugin
2025-06-27 15:39:34,811 [INFO] PluginManager:220 - loadIPPluginJar : add hash
2025-06-27 15:39:34,814 [INFO] IPUIPlugin:80 - create IPUIPlugin
2025-06-27 15:39:34,815 [INFO] PluginManager:220 - loadIPPluginJar : add dfsdm
2025-06-27 15:39:34,818 [INFO] IPUIPlugin:80 - create IPUIPlugin
2025-06-27 15:39:34,819 [INFO] PluginManager:220 - loadIPPluginJar : add openamp
2025-06-27 15:39:34,822 [INFO] IPUIPlugin:80 - create IPUIPlugin
2025-06-27 15:39:34,822 [INFO] PluginManager:220 - loadIPPluginJar : add spi
2025-06-27 15:39:34,825 [INFO] IPUIPlugin:80 - create IPUIPlugin
2025-06-27 15:39:34,825 [INFO] PluginManager:220 - loadIPPluginJar : add can
2025-06-27 15:39:34,828 [INFO] IPUIPlugin:80 - create IPUIPlugin
2025-06-27 15:39:34,828 [INFO] PluginManager:220 - loadIPPluginJar : add gfxmmu
2025-06-27 15:39:34,837 [INFO] IPUIPlugin:80 - create IPUIPlugin
2025-06-27 15:39:34,837 [INFO] PluginManager:220 - loadIPPluginJar : add freertos
2025-06-27 15:39:34,841 [INFO] IPUIPlugin:80 - create IPUIPlugin
2025-06-27 15:39:34,841 [INFO] PluginManager:220 - loadIPPluginJar : add lorawan
2025-06-27 15:39:34,848 [INFO] IPUIPlugin:80 - create IPUIPlugin
2025-06-27 15:39:34,848 [INFO] PluginManager:220 - loadIPPluginJar : add gic
2025-06-27 15:39:34,857 [INFO] IPUIPlugin:80 - create IPUIPlugin
2025-06-27 15:39:34,857 [INFO] PluginManager:220 - loadIPPluginJar : add adc
2025-06-27 15:39:34,862 [INFO] IPUIPlugin:80 - create IPUIPlugin
2025-06-27 15:39:34,862 [INFO] PluginManager:220 - loadIPPluginJar : add ipddr
2025-06-27 15:39:34,865 [INFO] IPUIPlugin:80 - create IPUIPlugin
2025-06-27 15:39:34,865 [INFO] PluginManager:220 - loadIPPluginJar : add tracer_emb
2025-06-27 15:39:34,869 [INFO] IPUIPlugin:80 - create IPUIPlugin
2025-06-27 15:39:34,869 [INFO] PluginManager:220 - loadIPPluginJar : add ddr_ctrl_phy
2025-06-27 15:39:34,871 [INFO] IPUIPlugin:80 - create IPUIPlugin
2025-06-27 15:39:34,872 [INFO] PluginManager:220 - loadIPPluginJar : add tsc
2025-06-27 15:39:34,875 [INFO] IPUIPlugin:80 - create IPUIPlugin
2025-06-27 15:39:34,875 [INFO] PluginManager:220 - loadIPPluginJar : add i2s
2025-06-27 15:39:34,877 [INFO] IPUIPlugin:80 - create IPUIPlugin
2025-06-27 15:39:34,877 [INFO] PluginManager:220 - loadIPPluginJar : add ts
2025-06-27 15:39:34,883 [INFO] IPUIPlugin:80 - create IPUIPlugin
2025-06-27 15:39:34,883 [INFO] PluginManager:220 - loadIPPluginJar : add nvic
2025-06-27 15:39:34,888 [INFO] IPUIPlugin:80 - create IPUIPlugin
2025-06-27 15:39:34,888 [INFO] PluginManager:220 - loadIPPluginJar : add resmgrutility
2025-06-27 15:39:34,892 [INFO] IPUIPlugin:80 - create IPUIPlugin
2025-06-27 15:39:34,892 [INFO] PluginManager:220 - loadIPPluginJar : add usbx
2025-06-27 15:39:34,894 [INFO] IPUIPlugin:80 - create IPUIPlugin
2025-06-27 15:39:34,894 [INFO] PluginManager:220 - loadIPPluginJar : add genericplugin
2025-06-27 15:39:34,896 [INFO] IPUIPlugin:80 - create IPUIPlugin
2025-06-27 15:39:34,896 [INFO] PluginManager:220 - loadIPPluginJar : add fatfs
2025-06-27 15:39:34,899 [INFO] IPUIPlugin:80 - create IPUIPlugin
2025-06-27 15:39:34,899 [INFO] PluginManager:220 - loadIPPluginJar : add dma3
2025-06-27 15:39:34,903 [INFO] IPUIPlugin:80 - create IPUIPlugin
2025-06-27 15:39:34,903 [INFO] PluginManager:220 - loadIPPluginJar : add gtzc
2025-06-27 15:39:34,906 [INFO] IPUIPlugin:80 - create IPUIPlugin
2025-06-27 15:39:34,907 [INFO] PluginManager:220 - loadIPPluginJar : add i3c
2025-06-27 15:39:34,911 [INFO] IPUIPlugin:80 - create IPUIPlugin
2025-06-27 15:39:34,911 [INFO] PluginManager:220 - loadIPPluginJar : add extmemmanager
2025-06-27 15:39:34,919 [INFO] IPUIPlugin:80 - create IPUIPlugin
2025-06-27 15:39:34,919 [INFO] PluginManager:220 - loadIPPluginJar : add mdma
2025-06-27 15:39:34,927 [INFO] IPUIPlugin:80 - create IPUIPlugin
2025-06-27 15:39:34,927 [INFO] PluginManager:220 - loadIPPluginJar : add dma
2025-06-27 15:39:34,931 [INFO] IPUIPlugin:80 - create IPUIPlugin
2025-06-27 15:39:34,931 [INFO] PluginManager:220 - loadIPPluginJar : add pdm2pcm
2025-06-27 15:39:34,933 [INFO] IPUIPlugin:80 - create IPUIPlugin
2025-06-27 15:39:34,933 [INFO] PluginManager:220 - loadIPPluginJar : add quadspi
2025-06-27 15:39:34,936 [INFO] IPUIPlugin:80 - create IPUIPlugin
2025-06-27 15:39:34,936 [INFO] PluginManager:220 - loadIPPluginJar : add opamp
2025-06-27 15:39:34,939 [INFO] IPUIPlugin:80 - create IPUIPlugin
2025-06-27 15:39:34,939 [INFO] PluginManager:220 - loadIPPluginJar : add i2c
2025-06-27 15:39:34,941 [INFO] IPUIPlugin:80 - create IPUIPlugin
2025-06-27 15:39:34,941 [INFO] PluginManager:220 - loadIPPluginJar : add ltdc
2025-06-27 15:39:35,055 [FATAL] Updater:351 - Updater called before beeing initialized
2025-06-27 15:39:35,094 [INFO] RulesReader:64 - Compatibility file has been processed (301 Rules)
2025-06-27 15:39:35,113 [INFO] RulesReader:64 - Compatibility file has been processed (301 Rules)
2025-06-27 15:39:35,122 [INFO] CADModel:165 - CPN selected for project level
2025-06-27 15:39:35,122 [INFO] CADModel:114 - Register for checkConnection events
2025-06-27 15:39:35,122 [FATAL] Updater:351 - Updater called before beeing initialized
2025-06-27 15:39:35,123 [ERROR] CADModel:125 - Updater not yet initialized, retry later 
2025-06-27 15:39:35,270 [FATAL] Updater:351 - Updater called before beeing initialized
2025-06-27 15:39:35,272 [INFO] CADModel:165 - CPN selected for project level
2025-06-27 15:39:35,272 [INFO] CADModel:114 - Register for checkConnection events
2025-06-27 15:39:35,273 [FATAL] Updater:351 - Updater called before beeing initialized
2025-06-27 15:39:35,273 [ERROR] CADModel:125 - Updater not yet initialized, retry later 
2025-06-27 15:39:35,277 [FATAL] Updater:351 - Updater called before beeing initialized
2025-06-27 15:39:35,391 [FATAL] Updater:351 - Updater called before beeing initialized
2025-06-27 15:39:35,397 [INFO] DbMcusAds:53 - JSON generation date=Thu Jun 19 15:32:34 ICT 2025 (1750321954388)
2025-06-27 15:39:35,398 [FATAL] Updater:351 - Updater called before beeing initialized
2025-06-27 15:39:35,445 [WARN] DetailPanel:346 - Failed to get advertising image, set to default
2025-06-27 15:39:35,716 [FATAL] Updater:351 - Updater called before beeing initialized
2025-06-27 15:39:35,717 [FATAL] Updater:351 - Updater called before beeing initialized
2025-06-27 15:39:35,718 [FATAL] Updater:351 - Updater called before beeing initialized
2025-06-27 15:39:35,718 [WARN] DetailPanel:346 - Failed to get advertising image, set to default
2025-06-27 15:39:35,718 [FATAL] Updater:351 - Updater called before beeing initialized
2025-06-27 15:39:35,749 [ERROR] Updater:1198 - MainUpdater not yet initialized. External WinMGr cannot be set.
2025-06-27 15:39:35,751 [INFO] Updater:1134 - Updater Version found : 6.14.0
2025-06-27 15:39:35,769 [INFO] ApplicationProperties:184 - Using Application install path: /opt/st/stm32cubeide_1.18.0/plugins/com.st.stm32cube.common.mx_6.14.0.202502271554
2025-06-27 15:39:36,139 [INFO] MainUpdater:2872 - connection check result : 10
2025-06-27 15:39:36,139 [INFO] MainUpdater:289 - Updater Check For Update Now.
2025-06-27 15:39:36,139 [INFO] MicroXplorer:498 - Change Database Version : DB.6.0.140
2025-06-27 15:39:36,155 [INFO] McuFinderGlobals:63 - Set McuFinder mode to 2 (CubeIDE integrated)
2025-06-27 15:39:36,155 [INFO] UserAuth:171 - activating auth plugin
2025-06-27 15:39:36,158 [INFO] UserAuth:486 - Internet connection configuration mode: 1
2025-06-27 15:39:36,174 [INFO] JxBrowserEngine:152 - Initiate JxBrowser Engine with user profile folder
2025-06-27 15:39:36,321 [INFO] CheckServerUpdateThread:120 - End of CheckServer Thread
2025-06-27 15:39:36,984 [INFO] WebApp:169 - Instantiating new browser for Auth
2025-06-27 15:39:37,370 [WARN] PackLoader:240 - Cannot read IP mode file for STMicroelectronics.FP-SNS-MOTENVWB1.1.4.0
2025-06-27 15:39:37,381 [WARN] PackLoader:240 - Cannot read IP mode file for STMicroelectronics.FP-ATR-ASTRA1.2.0.2
2025-06-27 15:39:37,389 [WARN] PackLoader:240 - Cannot read IP mode file for STMicroelectronics.X-CUBE-SMBUS.2.1.0
2025-06-27 15:39:37,398 [WARN] PackLoader:240 - Cannot read IP mode file for STMicroelectronics.X-CUBE-WB05N.1.1.0
2025-06-27 15:39:37,404 [WARN] PackLoader:240 - Cannot read IP mode file for STMicroelectronics.X-CUBE-ST60.1.0.0
2025-06-27 15:39:37,441 [WARN] PackLoader:240 - Cannot read IP mode file for STMicroelectronics.X-CUBE-AZRTOS-F7.1.1.0
2025-06-27 15:39:37,500 [WARN] PackLoader:240 - Cannot read IP mode file for Infineon.AIROC-Wi-Fi-Bluetooth-STM32.1.7.0
2025-06-27 15:39:37,521 [WARN] PackLoader:240 - Cannot read IP mode file for STMicroelectronics.X-CUBE-DISPLAY.3.0.0
2025-06-27 15:39:37,555 [WARN] PackLoader:240 - Cannot read IP mode file for STMicroelectronics.X-CUBE-NFC10.1.0.0
2025-06-27 15:39:37,578 [WARN] PackLoader:240 - Cannot read IP mode file for STMicroelectronics.X-CUBE-BLEMGR.4.0.0
2025-06-27 15:39:37,591 [WARN] PackLoader:240 - Cannot read IP mode file for emotas.I-CUBE-CANOPEN.1.3.0
2025-06-27 15:39:37,600 [WARN] ConditionMgr:438 - getConditionDescription Invalid condition id : Cortex-A Device cause : null
2025-06-27 15:39:37,612 [WARN] ConditionMgr:1044 - genDependencies : Invalid condition id : Cortex-A Device cause : null
2025-06-27 15:39:37,612 [WARN] ConditionMgr:1044 - genDependencies : Invalid condition id : Cortex-A Device cause : null
2025-06-27 15:39:37,612 [WARN] ConditionMgr:1044 - genDependencies : Invalid condition id : Cortex-A Device cause : null
2025-06-27 15:39:37,616 [WARN] PackLoader:240 - Cannot read IP mode file for STMicroelectronics.X-CUBE-AI.10.0.0
2025-06-27 15:39:37,620 [WARN] PackLoader:240 - Cannot read IP mode file for STMicroelectronics.FP-SNS-SMARTAG2.1.2.0
2025-06-27 15:39:37,624 [WARN] PackLoader:240 - Cannot read IP mode file for STMicroelectronics.FP-SNS-FLIGHT1.5.1.0
2025-06-27 15:39:37,691 [WARN] PackLoader:240 - Cannot read IP mode file for STMicroelectronics.X-CUBE-MEMS1.11.1.0
2025-06-27 15:39:37,871 [INFO] WebApp:463 - Apply proxy settings
2025-06-27 15:39:37,872 [INFO] WebApp:548 - Chromium requires no authentication
2025-06-27 15:39:37,877 [INFO] LogOutputStream:77 - [STDOUT_REDIRECT] 1 : Invalid condition id : UX_CORESTACK_Condition cause : null
2025-06-27 15:39:37,878 [INFO] LogOutputStream:77 - [STDOUT_REDIRECT] 1 : Invalid condition id : UX_CORESTACK_Condition cause : null
2025-06-27 15:39:37,878 [INFO] LogOutputStream:77 - [STDOUT_REDIRECT] 1 : Invalid condition id : UX_CORESTACK_Condition cause : null
2025-06-27 15:39:37,879 [INFO] LogOutputStream:77 - [STDOUT_REDIRECT] 1 : Invalid condition id : UX_CORESTACK_Condition cause : null
2025-06-27 15:39:37,879 [INFO] LogOutputStream:77 - [STDOUT_REDIRECT] 1 : Invalid condition id : UX_CORESTACK_Condition cause : null
2025-06-27 15:39:37,882 [WARN] PackLoader:240 - Cannot read IP mode file for STMicroelectronics.X-CUBE-AZRTOS-WL.2.0.0
2025-06-27 15:39:37,883 [INFO] WebApp:491 - Direct internet connection detected
2025-06-27 15:39:37,888 [WARN] PackLoader:240 - Cannot read IP mode file for STMicroelectronics.FP-SNS-MOTENV1.5.0.0
2025-06-27 15:39:37,894 [WARN] PackLoader:240 - Cannot read IP mode file for WES.I-CUBE-Cesium.1.3.0
2025-06-27 15:39:37,898 [WARN] PackLoader:240 - Cannot read IP mode file for STMicroelectronics.X-CUBE-BLE2.3.3.0
2025-06-27 15:39:37,904 [WARN] PackLoader:240 - Cannot read IP mode file for STMicroelectronics.X-CUBE-NFC9.1.0.0
2025-06-27 15:39:37,908 [INFO] WebApp:894 - Register for checkConnection events
2025-06-27 15:39:37,909 [INFO] WebApp:463 - Apply proxy settings
2025-06-27 15:39:37,909 [INFO] WebApp:548 - Chromium requires no authentication
2025-06-27 15:39:37,909 [WARN] PackLoader:240 - Cannot read IP mode file for STMicroelectronics.X-CUBE-BLE1.7.1.0
2025-06-27 15:39:37,910 [INFO] WebApp:491 - Direct internet connection detected
2025-06-27 15:39:37,912 [WARN] PackLoader:240 - Cannot read IP mode file for wolfSSL.I-CUBE-wolfMQTT.1.19.2
2025-06-27 15:39:37,916 [WARN] PackLoader:240 - Cannot read IP mode file for STMicroelectronics.X-CUBE-AI.10.1.0
2025-06-27 15:39:37,969 [WARN] PackLoader:240 - Cannot read IP mode file for STMicroelectronics.X-CUBE-MEMS1.11.2.0
2025-06-27 15:39:38,071 [WARN] PackLoader:240 - Cannot read IP mode file for STMicroelectronics.X-CUBE-AZRTOS-G0.1.1.0
2025-06-27 15:39:38,077 [WARN] PackLoader:240 - Cannot read IP mode file for STMicroelectronics.X-CUBE-SAFEA1.1.2.2
2025-06-27 15:39:38,080 [WARN] PackLoader:240 - Cannot read IP mode file for STMicroelectronics.X-CUBE-NFC4.3.0.0
2025-06-27 15:39:38,088 [WARN] PackLoader:240 - Cannot read IP mode file for EmbeddedOffice.I-CUBE-FS-RTOS.1.0.1
2025-06-27 15:39:38,094 [WARN] PackLoader:240 - Cannot read IP mode file for STMicroelectronics.X-CUBE-WB05N.2.0.0
2025-06-27 15:39:38,097 [WARN] PackLoader:240 - Cannot read IP mode file for wolfSSL.I-CUBE-wolfTPM.3.8.0
2025-06-27 15:39:38,103 [WARN] PackLoader:240 - Cannot read IP mode file for STMicroelectronics.X-CUBE-TCPP.4.2.0
2025-06-27 15:39:38,116 [WARN] PackLoader:240 - Cannot read IP mode file for RealThread.X-CUBE-RT-Thread_Nano.4.1.1
2025-06-27 15:39:38,122 [WARN] PackLoader:240 - Cannot read IP mode file for STMicroelectronics.FP-ATR-SIGFOX1.3.2.0
2025-06-27 15:39:38,130 [WARN] PackLoader:240 - Cannot read IP mode file for STMicroelectronics.X-CUBE-EEPRMA1.5.1.0
2025-06-27 15:39:38,136 [WARN] PackLoader:240 - Cannot read IP mode file for wolfSSL.I-CUBE-wolfSSL.5.7.6
2025-06-27 15:39:38,140 [WARN] PackLoader:240 - Cannot read IP mode file for ITTIA_DB.I-CUBE-ITTIADB.8.9.0
2025-06-27 15:39:38,151 [INFO] WebApp:225 - Starting web application
2025-06-27 15:39:38,151 [WARN] PackLoader:240 - Cannot read IP mode file for STMicroelectronics.X-CUBE-ST67W61.1.0.0
2025-06-27 15:39:38,151 [INFO] WebApp:593 - Web application path used /opt/st/stm32cubeide_1.18.0/plugins/com.st.stm32cube.common.mx_6.14.0.202502271554/db/plugins/mcufinder/reactClient1/index.html
2025-06-27 15:39:38,168 [INFO] WebApp:191 - Connection restablished
2025-06-27 15:39:38,190 [WARN] PackLoader:240 - Cannot read IP mode file for SEGGER.I-CUBE-embOS.1.3.1
2025-06-27 15:39:38,296 [WARN] PackLoader:240 - Cannot read IP mode file for STMicroelectronics.X-CUBE-ALGOBUILD.1.4.0
2025-06-27 15:39:38,382 [WARN] PackLoader:240 - Cannot read IP mode file for STMicroelectronics.X-CUBE-MEMS1.11.3.0
2025-06-27 15:39:38,564 [WARN] PackLoader:240 - Cannot read IP mode file for STMicroelectronics.X-CUBE-PM33A1.1.0.0
2025-06-27 15:39:38,584 [WARN] PackLoader:240 - Cannot read IP mode file for STMicroelectronics.X-CUBE-AZRTOS-F4.1.1.0
2025-06-27 15:39:38,590 [WARN] PackLoader:240 - Cannot read IP mode file for Avnet-IotConnect.X-CUBE-IoTC-DA16k-PMOD.1.0.0
2025-06-27 15:39:38,594 [WARN] PackLoader:240 - Cannot read IP mode file for STMicroelectronics.X-CUBE-ISPU.2.1.0
2025-06-27 15:39:38,614 [WARN] PackLoader:240 - Cannot read IP mode file for STMicroelectronics.X-CUBE-AZRTOS-L5.2.0.0
2025-06-27 15:39:38,625 [WARN] PackLoader:240 - Cannot read IP mode file for STMicroelectronics.X-CUBE-NFC6.3.1.0
2025-06-27 15:39:38,652 [WARN] PackLoader:240 - Cannot read IP mode file for STMicroelectronics.X-CUBE-FREERTOS.1.3.1
2025-06-27 15:39:38,656 [WARN] PackLoader:240 - Cannot read IP mode file for STMicroelectronics.X-CUBE-FREERTOS.1.3.0
2025-06-27 15:39:38,662 [WARN] PackLoader:240 - Cannot read IP mode file for STMicroelectronics.X-CUBE-NFC7.1.0.1
2025-06-27 15:39:38,668 [WARN] PackLoader:240 - Cannot read IP mode file for STMicroelectronics.FP-SNS-STAIOTCFT.1.0.0
2025-06-27 15:39:38,674 [WARN] PackLoader:240 - Cannot read IP mode file for STMicroelectronics.X-CUBE-DPower.1.3.0
2025-06-27 15:39:38,697 [WARN] ConditionMgr:438 - getConditionDescription Invalid condition id : LAN8742 Phy interface Condition cause : null
2025-06-27 15:39:38,697 [WARN] PackLoader:240 - Cannot read IP mode file for STMicroelectronics.X-CUBE-AZRTOS-L4.2.0.0
2025-06-27 15:39:38,699 [WARN] ConditionMgr:1044 - genDependencies : Invalid condition id : LAN8742 Phy interface Condition cause : null
2025-06-27 15:39:38,700 [WARN] ConditionMgr:1044 - genDependencies : Invalid condition id : LAN8742 Phy interface Condition cause : null
2025-06-27 15:39:38,700 [WARN] ConditionMgr:1044 - genDependencies : Invalid condition id : LAN8742 Phy interface Condition cause : null
2025-06-27 15:39:38,744 [WARN] PackLoader:240 - Cannot read IP mode file for STMicroelectronics.X-CUBE-SFXS2LP1.4.0.0
2025-06-27 15:39:38,769 [WARN] PackLoader:240 - Cannot read IP mode file for STMicroelectronics.X-CUBE-AZRTOS-H7.3.3.0
2025-06-27 15:39:38,786 [WARN] ConditionMgr:438 - getConditionDescription Invalid condition id : UX DEVICE CLASS RTOS Condition cause : null
2025-06-27 15:39:38,787 [WARN] ConditionMgr:438 - getConditionDescription Invalid condition id : UX DEVICE CLASS RTOS Condition cause : null
2025-06-27 15:39:38,795 [WARN] PackLoader:240 - Cannot read IP mode file for STMicroelectronics.X-CUBE-AZRTOS-WB.2.0.0
2025-06-27 15:39:38,796 [WARN] ConditionMgr:1044 - genDependencies : Invalid condition id : UX DEVICE CLASS RTOS Condition cause : null
2025-06-27 15:39:38,797 [WARN] ConditionMgr:1044 - genDependencies : Invalid condition id : UX DEVICE CLASS RTOS Condition cause : null
2025-06-27 15:39:38,797 [WARN] ConditionMgr:1044 - genDependencies : Invalid condition id : UX DEVICE CLASS RTOS Condition cause : null
2025-06-27 15:39:38,798 [WARN] ConditionMgr:1044 - genDependencies : Invalid condition id : UX DEVICE CLASS RTOS Condition cause : null
2025-06-27 15:39:38,798 [WARN] ConditionMgr:1044 - genDependencies : Invalid condition id : UX DEVICE CLASS RTOS Condition cause : null
2025-06-27 15:39:38,804 [WARN] PackLoader:240 - Cannot read IP mode file for STMicroelectronics.X-CUBE-GNSS1.7.0.1
2025-06-27 15:39:38,809 [WARN] PackLoader:240 - Cannot read IP mode file for STMicroelectronics.X-CUBE-TOUCHGFX.4.25.0
2025-06-27 15:39:38,816 [WARN] PackLoader:240 - Cannot read IP mode file for STMicroelectronics.FP-SNS-STBOX1.2.0.0
2025-06-27 15:39:38,830 [WARN] PackLoader:240 - Cannot read IP mode file for STMicroelectronics.X-CUBE-SUBG2.5.0.0
2025-06-27 15:39:38,858 [WARN] PackLoader:240 - Cannot read IP mode file for STMicroelectronics.X-CUBE-AZRTOS-H7RS.1.1.0
2025-06-27 15:39:38,865 [WARN] PackLoader:240 - Cannot read IP mode file for Cesanta.I-CUBE-Mongoose.7.13.0
2025-06-27 15:39:38,881 [WARN] PackLoader:240 - Cannot read IP mode file for STMicroelectronics.X-CUBE-AZRTOS-G4.2.0.0
2025-06-27 15:39:38,887 [WARN] PackLoader:240 - Cannot read IP mode file for wolfSSL.I-CUBE-wolfSSH.1.4.20
2025-06-27 15:39:38,892 [WARN] PackLoader:240 - Cannot read IP mode file for STMicroelectronics.X-CUBE-NFC7.2.0.0
2025-06-27 15:39:38,907 [WARN] PackLoader:240 - Cannot read IP mode file for STMicroelectronics.X-CUBE-IPS.3.1.0
2025-06-27 15:39:38,918 [WARN] PackLoader:240 - Cannot read IP mode file for STMicroelectronics.X-CUBE-ALS.1.0.2
2025-06-27 15:39:38,923 [WARN] PackLoader:240 - Cannot read IP mode file for portGmbH.I-Cube-SoM-uGOAL.1.1.0
2025-06-27 15:39:38,936 [WARN] PackLoader:240 - Cannot read IP mode file for STMicroelectronics.X-CUBE-TOF1.3.4.2
2025-06-27 15:39:38,960 [WARN] PackLoader:240 - Cannot read IP mode file for STMicroelectronics.X-CUBE-TOF1.3.4.3
2025-06-27 15:39:38,975 [INFO] ThirdParty:978 - Integrity check success = true
2025-06-27 15:39:38,976 [INFO] IntegrityCheckThread:100 - exiting critical section [integrity check]
2025-06-27 15:39:38,976 [INFO] IntegrityCheckThread:103 - End integrity checks thread
2025-06-27 15:40:12,743 [INFO] WebApp:194 - Connection lost
2025-06-27 15:40:12,983 [INFO] WebApp:191 - Connection restablished
2025-06-27 15:40:15,029 [INFO] WebApp:194 - Connection lost
2025-06-27 15:40:15,179 [INFO] WebApp:191 - Connection restablished
2025-06-27 15:41:22,200 [INFO] WebApp:194 - Connection lost
2025-06-27 16:16:36,729 [ERROR] LogOutputStream:75 - [STDERR_REDIRECT] 
