2025-06-21 13:48:03,500 [INFO] Activator:176 - 


2025-06-21 13:48:03,501 [INFO] Activator:177 - !SESSION log4j initialized
2025-06-21 13:48:04,825 [INFO] LogOutputStream:77 - [STDOUT_REDIRECT] 
2025-06-21 13:48:06,450 [INFO] ApplicationProperties:184 - Using Application install path: /opt/st/stm32cubeide_1.18.0/plugins/com.st.stm32cube.common.mx_6.14.0.202502271554
2025-06-21 13:48:06,462 [INFO] DbMcusXml:78 - Set database path to: /opt/st/stm32cubeide_1.18.0/plugins/com.st.stm32cube.common.mx_6.14.0.202502271554//db//mcu/
2025-06-21 13:48:06,462 [INFO] ApiDb:274 - Set plugin database path to: /opt/st/stm32cubeide_1.18.0/plugins/com.st.stm32cube.common.mx_6.14.0.202502271554//db//plugins/boardmanager/
2025-06-21 13:48:06,462 [WARN] ApiDb:259 - Overriding images path with different value:  => /opt/st/stm32cubeide_1.18.0/plugins/com.st.stm32cube.common.mx_6.14.0.202502271554//db//plugins/mcufinder/images/
2025-06-21 13:48:06,465 [INFO] ApiDb:250 - Set database path to: /home/b/.stmcufinder/plugins/mcufinder//mcu/
2025-06-21 13:48:06,466 [INFO] DbMcusAds:125 - Set database path to: /home/b/.stmcufinder/plugins/mcufinder//mcu/
2025-06-21 13:48:06,467 [INFO] CrossReferenceDbSqlite:203 - Set database path to: /home/b/.stmcufinder/plugins/mcufinder//mcu/cs/
2025-06-21 13:48:06,553 [INFO] RulesReader:64 - Compatibility file has been processed (301 Rules)
2025-06-21 13:48:06,598 [INFO] DbMcusXml:78 - Set database path to: /opt/st/stm32cubeide_1.18.0/plugins/com.st.stm32cube.common.mx_6.14.0.202502271554//db//mcu/
2025-06-21 13:48:06,598 [INFO] ApiDb:274 - Set plugin database path to: /opt/st/stm32cubeide_1.18.0/plugins/com.st.stm32cube.common.mx_6.14.0.202502271554//db//plugins/boardmanager/
2025-06-21 13:48:06,598 [INFO] ApiDb:261 - Set plugin images path to: /opt/st/stm32cubeide_1.18.0/plugins/com.st.stm32cube.common.mx_6.14.0.202502271554//db//plugins/mcufinder/images/
2025-06-21 13:48:06,598 [WARN] DbFile:41 - Overriding database path with different value: /home/b/.stmcufinder/plugins/mcufinder/ => /home/b/.stmcufinder/plugins/mcufinder
2025-06-21 13:48:06,598 [INFO] ApiDb:250 - Set database path to: /home/b/.stmcufinder/plugins/mcufinder//mcu/
2025-06-21 13:48:06,598 [WARN] DbFile:41 - Overriding database path with different value: /home/b/.stmcufinder/plugins/mcufinder/ => /home/b/.stmcufinder/plugins/mcufinder
2025-06-21 13:48:06,598 [INFO] DbMcusAds:125 - Set database path to: /home/b/.stmcufinder/plugins/mcufinder//mcu/
2025-06-21 13:48:06,598 [WARN] DbFile:41 - Overriding database path with different value: /home/b/.stmcufinder/plugins/mcufinder/ => /home/b/.stmcufinder/plugins/mcufinder
2025-06-21 13:48:06,599 [WARN] DbFile:41 - Overriding database path with different value: /home/b/.stmcufinder/plugins/mcufinder/ => /home/b/.stmcufinder/plugins/mcufinder
2025-06-21 13:48:06,599 [INFO] CrossReferenceDbSqlite:203 - Set database path to: /home/b/.stmcufinder/plugins/mcufinder//mcu/cs/
2025-06-21 13:48:06,639 [INFO] MainPanel:272 - HeapMemory: 268435456
2025-06-21 13:48:06,712 [INFO] DbMcusXml:78 - Set database path to: /opt/st/stm32cubeide_1.18.0/plugins/com.st.stm32cube.common.mx_6.14.0.202502271554//db//mcu/
2025-06-21 13:48:06,712 [INFO] ApiDb:274 - Set plugin database path to: /opt/st/stm32cubeide_1.18.0/plugins/com.st.stm32cube.common.mx_6.14.0.202502271554//db//plugins/boardmanager/
2025-06-21 13:48:06,713 [INFO] ApiDb:261 - Set plugin images path to: /opt/st/stm32cubeide_1.18.0/plugins/com.st.stm32cube.common.mx_6.14.0.202502271554//db//plugins/mcufinder/images/
2025-06-21 13:48:06,713 [WARN] DbFile:41 - Overriding database path with different value: /home/b/.stmcufinder/plugins/mcufinder/ => /home/b/.stmcufinder/plugins/mcufinder
2025-06-21 13:48:06,713 [INFO] ApiDb:250 - Set database path to: /home/b/.stmcufinder/plugins/mcufinder//mcu/
2025-06-21 13:48:06,713 [WARN] DbFile:41 - Overriding database path with different value: /home/b/.stmcufinder/plugins/mcufinder/ => /home/b/.stmcufinder/plugins/mcufinder
2025-06-21 13:48:06,713 [INFO] DbMcusAds:125 - Set database path to: /home/b/.stmcufinder/plugins/mcufinder//mcu/
2025-06-21 13:48:06,713 [WARN] DbFile:41 - Overriding database path with different value: /home/b/.stmcufinder/plugins/mcufinder/ => /home/b/.stmcufinder/plugins/mcufinder
2025-06-21 13:48:06,713 [WARN] DbFile:41 - Overriding database path with different value: /home/b/.stmcufinder/plugins/mcufinder/ => /home/b/.stmcufinder/plugins/mcufinder
2025-06-21 13:48:06,713 [INFO] CrossReferenceDbSqlite:203 - Set database path to: /home/b/.stmcufinder/plugins/mcufinder//mcu/cs/
2025-06-21 13:48:06,724 [INFO] ApplicationProperties:184 - Using Application install path: /opt/st/stm32cubeide_1.18.0/plugins/com.st.stm32cube.common.mx_6.14.0.202502271554
2025-06-21 13:48:06,726 [INFO] PluginManage:196 - Search for loadable plugins [exclusion list=, ]
2025-06-21 13:48:06,726 [INFO] PluginManage:310 - Check plugin analytics
2025-06-21 13:48:06,840 [INFO] AnalyticsPlugin:253 - Accepted Software Licenses: 
2025-06-21 13:48:06,840 [INFO] AnalyticsPlugin:255 - Accepted CMSIS Pack Licenses: ARM.CMSIS-DSP.1.15.0,ARM.CMSIS.6.0.0
2025-06-21 13:48:06,840 [INFO] AnalyticsPlugin:257 - Accepted Firmware Licenses: FW.G4.1.6.0
2025-06-21 13:48:06,842 [INFO] PluginManage:359 - Loaded plugin analytics (category:tool,tabindex:-1)
2025-06-21 13:48:06,843 [INFO] PluginManage:310 - Check plugin cadmodel
2025-06-21 13:48:06,845 [INFO] CADModel:105 - Init CAD model plugin
2025-06-21 13:48:06,846 [INFO] PluginManage:359 - Loaded plugin cadmodel (category:power,tabindex:5)
2025-06-21 13:48:06,846 [INFO] PluginManage:310 - Check plugin clock
2025-06-21 13:48:06,852 [INFO] PluginManage:359 - Loaded plugin clock (category:base,tabindex:2)
2025-06-21 13:48:06,852 [INFO] PluginManage:310 - Check plugin ddr
2025-06-21 13:48:06,854 [INFO] PluginManage:359 - Loaded plugin ddr (category:tool,tabindex:6)
2025-06-21 13:48:06,854 [INFO] PluginManage:310 - Check plugin filemanager
2025-06-21 13:48:06,955 [INFO] PluginManage:359 - Loaded plugin filemanager (category:base,tabindex:10)
2025-06-21 13:48:06,956 [INFO] PluginManage:310 - Check plugin ipmanager
2025-06-21 13:48:06,959 [INFO] PluginManage:359 - Loaded plugin ipmanager (category:base,tabindex:5)
2025-06-21 13:48:06,959 [INFO] PluginManage:310 - Check plugin lpbam
2025-06-21 13:48:06,965 [INFO] PluginManage:359 - Loaded plugin lpbam (category:base,tabindex:0)
2025-06-21 13:48:06,965 [INFO] PluginManage:310 - Check plugin memorymap
2025-06-21 13:48:06,971 [INFO] PluginManage:359 - Loaded plugin memorymap (category:base,tabindex:4)
2025-06-21 13:48:06,971 [INFO] PluginManage:310 - Check plugin pinoutandconfiguration
2025-06-21 13:48:06,976 [INFO] PluginManage:359 - Loaded plugin pinoutandconfiguration (category:base,tabindex:1)
2025-06-21 13:48:06,976 [INFO] PluginManage:310 - Check plugin pinoutconfig
2025-06-21 13:48:07,056 [WARN] SupportedApi:132 - Cannot load RTOS API schema: s4s-elt-must-match.1: The content of 'definitions' must match (annotation?, (simpleType | complexType)?, (unique | key | keyref)*)). A problem was found starting at: attribute.
2025-06-21 13:48:07,157 [INFO] PluginManage:359 - Loaded plugin pinoutconfig (category:base,tabindex:0)
2025-06-21 13:48:07,158 [INFO] PluginManage:310 - Check plugin power
2025-06-21 13:48:07,163 [INFO] PluginManage:359 - Loaded plugin power (category:power,tabindex:4)
2025-06-21 13:48:07,163 [INFO] PluginManage:310 - Check plugin projectmanager
2025-06-21 13:48:07,174 [INFO] PluginManage:359 - Loaded plugin projectmanager (category:projectmanager,tabindex:4)
2025-06-21 13:48:07,175 [INFO] PluginManage:310 - Check plugin rif
2025-06-21 13:48:07,178 [INFO] PluginManage:359 - Loaded plugin rif (category:base,tabindex:3)
2025-06-21 13:48:07,179 [INFO] PluginManage:310 - Check plugin thirdparty
2025-06-21 13:48:07,265 [INFO] PluginManage:359 - Loaded plugin thirdparty (category:base,tabindex:-1)
2025-06-21 13:48:07,266 [INFO] PluginManage:310 - Check plugin tools
2025-06-21 13:48:07,265 [WARN] IntegrityCheckThread:84 - waiting for thirdparty lock release [integrity check]
2025-06-21 13:48:07,266 [INFO] IntegrityCheckThread:86 - entering critical section [integrity check]
2025-06-21 13:48:07,266 [INFO] ThirdPartyUpdaterWithRetryManager:70 - Updater plugin not ready yet. [1/15]
2025-06-21 13:48:07,267 [INFO] PluginManage:359 - Loaded plugin tools (category:base,tabindex:7)
2025-06-21 13:48:07,267 [INFO] PluginManage:310 - Check plugin tutovideos
2025-06-21 13:48:07,375 [INFO] PluginManage:359 - Loaded plugin tutovideos (category:base,tabindex:-1)
2025-06-21 13:48:07,375 [INFO] PluginManage:310 - Check plugin updater
2025-06-21 13:48:07,397 [INFO] PluginManage:359 - Loaded plugin updater (category:base,tabindex:12)
2025-06-21 13:48:07,397 [INFO] PluginManage:310 - Check plugin userauth
2025-06-21 13:48:07,401 [INFO] UserAuth:118 - Init User Auth plugin
2025-06-21 13:48:07,402 [INFO] PluginManage:359 - Loaded plugin userauth (category:base,tabindex:14)
2025-06-21 13:48:07,403 [INFO] PluginManage:283 - PluginManage : Loaded plugins [18]
2025-06-21 13:48:07,569 [INFO] PinOutPanel:1589 - setPackage(No Configuration,No Configuration)
2025-06-21 13:48:07,630 [INFO] CADModel:165 - CPN selected for project level
2025-06-21 13:48:07,630 [INFO] CADModel:114 - Register for checkConnection events
2025-06-21 13:48:07,638 [INFO] IPUIPlugin:80 - create IPUIPlugin
2025-06-21 13:48:07,639 [INFO] PluginManager:220 - loadIPPluginJar : add fmc
2025-06-21 13:48:07,642 [INFO] IPUIPlugin:80 - create IPUIPlugin
2025-06-21 13:48:07,645 [INFO] PluginManager:220 - loadIPPluginJar : add plateformsettings
2025-06-21 13:48:07,646 [INFO] IPUIPlugin:80 - create IPUIPlugin
2025-06-21 13:48:07,646 [INFO] PluginManager:220 - loadIPPluginJar : add tim
2025-06-21 13:48:07,648 [INFO] IPUIPlugin:80 - create IPUIPlugin
2025-06-21 13:48:07,648 [INFO] PluginManager:220 - loadIPPluginJar : add touchsensing
2025-06-21 13:48:07,649 [INFO] IPUIPlugin:80 - create IPUIPlugin
2025-06-21 13:48:07,649 [INFO] PluginManager:220 - loadIPPluginJar : add usart
2025-06-21 13:48:07,650 [INFO] IPUIPlugin:80 - create IPUIPlugin
2025-06-21 13:48:07,651 [INFO] PluginManager:220 - loadIPPluginJar : add sai
2025-06-21 13:48:07,652 [INFO] IPUIPlugin:80 - create IPUIPlugin
2025-06-21 13:48:07,652 [INFO] PluginManager:220 - loadIPPluginJar : add aes
2025-06-21 13:48:07,653 [INFO] IPUIPlugin:80 - create IPUIPlugin
2025-06-21 13:48:07,653 [INFO] PluginManager:220 - loadIPPluginJar : add ucpd
2025-06-21 13:48:07,653 [INFO] IPUIPlugin:80 - create IPUIPlugin
2025-06-21 13:48:07,653 [INFO] PluginManager:220 - loadIPPluginJar : add comp
2025-06-21 13:48:07,657 [INFO] IPUIPlugin:80 - create IPUIPlugin
2025-06-21 13:48:07,657 [INFO] PluginManager:220 - loadIPPluginJar : add linkedlist
2025-06-21 13:48:07,658 [INFO] IPUIPlugin:80 - create IPUIPlugin
2025-06-21 13:48:07,658 [INFO] PluginManager:220 - loadIPPluginJar : add cryp
2025-06-21 13:48:07,659 [INFO] IPUIPlugin:80 - create IPUIPlugin
2025-06-21 13:48:07,659 [INFO] PluginManager:220 - loadIPPluginJar : add radio
2025-06-21 13:48:07,664 [INFO] IPUIPlugin:80 - create IPUIPlugin
2025-06-21 13:48:07,664 [INFO] PluginManager:220 - loadIPPluginJar : add stm32_wpan
2025-06-21 13:48:07,666 [INFO] IPUIPlugin:80 - create IPUIPlugin
2025-06-21 13:48:07,666 [INFO] PluginManager:220 - loadIPPluginJar : add gpio
2025-06-21 13:48:07,667 [INFO] IPUIPlugin:80 - create IPUIPlugin
2025-06-21 13:48:07,667 [INFO] PluginManager:220 - loadIPPluginJar : add hash
2025-06-21 13:48:07,669 [INFO] IPUIPlugin:80 - create IPUIPlugin
2025-06-21 13:48:07,669 [INFO] PluginManager:220 - loadIPPluginJar : add dfsdm
2025-06-21 13:48:07,671 [INFO] IPUIPlugin:80 - create IPUIPlugin
2025-06-21 13:48:07,671 [INFO] PluginManager:220 - loadIPPluginJar : add openamp
2025-06-21 13:48:07,672 [INFO] IPUIPlugin:80 - create IPUIPlugin
2025-06-21 13:48:07,672 [INFO] PluginManager:220 - loadIPPluginJar : add spi
2025-06-21 13:48:07,673 [INFO] IPUIPlugin:80 - create IPUIPlugin
2025-06-21 13:48:07,673 [INFO] PluginManager:220 - loadIPPluginJar : add can
2025-06-21 13:48:07,675 [INFO] IPUIPlugin:80 - create IPUIPlugin
2025-06-21 13:48:07,675 [INFO] PluginManager:220 - loadIPPluginJar : add gfxmmu
2025-06-21 13:48:07,678 [INFO] IPUIPlugin:80 - create IPUIPlugin
2025-06-21 13:48:07,678 [INFO] PluginManager:220 - loadIPPluginJar : add freertos
2025-06-21 13:48:07,679 [INFO] IPUIPlugin:80 - create IPUIPlugin
2025-06-21 13:48:07,679 [INFO] PluginManager:220 - loadIPPluginJar : add lorawan
2025-06-21 13:48:07,682 [INFO] IPUIPlugin:80 - create IPUIPlugin
2025-06-21 13:48:07,682 [INFO] PluginManager:220 - loadIPPluginJar : add gic
2025-06-21 13:48:07,687 [INFO] IPUIPlugin:80 - create IPUIPlugin
2025-06-21 13:48:07,687 [INFO] PluginManager:220 - loadIPPluginJar : add adc
2025-06-21 13:48:07,690 [INFO] IPUIPlugin:80 - create IPUIPlugin
2025-06-21 13:48:07,690 [INFO] PluginManager:220 - loadIPPluginJar : add ipddr
2025-06-21 13:48:07,691 [INFO] IPUIPlugin:80 - create IPUIPlugin
2025-06-21 13:48:07,692 [INFO] PluginManager:220 - loadIPPluginJar : add tracer_emb
2025-06-21 13:48:07,693 [INFO] IPUIPlugin:80 - create IPUIPlugin
2025-06-21 13:48:07,694 [INFO] PluginManager:220 - loadIPPluginJar : add ddr_ctrl_phy
2025-06-21 13:48:07,695 [INFO] IPUIPlugin:80 - create IPUIPlugin
2025-06-21 13:48:07,695 [INFO] PluginManager:220 - loadIPPluginJar : add tsc
2025-06-21 13:48:07,696 [INFO] IPUIPlugin:80 - create IPUIPlugin
2025-06-21 13:48:07,696 [INFO] PluginManager:220 - loadIPPluginJar : add i2s
2025-06-21 13:48:07,698 [INFO] IPUIPlugin:80 - create IPUIPlugin
2025-06-21 13:48:07,698 [INFO] PluginManager:220 - loadIPPluginJar : add ts
2025-06-21 13:48:07,700 [INFO] IPUIPlugin:80 - create IPUIPlugin
2025-06-21 13:48:07,700 [INFO] PluginManager:220 - loadIPPluginJar : add nvic
2025-06-21 13:48:07,702 [INFO] IPUIPlugin:80 - create IPUIPlugin
2025-06-21 13:48:07,702 [INFO] PluginManager:220 - loadIPPluginJar : add resmgrutility
2025-06-21 13:48:07,704 [INFO] IPUIPlugin:80 - create IPUIPlugin
2025-06-21 13:48:07,704 [INFO] PluginManager:220 - loadIPPluginJar : add usbx
2025-06-21 13:48:07,705 [INFO] IPUIPlugin:80 - create IPUIPlugin
2025-06-21 13:48:07,705 [INFO] PluginManager:220 - loadIPPluginJar : add genericplugin
2025-06-21 13:48:07,706 [INFO] IPUIPlugin:80 - create IPUIPlugin
2025-06-21 13:48:07,706 [INFO] PluginManager:220 - loadIPPluginJar : add fatfs
2025-06-21 13:48:07,707 [INFO] IPUIPlugin:80 - create IPUIPlugin
2025-06-21 13:48:07,708 [INFO] PluginManager:220 - loadIPPluginJar : add dma3
2025-06-21 13:48:07,709 [INFO] IPUIPlugin:80 - create IPUIPlugin
2025-06-21 13:48:07,709 [INFO] PluginManager:220 - loadIPPluginJar : add gtzc
2025-06-21 13:48:07,711 [INFO] IPUIPlugin:80 - create IPUIPlugin
2025-06-21 13:48:07,711 [INFO] PluginManager:220 - loadIPPluginJar : add i3c
2025-06-21 13:48:07,714 [INFO] IPUIPlugin:80 - create IPUIPlugin
2025-06-21 13:48:07,714 [INFO] PluginManager:220 - loadIPPluginJar : add extmemmanager
2025-06-21 13:48:07,718 [INFO] IPUIPlugin:80 - create IPUIPlugin
2025-06-21 13:48:07,718 [INFO] PluginManager:220 - loadIPPluginJar : add mdma
2025-06-21 13:48:07,723 [INFO] IPUIPlugin:80 - create IPUIPlugin
2025-06-21 13:48:07,724 [INFO] PluginManager:220 - loadIPPluginJar : add dma
2025-06-21 13:48:07,725 [INFO] IPUIPlugin:80 - create IPUIPlugin
2025-06-21 13:48:07,726 [INFO] PluginManager:220 - loadIPPluginJar : add pdm2pcm
2025-06-21 13:48:07,726 [INFO] IPUIPlugin:80 - create IPUIPlugin
2025-06-21 13:48:07,726 [INFO] PluginManager:220 - loadIPPluginJar : add quadspi
2025-06-21 13:48:07,728 [INFO] IPUIPlugin:80 - create IPUIPlugin
2025-06-21 13:48:07,728 [INFO] PluginManager:220 - loadIPPluginJar : add opamp
2025-06-21 13:48:07,730 [INFO] IPUIPlugin:80 - create IPUIPlugin
2025-06-21 13:48:07,730 [INFO] PluginManager:220 - loadIPPluginJar : add i2c
2025-06-21 13:48:07,731 [INFO] IPUIPlugin:80 - create IPUIPlugin
2025-06-21 13:48:07,731 [INFO] PluginManager:220 - loadIPPluginJar : add ltdc
2025-06-21 13:48:07,828 [FATAL] Updater:351 - Updater called before beeing initialized
2025-06-21 13:48:07,851 [INFO] RulesReader:64 - Compatibility file has been processed (301 Rules)
2025-06-21 13:48:07,862 [INFO] RulesReader:64 - Compatibility file has been processed (301 Rules)
2025-06-21 13:48:07,868 [INFO] CADModel:165 - CPN selected for project level
2025-06-21 13:48:07,868 [INFO] CADModel:114 - Register for checkConnection events
2025-06-21 13:48:07,868 [FATAL] Updater:351 - Updater called before beeing initialized
2025-06-21 13:48:07,868 [ERROR] CADModel:125 - Updater not yet initialized, retry later 
2025-06-21 13:48:07,967 [FATAL] Updater:351 - Updater called before beeing initialized
2025-06-21 13:48:07,969 [INFO] CADModel:165 - CPN selected for project level
2025-06-21 13:48:07,969 [INFO] CADModel:114 - Register for checkConnection events
2025-06-21 13:48:07,969 [FATAL] Updater:351 - Updater called before beeing initialized
2025-06-21 13:48:07,969 [ERROR] CADModel:125 - Updater not yet initialized, retry later 
2025-06-21 13:48:07,971 [FATAL] Updater:351 - Updater called before beeing initialized
2025-06-21 13:48:08,039 [FATAL] Updater:351 - Updater called before beeing initialized
2025-06-21 13:48:08,042 [INFO] DbMcusAds:53 - JSON generation date=Wed May 07 16:07:55 ICT 2025 (1746608875484)
2025-06-21 13:48:08,042 [FATAL] Updater:351 - Updater called before beeing initialized
2025-06-21 13:48:08,067 [WARN] DetailPanel:346 - Failed to get advertising image, set to default
2025-06-21 13:48:08,309 [FATAL] Updater:351 - Updater called before beeing initialized
2025-06-21 13:48:08,310 [FATAL] Updater:351 - Updater called before beeing initialized
2025-06-21 13:48:08,310 [FATAL] Updater:351 - Updater called before beeing initialized
2025-06-21 13:48:08,310 [WARN] DetailPanel:346 - Failed to get advertising image, set to default
2025-06-21 13:48:08,311 [FATAL] Updater:351 - Updater called before beeing initialized
2025-06-21 13:48:08,340 [ERROR] Updater:1198 - MainUpdater not yet initialized. External WinMGr cannot be set.
2025-06-21 13:48:08,341 [INFO] Updater:1134 - Updater Version found : 6.14.0
2025-06-21 13:48:08,354 [INFO] ApplicationProperties:184 - Using Application install path: /opt/st/stm32cubeide_1.18.0/plugins/com.st.stm32cube.common.mx_6.14.0.202502271554
2025-06-21 13:48:08,576 [INFO] MainUpdater:2872 - connection check result : 10
2025-06-21 13:48:08,577 [INFO] MainUpdater:289 - Updater Check For Update Now.
2025-06-21 13:48:08,577 [INFO] MicroXplorer:498 - Change Database Version : DB.6.0.140
2025-06-21 13:48:08,581 [INFO] McuFinderGlobals:63 - Set McuFinder mode to 2 (CubeIDE integrated)
2025-06-21 13:48:08,581 [INFO] UserAuth:171 - activating auth plugin
2025-06-21 13:48:08,584 [INFO] UserAuth:486 - Internet connection configuration mode: 1
2025-06-21 13:48:08,593 [INFO] JxBrowserEngine:152 - Initiate JxBrowser Engine with user profile folder
2025-06-21 13:48:08,760 [INFO] CheckServerUpdateThread:120 - End of CheckServer Thread
2025-06-21 13:48:09,084 [INFO] WebApp:169 - Instantiating new browser for Auth
2025-06-21 13:48:09,604 [INFO] WebApp:463 - Apply proxy settings
2025-06-21 13:48:09,605 [INFO] WebApp:548 - Chromium requires no authentication
2025-06-21 13:48:09,612 [INFO] WebApp:491 - Direct internet connection detected
2025-06-21 13:48:09,630 [INFO] WebApp:894 - Register for checkConnection events
2025-06-21 13:48:09,630 [INFO] WebApp:463 - Apply proxy settings
2025-06-21 13:48:09,630 [INFO] WebApp:548 - Chromium requires no authentication
2025-06-21 13:48:09,631 [INFO] WebApp:491 - Direct internet connection detected
2025-06-21 13:48:09,749 [INFO] WebApp:225 - Starting web application
2025-06-21 13:48:09,749 [INFO] WebApp:593 - Web application path used /opt/st/stm32cubeide_1.18.0/plugins/com.st.stm32cube.common.mx_6.14.0.202502271554/db/plugins/mcufinder/reactClient1/index.html
2025-06-21 13:48:09,924 [INFO] WebApp:191 - Connection restablished
2025-06-21 13:48:10,365 [WARN] PackLoader:240 - Cannot read IP mode file for STMicroelectronics.FP-SNS-MOTENVWB1.1.4.0
2025-06-21 13:48:10,370 [WARN] PackLoader:240 - Cannot read IP mode file for STMicroelectronics.FP-ATR-ASTRA1.2.0.2
2025-06-21 13:48:10,376 [WARN] PackLoader:240 - Cannot read IP mode file for STMicroelectronics.X-CUBE-SMBUS.2.1.0
2025-06-21 13:48:10,384 [WARN] PackLoader:240 - Cannot read IP mode file for STMicroelectronics.X-CUBE-WB05N.1.1.0
2025-06-21 13:48:10,391 [WARN] PackLoader:240 - Cannot read IP mode file for STMicroelectronics.X-CUBE-ST60.1.0.0
2025-06-21 13:48:10,438 [WARN] PackLoader:240 - Cannot read IP mode file for STMicroelectronics.X-CUBE-AZRTOS-F7.1.1.0
2025-06-21 13:48:10,483 [WARN] PackLoader:240 - Cannot read IP mode file for Infineon.AIROC-Wi-Fi-Bluetooth-STM32.1.7.0
2025-06-21 13:48:10,496 [WARN] PackLoader:240 - Cannot read IP mode file for STMicroelectronics.X-CUBE-DISPLAY.3.0.0
2025-06-21 13:48:10,504 [WARN] PackLoader:240 - Cannot read IP mode file for STMicroelectronics.X-CUBE-NFC10.1.0.0
2025-06-21 13:48:10,513 [WARN] PackLoader:240 - Cannot read IP mode file for STMicroelectronics.X-CUBE-BLEMGR.4.0.0
2025-06-21 13:48:10,519 [WARN] PackLoader:240 - Cannot read IP mode file for emotas.I-CUBE-CANOPEN.1.3.0
2025-06-21 13:48:10,522 [WARN] ConditionMgr:438 - getConditionDescription Invalid condition id : Cortex-A Device cause : null
2025-06-21 13:48:10,531 [WARN] ConditionMgr:1044 - genDependencies : Invalid condition id : Cortex-A Device cause : null
2025-06-21 13:48:10,531 [WARN] ConditionMgr:1044 - genDependencies : Invalid condition id : Cortex-A Device cause : null
2025-06-21 13:48:10,531 [WARN] ConditionMgr:1044 - genDependencies : Invalid condition id : Cortex-A Device cause : null
2025-06-21 13:48:10,535 [WARN] PackLoader:240 - Cannot read IP mode file for STMicroelectronics.X-CUBE-AI.10.0.0
2025-06-21 13:48:10,539 [WARN] PackLoader:240 - Cannot read IP mode file for STMicroelectronics.FP-SNS-SMARTAG2.1.2.0
2025-06-21 13:48:10,542 [WARN] PackLoader:240 - Cannot read IP mode file for STMicroelectronics.FP-SNS-FLIGHT1.5.1.0
2025-06-21 13:48:10,586 [WARN] PackLoader:240 - Cannot read IP mode file for STMicroelectronics.X-CUBE-MEMS1.11.1.0
2025-06-21 13:48:10,740 [INFO] LogOutputStream:77 - [STDOUT_REDIRECT] 1 : Invalid condition id : UX_CORESTACK_Condition cause : null
2025-06-21 13:48:10,741 [INFO] LogOutputStream:77 - [STDOUT_REDIRECT] 1 : Invalid condition id : UX_CORESTACK_Condition cause : null
2025-06-21 13:48:10,741 [INFO] LogOutputStream:77 - [STDOUT_REDIRECT] 1 : Invalid condition id : UX_CORESTACK_Condition cause : null
2025-06-21 13:48:10,741 [INFO] LogOutputStream:77 - [STDOUT_REDIRECT] 1 : Invalid condition id : UX_CORESTACK_Condition cause : null
2025-06-21 13:48:10,742 [INFO] LogOutputStream:77 - [STDOUT_REDIRECT] 1 : Invalid condition id : UX_CORESTACK_Condition cause : null
2025-06-21 13:48:10,746 [WARN] PackLoader:240 - Cannot read IP mode file for STMicroelectronics.X-CUBE-AZRTOS-WL.2.0.0
2025-06-21 13:48:10,752 [WARN] PackLoader:240 - Cannot read IP mode file for STMicroelectronics.FP-SNS-MOTENV1.5.0.0
2025-06-21 13:48:10,776 [WARN] PackLoader:240 - Cannot read IP mode file for WES.I-CUBE-Cesium.1.3.0
2025-06-21 13:48:10,780 [WARN] PackLoader:240 - Cannot read IP mode file for STMicroelectronics.X-CUBE-BLE2.3.3.0
2025-06-21 13:48:10,786 [WARN] PackLoader:240 - Cannot read IP mode file for STMicroelectronics.X-CUBE-NFC9.1.0.0
2025-06-21 13:48:10,791 [WARN] PackLoader:240 - Cannot read IP mode file for STMicroelectronics.X-CUBE-BLE1.7.1.0
2025-06-21 13:48:10,795 [WARN] PackLoader:240 - Cannot read IP mode file for wolfSSL.I-CUBE-wolfMQTT.1.19.2
2025-06-21 13:48:10,798 [WARN] PackLoader:240 - Cannot read IP mode file for STMicroelectronics.X-CUBE-AI.10.1.0
2025-06-21 13:48:10,835 [WARN] PackLoader:240 - Cannot read IP mode file for STMicroelectronics.X-CUBE-MEMS1.11.2.0
2025-06-21 13:48:10,921 [WARN] PackLoader:240 - Cannot read IP mode file for STMicroelectronics.X-CUBE-AZRTOS-G0.1.1.0
2025-06-21 13:48:10,926 [WARN] PackLoader:240 - Cannot read IP mode file for STMicroelectronics.X-CUBE-SAFEA1.1.2.2
2025-06-21 13:48:10,929 [WARN] PackLoader:240 - Cannot read IP mode file for STMicroelectronics.X-CUBE-NFC4.3.0.0
2025-06-21 13:48:10,936 [WARN] PackLoader:240 - Cannot read IP mode file for EmbeddedOffice.I-CUBE-FS-RTOS.1.0.1
2025-06-21 13:48:10,940 [WARN] PackLoader:240 - Cannot read IP mode file for STMicroelectronics.X-CUBE-WB05N.2.0.0
2025-06-21 13:48:10,942 [WARN] PackLoader:240 - Cannot read IP mode file for wolfSSL.I-CUBE-wolfTPM.3.8.0
2025-06-21 13:48:10,945 [WARN] PackLoader:240 - Cannot read IP mode file for STMicroelectronics.X-CUBE-TCPP.4.2.0
2025-06-21 13:48:10,950 [WARN] PackLoader:240 - Cannot read IP mode file for RealThread.X-CUBE-RT-Thread_Nano.4.1.1
2025-06-21 13:48:10,953 [WARN] PackLoader:240 - Cannot read IP mode file for STMicroelectronics.FP-ATR-SIGFOX1.3.2.0
2025-06-21 13:48:10,958 [WARN] PackLoader:240 - Cannot read IP mode file for STMicroelectronics.X-CUBE-EEPRMA1.5.1.0
2025-06-21 13:48:10,962 [WARN] PackLoader:240 - Cannot read IP mode file for wolfSSL.I-CUBE-wolfSSL.5.7.6
2025-06-21 13:48:10,966 [WARN] PackLoader:240 - Cannot read IP mode file for ITTIA_DB.I-CUBE-ITTIADB.8.9.0
2025-06-21 13:48:10,969 [WARN] PackLoader:240 - Cannot read IP mode file for STMicroelectronics.X-CUBE-ST67W61.1.0.0
2025-06-21 13:48:10,983 [WARN] PackLoader:240 - Cannot read IP mode file for SEGGER.I-CUBE-embOS.1.3.1
2025-06-21 13:48:11,014 [WARN] PackLoader:240 - Cannot read IP mode file for STMicroelectronics.X-CUBE-ALGOBUILD.1.4.0
2025-06-21 13:48:11,038 [WARN] PackLoader:240 - Cannot read IP mode file for STMicroelectronics.X-CUBE-MEMS1.11.3.0
2025-06-21 13:48:11,110 [WARN] PackLoader:240 - Cannot read IP mode file for STMicroelectronics.X-CUBE-PM33A1.1.0.0
2025-06-21 13:48:11,128 [WARN] PackLoader:240 - Cannot read IP mode file for STMicroelectronics.X-CUBE-AZRTOS-F4.1.1.0
2025-06-21 13:48:11,134 [WARN] PackLoader:240 - Cannot read IP mode file for Avnet-IotConnect.X-CUBE-IoTC-DA16k-PMOD.1.0.0
2025-06-21 13:48:11,137 [WARN] PackLoader:240 - Cannot read IP mode file for STMicroelectronics.X-CUBE-ISPU.2.1.0
2025-06-21 13:48:11,155 [WARN] PackLoader:240 - Cannot read IP mode file for STMicroelectronics.X-CUBE-AZRTOS-L5.2.0.0
2025-06-21 13:48:11,164 [WARN] PackLoader:240 - Cannot read IP mode file for STMicroelectronics.X-CUBE-NFC6.3.1.0
2025-06-21 13:48:11,194 [WARN] PackLoader:240 - Cannot read IP mode file for STMicroelectronics.X-CUBE-FREERTOS.1.3.1
2025-06-21 13:48:11,198 [WARN] PackLoader:240 - Cannot read IP mode file for STMicroelectronics.X-CUBE-FREERTOS.1.3.0
2025-06-21 13:48:11,202 [WARN] PackLoader:240 - Cannot read IP mode file for STMicroelectronics.X-CUBE-NFC7.1.0.1
2025-06-21 13:48:11,207 [WARN] PackLoader:240 - Cannot read IP mode file for STMicroelectronics.X-CUBE-DPower.1.3.0
2025-06-21 13:48:11,222 [WARN] ConditionMgr:438 - getConditionDescription Invalid condition id : LAN8742 Phy interface Condition cause : null
2025-06-21 13:48:11,222 [WARN] PackLoader:240 - Cannot read IP mode file for STMicroelectronics.X-CUBE-AZRTOS-L4.2.0.0
2025-06-21 13:48:11,223 [WARN] ConditionMgr:1044 - genDependencies : Invalid condition id : LAN8742 Phy interface Condition cause : null
2025-06-21 13:48:11,223 [WARN] ConditionMgr:1044 - genDependencies : Invalid condition id : LAN8742 Phy interface Condition cause : null
2025-06-21 13:48:11,223 [WARN] ConditionMgr:1044 - genDependencies : Invalid condition id : LAN8742 Phy interface Condition cause : null
2025-06-21 13:48:11,246 [WARN] PackLoader:240 - Cannot read IP mode file for STMicroelectronics.X-CUBE-SFXS2LP1.4.0.0
2025-06-21 13:48:11,258 [WARN] PackLoader:240 - Cannot read IP mode file for STMicroelectronics.X-CUBE-AZRTOS-H7.3.3.0
2025-06-21 13:48:11,267 [WARN] ConditionMgr:438 - getConditionDescription Invalid condition id : UX DEVICE CLASS RTOS Condition cause : null
2025-06-21 13:48:11,267 [WARN] ConditionMgr:438 - getConditionDescription Invalid condition id : UX DEVICE CLASS RTOS Condition cause : null
2025-06-21 13:48:11,268 [WARN] PackLoader:240 - Cannot read IP mode file for STMicroelectronics.X-CUBE-AZRTOS-WB.2.0.0
2025-06-21 13:48:11,269 [WARN] ConditionMgr:1044 - genDependencies : Invalid condition id : UX DEVICE CLASS RTOS Condition cause : null
2025-06-21 13:48:11,269 [WARN] ConditionMgr:1044 - genDependencies : Invalid condition id : UX DEVICE CLASS RTOS Condition cause : null
2025-06-21 13:48:11,269 [WARN] ConditionMgr:1044 - genDependencies : Invalid condition id : UX DEVICE CLASS RTOS Condition cause : null
2025-06-21 13:48:11,269 [WARN] ConditionMgr:1044 - genDependencies : Invalid condition id : UX DEVICE CLASS RTOS Condition cause : null
2025-06-21 13:48:11,269 [WARN] ConditionMgr:1044 - genDependencies : Invalid condition id : UX DEVICE CLASS RTOS Condition cause : null
2025-06-21 13:48:11,272 [WARN] PackLoader:240 - Cannot read IP mode file for STMicroelectronics.X-CUBE-GNSS1.7.0.1
2025-06-21 13:48:11,275 [WARN] PackLoader:240 - Cannot read IP mode file for STMicroelectronics.X-CUBE-TOUCHGFX.4.25.0
2025-06-21 13:48:11,278 [WARN] PackLoader:240 - Cannot read IP mode file for STMicroelectronics.FP-SNS-STBOX1.2.0.0
2025-06-21 13:48:11,284 [WARN] PackLoader:240 - Cannot read IP mode file for STMicroelectronics.X-CUBE-SUBG2.5.0.0
2025-06-21 13:48:11,297 [WARN] PackLoader:240 - Cannot read IP mode file for STMicroelectronics.X-CUBE-AZRTOS-H7RS.1.1.0
2025-06-21 13:48:11,300 [WARN] PackLoader:240 - Cannot read IP mode file for Cesanta.I-CUBE-Mongoose.7.13.0
2025-06-21 13:48:11,308 [WARN] PackLoader:240 - Cannot read IP mode file for STMicroelectronics.X-CUBE-AZRTOS-G4.2.0.0
2025-06-21 13:48:11,310 [WARN] PackLoader:240 - Cannot read IP mode file for wolfSSL.I-CUBE-wolfSSH.1.4.20
2025-06-21 13:48:11,313 [WARN] PackLoader:240 - Cannot read IP mode file for STMicroelectronics.X-CUBE-NFC7.2.0.0
2025-06-21 13:48:11,319 [WARN] PackLoader:240 - Cannot read IP mode file for STMicroelectronics.X-CUBE-IPS.3.1.0
2025-06-21 13:48:11,324 [WARN] PackLoader:240 - Cannot read IP mode file for STMicroelectronics.X-CUBE-ALS.1.0.2
2025-06-21 13:48:11,330 [WARN] PackLoader:240 - Cannot read IP mode file for portGmbH.I-Cube-SoM-uGOAL.1.1.0
2025-06-21 13:48:11,336 [WARN] PackLoader:240 - Cannot read IP mode file for STMicroelectronics.X-CUBE-TOF1.3.4.2
2025-06-21 13:48:11,347 [WARN] PackLoader:240 - Cannot read IP mode file for STMicroelectronics.X-CUBE-TOF1.3.4.3
2025-06-21 13:48:11,354 [INFO] ThirdParty:978 - Integrity check success = true
2025-06-21 13:48:11,354 [INFO] IntegrityCheckThread:100 - exiting critical section [integrity check]
2025-06-21 13:48:11,354 [INFO] IntegrityCheckThread:103 - End integrity checks thread
2025-06-21 13:50:05,331 [INFO] WebApp:194 - Connection lost
2025-06-21 13:50:05,522 [INFO] WebApp:191 - Connection restablished
2025-06-21 14:26:19,089 [INFO] WebApp:194 - Connection lost
2025-06-21 14:26:19,287 [INFO] WebApp:191 - Connection restablished
2025-06-21 14:26:22,275 [INFO] WebApp:194 - Connection lost
2025-06-21 14:26:22,825 [INFO] WebApp:191 - Connection restablished
2025-06-21 16:47:03,734 [ERROR] LogOutputStream:75 - [STDERR_REDIRECT] 
