[0.073s] DEBUG:colcon:Command line arguments: ['/usr/bin/colcon', 'build', '--packages-up-to', 'micro_ros_agent', '--cmake-args', '-DUAGENT_BUILD_EXECUTABLE=OFF', '-DUAGENT_P2P_PROFILE=OFF', '--no-warn-unused-cli']
[0.073s] DEBUG:colcon:Parsed command line arguments: Namespace(log_base=None, log_level=None, verb_name='build', build_base='build', install_base='install', merge_install=False, symlink_install=False, test_result_base=None, continue_on_error=False, executor='parallel', parallel_workers=12, event_handlers=None, ignore_user_meta=False, metas=['./colcon.meta'], base_paths=['.'], packages_ignore=None, packages_ignore_regex=None, paths=None, packages_up_to=['micro_ros_agent'], packages_up_to_regex=None, packages_above=None, packages_above_and_dependencies=None, packages_above_depth=None, packages_select_by_dep=None, packages_skip_by_dep=None, packages_skip_up_to=None, packages_select_build_failed=False, packages_skip_build_finished=False, packages_select_test_failures=False, packages_skip_test_passed=False, packages_select=None, packages_skip=None, packages_select_regex=None, packages_skip_regex=None, packages_start=None, packages_end=None, allow_overriding=[], cmake_args=['-DUAGENT_BUILD_EXECUTABLE=OFF', '-DUAGENT_P2P_PROFILE=OFF', '--no-warn-unused-cli'], cmake_target=None, cmake_target_skip_unavailable=False, cmake_clean_cache=False, cmake_clean_first=False, cmake_force_configure=False, ament_cmake_args=None, catkin_cmake_args=None, catkin_skip_building_tests=False, mixin_files=None, mixin=None, verb_parser=<colcon_mixin.mixin.mixin_argument.MixinArgumentDecorator object at 0x79322a35ec20>, verb_extension=<colcon_core.verb.build.BuildVerb object at 0x79322a3205b0>, main=<bound method BuildVerb.main of <colcon_core.verb.build.BuildVerb object at 0x79322a3205b0>>, mixin_verb=('build',))
[0.186s] Level 1:colcon.colcon_core.package_discovery:discover_packages(colcon_meta) check parameters
[0.186s] Level 1:colcon.colcon_core.package_discovery:discover_packages(recursive) check parameters
[0.186s] Level 1:colcon.colcon_core.package_discovery:discover_packages(ignore) check parameters
[0.186s] Level 1:colcon.colcon_core.package_discovery:discover_packages(path) check parameters
[0.186s] Level 1:colcon.colcon_core.package_discovery:discover_packages(colcon_meta) discover
[0.186s] Level 1:colcon.colcon_core.package_discovery:discover_packages(recursive) discover
[0.186s] INFO:colcon.colcon_core.package_discovery:Crawling recursively for packages in '/home/b/cleaner_ws'
[0.186s] Level 1:colcon.colcon_core.package_identification:_identify(.) by extensions ['ignore', 'ignore_ament_install']
[0.186s] Level 1:colcon.colcon_core.package_identification:_identify(.) by extension 'ignore'
[0.186s] Level 1:colcon.colcon_core.package_identification:_identify(.) by extension 'ignore_ament_install'
[0.186s] Level 1:colcon.colcon_core.package_identification:_identify(.) by extensions ['colcon_pkg']
[0.186s] Level 1:colcon.colcon_core.package_identification:_identify(.) by extension 'colcon_pkg'
[0.186s] Level 1:colcon.colcon_core.package_identification:_identify(.) by extensions ['colcon_meta']
[0.186s] Level 1:colcon.colcon_core.package_identification:_identify(.) by extension 'colcon_meta'
[0.186s] Level 1:colcon.colcon_core.package_identification:_identify(.) by extensions ['ros']
[0.186s] Level 1:colcon.colcon_core.package_identification:_identify(.) by extension 'ros'
[0.193s] Level 1:colcon.colcon_core.package_identification:_identify(.) by extensions ['cmake', 'python']
[0.193s] Level 1:colcon.colcon_core.package_identification:_identify(.) by extension 'cmake'
[0.194s] Level 1:colcon.colcon_core.package_identification:_identify(.) by extension 'python'
[0.194s] Level 1:colcon.colcon_core.package_identification:_identify(.) by extensions ['python_setup_py']
[0.194s] Level 1:colcon.colcon_core.package_identification:_identify(.) by extension 'python_setup_py'
[0.194s] Level 1:colcon.colcon_core.package_identification:_identify(build) by extensions ['ignore', 'ignore_ament_install']
[0.194s] Level 1:colcon.colcon_core.package_identification:_identify(build) by extension 'ignore'
[0.194s] Level 1:colcon.colcon_core.package_identification:_identify(build) ignored
[0.194s] Level 1:colcon.colcon_core.package_identification:_identify(install) by extensions ['ignore', 'ignore_ament_install']
[0.194s] Level 1:colcon.colcon_core.package_identification:_identify(install) by extension 'ignore'
[0.194s] Level 1:colcon.colcon_core.package_identification:_identify(install) ignored
[0.194s] Level 1:colcon.colcon_core.package_identification:_identify(log) by extensions ['ignore', 'ignore_ament_install']
[0.194s] Level 1:colcon.colcon_core.package_identification:_identify(log) by extension 'ignore'
[0.194s] Level 1:colcon.colcon_core.package_identification:_identify(log) ignored
[0.194s] Level 1:colcon.colcon_core.package_identification:_identify(src) by extensions ['ignore', 'ignore_ament_install']
[0.194s] Level 1:colcon.colcon_core.package_identification:_identify(src) by extension 'ignore'
[0.194s] Level 1:colcon.colcon_core.package_identification:_identify(src) by extension 'ignore_ament_install'
[0.194s] Level 1:colcon.colcon_core.package_identification:_identify(src) by extensions ['colcon_pkg']
[0.194s] Level 1:colcon.colcon_core.package_identification:_identify(src) by extension 'colcon_pkg'
[0.194s] Level 1:colcon.colcon_core.package_identification:_identify(src) by extensions ['colcon_meta']
[0.194s] Level 1:colcon.colcon_core.package_identification:_identify(src) by extension 'colcon_meta'
[0.194s] Level 1:colcon.colcon_core.package_identification:_identify(src) by extensions ['ros']
[0.194s] Level 1:colcon.colcon_core.package_identification:_identify(src) by extension 'ros'
[0.194s] Level 1:colcon.colcon_core.package_identification:_identify(src) by extensions ['cmake', 'python']
[0.194s] Level 1:colcon.colcon_core.package_identification:_identify(src) by extension 'cmake'
[0.194s] Level 1:colcon.colcon_core.package_identification:_identify(src) by extension 'python'
[0.194s] Level 1:colcon.colcon_core.package_identification:_identify(src) by extensions ['python_setup_py']
[0.194s] Level 1:colcon.colcon_core.package_identification:_identify(src) by extension 'python_setup_py'
[0.194s] Level 1:colcon.colcon_core.package_identification:_identify(src/micro_ros_setup) by extensions ['ignore', 'ignore_ament_install']
[0.194s] Level 1:colcon.colcon_core.package_identification:_identify(src/micro_ros_setup) by extension 'ignore'
[0.194s] Level 1:colcon.colcon_core.package_identification:_identify(src/micro_ros_setup) by extension 'ignore_ament_install'
[0.194s] Level 1:colcon.colcon_core.package_identification:_identify(src/micro_ros_setup) by extensions ['colcon_pkg']
[0.195s] Level 1:colcon.colcon_core.package_identification:_identify(src/micro_ros_setup) by extension 'colcon_pkg'
[0.195s] Level 1:colcon.colcon_core.package_identification:_identify(src/micro_ros_setup) by extensions ['colcon_meta']
[0.195s] Level 1:colcon.colcon_core.package_identification:_identify(src/micro_ros_setup) by extension 'colcon_meta'
[0.195s] Level 1:colcon.colcon_core.package_identification:_identify(src/micro_ros_setup) by extensions ['ros']
[0.195s] Level 1:colcon.colcon_core.package_identification:_identify(src/micro_ros_setup) by extension 'ros'
[0.203s] DEBUG:colcon.colcon_core.package_identification:Package 'src/micro_ros_setup' with type 'ros.ament_cmake' and name 'micro_ros_setup'
[0.203s] Level 1:colcon.colcon_core.package_identification:_identify(src/uros) by extensions ['ignore', 'ignore_ament_install']
[0.203s] Level 1:colcon.colcon_core.package_identification:_identify(src/uros) by extension 'ignore'
[0.203s] Level 1:colcon.colcon_core.package_identification:_identify(src/uros) by extension 'ignore_ament_install'
[0.203s] Level 1:colcon.colcon_core.package_identification:_identify(src/uros) by extensions ['colcon_pkg']
[0.203s] Level 1:colcon.colcon_core.package_identification:_identify(src/uros) by extension 'colcon_pkg'
[0.203s] Level 1:colcon.colcon_core.package_identification:_identify(src/uros) by extensions ['colcon_meta']
[0.203s] Level 1:colcon.colcon_core.package_identification:_identify(src/uros) by extension 'colcon_meta'
[0.203s] Level 1:colcon.colcon_core.package_identification:_identify(src/uros) by extensions ['ros']
[0.203s] Level 1:colcon.colcon_core.package_identification:_identify(src/uros) by extension 'ros'
[0.203s] Level 1:colcon.colcon_core.package_identification:_identify(src/uros) by extensions ['cmake', 'python']
[0.203s] Level 1:colcon.colcon_core.package_identification:_identify(src/uros) by extension 'cmake'
[0.203s] Level 1:colcon.colcon_core.package_identification:_identify(src/uros) by extension 'python'
[0.203s] Level 1:colcon.colcon_core.package_identification:_identify(src/uros) by extensions ['python_setup_py']
[0.203s] Level 1:colcon.colcon_core.package_identification:_identify(src/uros) by extension 'python_setup_py'
[0.203s] Level 1:colcon.colcon_core.package_identification:_identify(src/uros/micro-ROS-Agent) by extensions ['ignore', 'ignore_ament_install']
[0.203s] Level 1:colcon.colcon_core.package_identification:_identify(src/uros/micro-ROS-Agent) by extension 'ignore'
[0.203s] Level 1:colcon.colcon_core.package_identification:_identify(src/uros/micro-ROS-Agent) by extension 'ignore_ament_install'
[0.203s] Level 1:colcon.colcon_core.package_identification:_identify(src/uros/micro-ROS-Agent) by extensions ['colcon_pkg']
[0.203s] Level 1:colcon.colcon_core.package_identification:_identify(src/uros/micro-ROS-Agent) by extension 'colcon_pkg'
[0.203s] Level 1:colcon.colcon_core.package_identification:_identify(src/uros/micro-ROS-Agent) by extensions ['colcon_meta']
[0.203s] Level 1:colcon.colcon_core.package_identification:_identify(src/uros/micro-ROS-Agent) by extension 'colcon_meta'
[0.203s] Level 1:colcon.colcon_core.package_identification:_identify(src/uros/micro-ROS-Agent) by extensions ['ros']
[0.203s] Level 1:colcon.colcon_core.package_identification:_identify(src/uros/micro-ROS-Agent) by extension 'ros'
[0.203s] Level 1:colcon.colcon_core.package_identification:_identify(src/uros/micro-ROS-Agent) by extensions ['cmake', 'python']
[0.203s] Level 1:colcon.colcon_core.package_identification:_identify(src/uros/micro-ROS-Agent) by extension 'cmake'
[0.203s] Level 1:colcon.colcon_core.package_identification:_identify(src/uros/micro-ROS-Agent) by extension 'python'
[0.203s] Level 1:colcon.colcon_core.package_identification:_identify(src/uros/micro-ROS-Agent) by extensions ['python_setup_py']
[0.203s] Level 1:colcon.colcon_core.package_identification:_identify(src/uros/micro-ROS-Agent) by extension 'python_setup_py'
[0.204s] Level 1:colcon.colcon_core.package_identification:_identify(src/uros/micro-ROS-Agent/micro_ros_agent) by extensions ['ignore', 'ignore_ament_install']
[0.204s] Level 1:colcon.colcon_core.package_identification:_identify(src/uros/micro-ROS-Agent/micro_ros_agent) by extension 'ignore'
[0.204s] Level 1:colcon.colcon_core.package_identification:_identify(src/uros/micro-ROS-Agent/micro_ros_agent) by extension 'ignore_ament_install'
[0.204s] Level 1:colcon.colcon_core.package_identification:_identify(src/uros/micro-ROS-Agent/micro_ros_agent) by extensions ['colcon_pkg']
[0.204s] Level 1:colcon.colcon_core.package_identification:_identify(src/uros/micro-ROS-Agent/micro_ros_agent) by extension 'colcon_pkg'
[0.204s] Level 1:colcon.colcon_core.package_identification:_identify(src/uros/micro-ROS-Agent/micro_ros_agent) by extensions ['colcon_meta']
[0.204s] Level 1:colcon.colcon_core.package_identification:_identify(src/uros/micro-ROS-Agent/micro_ros_agent) by extension 'colcon_meta'
[0.204s] Level 1:colcon.colcon_core.package_identification:_identify(src/uros/micro-ROS-Agent/micro_ros_agent) by extensions ['ros']
[0.204s] Level 1:colcon.colcon_core.package_identification:_identify(src/uros/micro-ROS-Agent/micro_ros_agent) by extension 'ros'
[0.204s] DEBUG:colcon.colcon_core.package_identification:Package 'src/uros/micro-ROS-Agent/micro_ros_agent' with type 'ros.ament_cmake' and name 'micro_ros_agent'
[0.204s] Level 1:colcon.colcon_core.package_identification:_identify(src/uros/micro-ROS-Agent/snap) by extensions ['ignore', 'ignore_ament_install']
[0.204s] Level 1:colcon.colcon_core.package_identification:_identify(src/uros/micro-ROS-Agent/snap) by extension 'ignore'
[0.205s] Level 1:colcon.colcon_core.package_identification:_identify(src/uros/micro-ROS-Agent/snap) by extension 'ignore_ament_install'
[0.205s] Level 1:colcon.colcon_core.package_identification:_identify(src/uros/micro-ROS-Agent/snap) by extensions ['colcon_pkg']
[0.205s] Level 1:colcon.colcon_core.package_identification:_identify(src/uros/micro-ROS-Agent/snap) by extension 'colcon_pkg'
[0.205s] Level 1:colcon.colcon_core.package_identification:_identify(src/uros/micro-ROS-Agent/snap) by extensions ['colcon_meta']
[0.205s] Level 1:colcon.colcon_core.package_identification:_identify(src/uros/micro-ROS-Agent/snap) by extension 'colcon_meta'
[0.205s] Level 1:colcon.colcon_core.package_identification:_identify(src/uros/micro-ROS-Agent/snap) by extensions ['ros']
[0.205s] Level 1:colcon.colcon_core.package_identification:_identify(src/uros/micro-ROS-Agent/snap) by extension 'ros'
[0.205s] Level 1:colcon.colcon_core.package_identification:_identify(src/uros/micro-ROS-Agent/snap) by extensions ['cmake', 'python']
[0.205s] Level 1:colcon.colcon_core.package_identification:_identify(src/uros/micro-ROS-Agent/snap) by extension 'cmake'
[0.205s] Level 1:colcon.colcon_core.package_identification:_identify(src/uros/micro-ROS-Agent/snap) by extension 'python'
[0.205s] Level 1:colcon.colcon_core.package_identification:_identify(src/uros/micro-ROS-Agent/snap) by extensions ['python_setup_py']
[0.205s] Level 1:colcon.colcon_core.package_identification:_identify(src/uros/micro-ROS-Agent/snap) by extension 'python_setup_py'
[0.205s] Level 1:colcon.colcon_core.package_identification:_identify(src/uros/micro-ROS-Agent/snap/hooks) by extensions ['ignore', 'ignore_ament_install']
[0.205s] Level 1:colcon.colcon_core.package_identification:_identify(src/uros/micro-ROS-Agent/snap/hooks) by extension 'ignore'
[0.205s] Level 1:colcon.colcon_core.package_identification:_identify(src/uros/micro-ROS-Agent/snap/hooks) by extension 'ignore_ament_install'
[0.205s] Level 1:colcon.colcon_core.package_identification:_identify(src/uros/micro-ROS-Agent/snap/hooks) by extensions ['colcon_pkg']
[0.205s] Level 1:colcon.colcon_core.package_identification:_identify(src/uros/micro-ROS-Agent/snap/hooks) by extension 'colcon_pkg'
[0.205s] Level 1:colcon.colcon_core.package_identification:_identify(src/uros/micro-ROS-Agent/snap/hooks) by extensions ['colcon_meta']
[0.205s] Level 1:colcon.colcon_core.package_identification:_identify(src/uros/micro-ROS-Agent/snap/hooks) by extension 'colcon_meta'
[0.205s] Level 1:colcon.colcon_core.package_identification:_identify(src/uros/micro-ROS-Agent/snap/hooks) by extensions ['ros']
[0.205s] Level 1:colcon.colcon_core.package_identification:_identify(src/uros/micro-ROS-Agent/snap/hooks) by extension 'ros'
[0.205s] Level 1:colcon.colcon_core.package_identification:_identify(src/uros/micro-ROS-Agent/snap/hooks) by extensions ['cmake', 'python']
[0.205s] Level 1:colcon.colcon_core.package_identification:_identify(src/uros/micro-ROS-Agent/snap/hooks) by extension 'cmake'
[0.205s] Level 1:colcon.colcon_core.package_identification:_identify(src/uros/micro-ROS-Agent/snap/hooks) by extension 'python'
[0.205s] Level 1:colcon.colcon_core.package_identification:_identify(src/uros/micro-ROS-Agent/snap/hooks) by extensions ['python_setup_py']
[0.205s] Level 1:colcon.colcon_core.package_identification:_identify(src/uros/micro-ROS-Agent/snap/hooks) by extension 'python_setup_py'
[0.205s] Level 1:colcon.colcon_core.package_identification:_identify(src/uros/micro-ROS-Agent/snap/local) by extensions ['ignore', 'ignore_ament_install']
[0.205s] Level 1:colcon.colcon_core.package_identification:_identify(src/uros/micro-ROS-Agent/snap/local) by extension 'ignore'
[0.205s] Level 1:colcon.colcon_core.package_identification:_identify(src/uros/micro-ROS-Agent/snap/local) by extension 'ignore_ament_install'
[0.205s] Level 1:colcon.colcon_core.package_identification:_identify(src/uros/micro-ROS-Agent/snap/local) by extensions ['colcon_pkg']
[0.205s] Level 1:colcon.colcon_core.package_identification:_identify(src/uros/micro-ROS-Agent/snap/local) by extension 'colcon_pkg'
[0.205s] Level 1:colcon.colcon_core.package_identification:_identify(src/uros/micro-ROS-Agent/snap/local) by extensions ['colcon_meta']
[0.205s] Level 1:colcon.colcon_core.package_identification:_identify(src/uros/micro-ROS-Agent/snap/local) by extension 'colcon_meta'
[0.205s] Level 1:colcon.colcon_core.package_identification:_identify(src/uros/micro-ROS-Agent/snap/local) by extensions ['ros']
[0.205s] Level 1:colcon.colcon_core.package_identification:_identify(src/uros/micro-ROS-Agent/snap/local) by extension 'ros'
[0.205s] Level 1:colcon.colcon_core.package_identification:_identify(src/uros/micro-ROS-Agent/snap/local) by extensions ['cmake', 'python']
[0.206s] Level 1:colcon.colcon_core.package_identification:_identify(src/uros/micro-ROS-Agent/snap/local) by extension 'cmake'
[0.206s] Level 1:colcon.colcon_core.package_identification:_identify(src/uros/micro-ROS-Agent/snap/local) by extension 'python'
[0.206s] Level 1:colcon.colcon_core.package_identification:_identify(src/uros/micro-ROS-Agent/snap/local) by extensions ['python_setup_py']
[0.206s] Level 1:colcon.colcon_core.package_identification:_identify(src/uros/micro-ROS-Agent/snap/local) by extension 'python_setup_py'
[0.206s] Level 1:colcon.colcon_core.package_identification:_identify(src/uros/micro_ros_msgs) by extensions ['ignore', 'ignore_ament_install']
[0.206s] Level 1:colcon.colcon_core.package_identification:_identify(src/uros/micro_ros_msgs) by extension 'ignore'
[0.206s] Level 1:colcon.colcon_core.package_identification:_identify(src/uros/micro_ros_msgs) by extension 'ignore_ament_install'
[0.206s] Level 1:colcon.colcon_core.package_identification:_identify(src/uros/micro_ros_msgs) by extensions ['colcon_pkg']
[0.206s] Level 1:colcon.colcon_core.package_identification:_identify(src/uros/micro_ros_msgs) by extension 'colcon_pkg'
[0.206s] Level 1:colcon.colcon_core.package_identification:_identify(src/uros/micro_ros_msgs) by extensions ['colcon_meta']
[0.206s] Level 1:colcon.colcon_core.package_identification:_identify(src/uros/micro_ros_msgs) by extension 'colcon_meta'
[0.206s] Level 1:colcon.colcon_core.package_identification:_identify(src/uros/micro_ros_msgs) by extensions ['ros']
[0.206s] Level 1:colcon.colcon_core.package_identification:_identify(src/uros/micro_ros_msgs) by extension 'ros'
[0.206s] DEBUG:colcon.colcon_core.package_identification:Package 'src/uros/micro_ros_msgs' with type 'ros.ament_cmake' and name 'micro_ros_msgs'
[0.206s] Level 1:colcon.colcon_core.package_discovery:discover_packages(recursive) using defaults
[0.206s] Level 1:colcon.colcon_core.package_discovery:discover_packages(ignore) discover
[0.206s] Level 1:colcon.colcon_core.package_discovery:discover_packages(ignore) using defaults
[0.206s] Level 1:colcon.colcon_core.package_discovery:discover_packages(path) discover
[0.206s] Level 1:colcon.colcon_core.package_discovery:discover_packages(path) using defaults
[0.220s] INFO:colcon.colcon_core.package_selection:Skipping package 'micro_ros_setup' in 'src/micro_ros_setup'
[0.220s] Level 1:colcon.colcon_core.package_discovery:discover_packages(prefix_path) check parameters
[0.220s] Level 1:colcon.colcon_core.package_discovery:discover_packages(prefix_path) discover
[0.221s] WARNING:colcon.colcon_ros.prefix_path.ament:The path '/home/b/cleaner_ws/install/micro_ros_agent' in the environment variable AMENT_PREFIX_PATH doesn't exist
[0.221s] WARNING:colcon.colcon_ros.prefix_path.ament:The path '/home/b/cleaner_ws/install/micro_ros_msgs' in the environment variable AMENT_PREFIX_PATH doesn't exist
[0.222s] WARNING:colcon.colcon_ros.prefix_path.catkin:The path '/home/b/cleaner_ws/install/micro_ros_agent' in the environment variable CMAKE_PREFIX_PATH doesn't exist
[0.222s] WARNING:colcon.colcon_ros.prefix_path.catkin:The path '/home/b/cleaner_ws/install/micro_ros_msgs' in the environment variable CMAKE_PREFIX_PATH doesn't exist
[0.222s] DEBUG:colcon.colcon_installed_package_information.package_discovery:Found 1 installed packages in /home/b/cleaner_ws/install
[0.223s] DEBUG:colcon.colcon_installed_package_information.package_discovery:Found 5 installed packages in /home/b/Documents/GitHub/cleaner_ws/install
[0.223s] DEBUG:colcon.colcon_installed_package_information.package_discovery:Found 39 installed packages in /home/b/microros_ws/install
[0.224s] DEBUG:colcon.colcon_installed_package_information.package_discovery:Found 302 installed packages in /opt/ros/humble
[0.226s] Level 1:colcon.colcon_core.package_discovery:discover_packages(prefix_path) using defaults
[0.252s] WARNING:colcon.colcon_core.package_selection:Some selected packages are already built in one or more underlay workspaces:
	'micro_ros_msgs' is in: /home/b/Documents/GitHub/cleaner_ws/install/micro_ros_msgs, /home/b/microros_ws/install/micro_ros_msgs
If a package in a merged underlay workspace is overridden and it installs headers, then all packages in the overlay must sort their include directories by workspace order. Failure to do so may result in build failures or undefined behavior at run time.
If the overridden package is used by another package in any underlay, then the overriding package in the overlay must be API and ABI compatible or undefined behavior at run time may occur.

If you understand the risks and want to override a package anyways, add the following to the command line:
	--allow-overriding micro_ros_msgs

This may be promoted to an error in a future release of colcon-override-check.
[0.253s] Level 5:colcon.colcon_core.verb:set package 'micro_ros_msgs' build argument 'cmake_args' from command line to '['-DUAGENT_BUILD_EXECUTABLE=OFF', '-DUAGENT_P2P_PROFILE=OFF', '--no-warn-unused-cli']'
[0.253s] Level 5:colcon.colcon_core.verb:set package 'micro_ros_msgs' build argument 'cmake_target' from command line to 'None'
[0.253s] Level 5:colcon.colcon_core.verb:set package 'micro_ros_msgs' build argument 'cmake_target_skip_unavailable' from command line to 'False'
[0.253s] Level 5:colcon.colcon_core.verb:set package 'micro_ros_msgs' build argument 'cmake_clean_cache' from command line to 'False'
[0.253s] Level 5:colcon.colcon_core.verb:set package 'micro_ros_msgs' build argument 'cmake_clean_first' from command line to 'False'
[0.253s] Level 5:colcon.colcon_core.verb:set package 'micro_ros_msgs' build argument 'cmake_force_configure' from command line to 'False'
[0.253s] Level 5:colcon.colcon_core.verb:set package 'micro_ros_msgs' build argument 'ament_cmake_args' from command line to 'None'
[0.253s] Level 5:colcon.colcon_core.verb:set package 'micro_ros_msgs' build argument 'catkin_cmake_args' from command line to 'None'
[0.253s] Level 5:colcon.colcon_core.verb:set package 'micro_ros_msgs' build argument 'catkin_skip_building_tests' from command line to 'False'
[0.253s] DEBUG:colcon.colcon_core.verb:Building package 'micro_ros_msgs' with the following arguments: {'ament_cmake_args': None, 'build_base': '/home/b/cleaner_ws/build/micro_ros_msgs', 'catkin_cmake_args': None, 'catkin_skip_building_tests': False, 'cmake_args': ['-DUAGENT_BUILD_EXECUTABLE=OFF', '-DUAGENT_P2P_PROFILE=OFF', '--no-warn-unused-cli'], 'cmake_clean_cache': False, 'cmake_clean_first': False, 'cmake_force_configure': False, 'cmake_target': None, 'cmake_target_skip_unavailable': False, 'install_base': '/home/b/cleaner_ws/install/micro_ros_msgs', 'merge_install': False, 'path': '/home/b/cleaner_ws/src/uros/micro_ros_msgs', 'symlink_install': False, 'test_result_base': None}
[0.253s] Level 5:colcon.colcon_core.verb:set package 'micro_ros_agent' build argument 'cmake_args' from command line to '['-DUAGENT_BUILD_EXECUTABLE=OFF', '-DUAGENT_P2P_PROFILE=OFF', '--no-warn-unused-cli']'
[0.253s] Level 5:colcon.colcon_core.verb:set package 'micro_ros_agent' build argument 'cmake_target' from command line to 'None'
[0.253s] Level 5:colcon.colcon_core.verb:set package 'micro_ros_agent' build argument 'cmake_target_skip_unavailable' from command line to 'False'
[0.253s] Level 5:colcon.colcon_core.verb:set package 'micro_ros_agent' build argument 'cmake_clean_cache' from command line to 'False'
[0.253s] Level 5:colcon.colcon_core.verb:set package 'micro_ros_agent' build argument 'cmake_clean_first' from command line to 'False'
[0.253s] Level 5:colcon.colcon_core.verb:set package 'micro_ros_agent' build argument 'cmake_force_configure' from command line to 'False'
[0.253s] Level 5:colcon.colcon_core.verb:set package 'micro_ros_agent' build argument 'ament_cmake_args' from command line to 'None'
[0.253s] Level 5:colcon.colcon_core.verb:set package 'micro_ros_agent' build argument 'catkin_cmake_args' from command line to 'None'
[0.253s] Level 5:colcon.colcon_core.verb:set package 'micro_ros_agent' build argument 'catkin_skip_building_tests' from command line to 'False'
[0.253s] DEBUG:colcon.colcon_core.verb:Building package 'micro_ros_agent' with the following arguments: {'ament_cmake_args': None, 'build_base': '/home/b/cleaner_ws/build/micro_ros_agent', 'catkin_cmake_args': None, 'catkin_skip_building_tests': False, 'cmake_args': ['-DUAGENT_BUILD_EXECUTABLE=OFF', '-DUAGENT_P2P_PROFILE=OFF', '--no-warn-unused-cli'], 'cmake_clean_cache': False, 'cmake_clean_first': False, 'cmake_force_configure': False, 'cmake_target': None, 'cmake_target_skip_unavailable': False, 'install_base': '/home/b/cleaner_ws/install/micro_ros_agent', 'merge_install': False, 'path': '/home/b/cleaner_ws/src/uros/micro-ROS-Agent/micro_ros_agent', 'symlink_install': False, 'test_result_base': None}
[0.253s] INFO:colcon.colcon_core.executor:Executing jobs using 'parallel' executor
[0.254s] DEBUG:colcon.colcon_parallel_executor.executor.parallel:run_until_complete
[0.254s] INFO:colcon.colcon_ros.task.ament_cmake.build:Building ROS package in '/home/b/cleaner_ws/src/uros/micro_ros_msgs' with build type 'ament_cmake'
[0.254s] INFO:colcon.colcon_cmake.task.cmake.build:Building CMake package in '/home/b/cleaner_ws/src/uros/micro_ros_msgs'
[0.256s] INFO:colcon.colcon_core.plugin_system:Skipping extension 'colcon_core.shell.bat': Not used on non-Windows systems
[0.256s] INFO:colcon.colcon_core.shell:Skip shell extension 'powershell' for command environment: Not usable outside of PowerShell
[0.256s] DEBUG:colcon.colcon_core.shell:Skip shell extension 'dsv' for command environment
[0.265s] DEBUG:colcon.colcon_core.event_handler.log_command:Invoking command in '/home/b/cleaner_ws/build/micro_ros_msgs': CMAKE_PREFIX_PATH=${CMAKE_PREFIX_PATH}:/home/b/microros_ws/install/sensor_msgs_py:/opt/ros/humble /usr/bin/cmake /home/b/cleaner_ws/src/uros/micro_ros_msgs -DUAGENT_BUILD_EXECUTABLE=OFF -DUAGENT_P2P_PROFILE=OFF --no-warn-unused-cli -DCMAKE_INSTALL_PREFIX=/home/b/cleaner_ws/install/micro_ros_msgs
[1.811s] DEBUG:colcon.colcon_core.event_handler.log_command:Invoked command in '/home/b/cleaner_ws/build/micro_ros_msgs' returned '0': CMAKE_PREFIX_PATH=${CMAKE_PREFIX_PATH}:/home/b/microros_ws/install/sensor_msgs_py:/opt/ros/humble /usr/bin/cmake /home/b/cleaner_ws/src/uros/micro_ros_msgs -DUAGENT_BUILD_EXECUTABLE=OFF -DUAGENT_P2P_PROFILE=OFF --no-warn-unused-cli -DCMAKE_INSTALL_PREFIX=/home/b/cleaner_ws/install/micro_ros_msgs
[1.812s] DEBUG:colcon.colcon_core.event_handler.log_command:Invoking command in '/home/b/cleaner_ws/build/micro_ros_msgs': CMAKE_PREFIX_PATH=${CMAKE_PREFIX_PATH}:/home/b/microros_ws/install/sensor_msgs_py:/opt/ros/humble /usr/bin/cmake --build /home/b/cleaner_ws/build/micro_ros_msgs -- -j12 -l12
[3.950s] DEBUG:colcon.colcon_core.event_handler.log_command:Invoked command in '/home/b/cleaner_ws/build/micro_ros_msgs' returned '0': CMAKE_PREFIX_PATH=${CMAKE_PREFIX_PATH}:/home/b/microros_ws/install/sensor_msgs_py:/opt/ros/humble /usr/bin/cmake --build /home/b/cleaner_ws/build/micro_ros_msgs -- -j12 -l12
[3.958s] DEBUG:colcon.colcon_core.event_handler.log_command:Invoking command in '/home/b/cleaner_ws/build/micro_ros_msgs': CMAKE_PREFIX_PATH=${CMAKE_PREFIX_PATH}:/home/b/microros_ws/install/sensor_msgs_py:/opt/ros/humble /usr/bin/cmake --install /home/b/cleaner_ws/build/micro_ros_msgs
[4.014s] Level 1:colcon.colcon_core.environment:create_environment_scripts_only(micro_ros_msgs)
[4.015s] DEBUG:colcon.colcon_core.event_handler.log_command:Invoked command in '/home/b/cleaner_ws/build/micro_ros_msgs' returned '0': CMAKE_PREFIX_PATH=${CMAKE_PREFIX_PATH}:/home/b/microros_ws/install/sensor_msgs_py:/opt/ros/humble /usr/bin/cmake --install /home/b/cleaner_ws/build/micro_ros_msgs
[4.016s] Level 1:colcon.colcon_core.environment:checking '/home/b/cleaner_ws/install/micro_ros_msgs' for CMake module files
[4.017s] Level 1:colcon.colcon_core.environment:checking '/home/b/cleaner_ws/install/micro_ros_msgs' for CMake config files
[4.017s] Level 1:colcon.colcon_core.shell:create_environment_hook('micro_ros_msgs', 'cmake_prefix_path')
[4.017s] INFO:colcon.colcon_core.shell:Creating environment hook '/home/b/cleaner_ws/install/micro_ros_msgs/share/micro_ros_msgs/hook/cmake_prefix_path.ps1'
[4.018s] INFO:colcon.colcon_core.shell:Creating environment descriptor '/home/b/cleaner_ws/install/micro_ros_msgs/share/micro_ros_msgs/hook/cmake_prefix_path.dsv'
[4.018s] INFO:colcon.colcon_core.shell:Creating environment hook '/home/b/cleaner_ws/install/micro_ros_msgs/share/micro_ros_msgs/hook/cmake_prefix_path.sh'
[4.018s] Level 1:colcon.colcon_core.environment:checking '/home/b/cleaner_ws/install/micro_ros_msgs/lib'
[4.019s] Level 1:colcon.colcon_core.shell:create_environment_hook('micro_ros_msgs', 'ld_library_path_lib')
[4.019s] INFO:colcon.colcon_core.shell:Creating environment hook '/home/b/cleaner_ws/install/micro_ros_msgs/share/micro_ros_msgs/hook/ld_library_path_lib.ps1'
[4.019s] INFO:colcon.colcon_core.shell:Creating environment descriptor '/home/b/cleaner_ws/install/micro_ros_msgs/share/micro_ros_msgs/hook/ld_library_path_lib.dsv'
[4.019s] INFO:colcon.colcon_core.shell:Creating environment hook '/home/b/cleaner_ws/install/micro_ros_msgs/share/micro_ros_msgs/hook/ld_library_path_lib.sh'
[4.019s] Level 1:colcon.colcon_core.environment:checking '/home/b/cleaner_ws/install/micro_ros_msgs/bin'
[4.019s] Level 1:colcon.colcon_core.environment:checking '/home/b/cleaner_ws/install/micro_ros_msgs/lib/pkgconfig/micro_ros_msgs.pc'
[4.019s] Level 1:colcon.colcon_core.environment:checking '/home/b/cleaner_ws/install/micro_ros_msgs/lib/python3.10/site-packages'
[4.020s] Level 1:colcon.colcon_core.environment:checking '/home/b/cleaner_ws/install/micro_ros_msgs/bin'
[4.020s] INFO:colcon.colcon_core.shell:Creating package script '/home/b/cleaner_ws/install/micro_ros_msgs/share/micro_ros_msgs/package.ps1'
[4.020s] INFO:colcon.colcon_core.shell:Creating package descriptor '/home/b/cleaner_ws/install/micro_ros_msgs/share/micro_ros_msgs/package.dsv'
[4.021s] INFO:colcon.colcon_core.shell:Creating package script '/home/b/cleaner_ws/install/micro_ros_msgs/share/micro_ros_msgs/package.sh'
[4.021s] INFO:colcon.colcon_core.shell:Creating package script '/home/b/cleaner_ws/install/micro_ros_msgs/share/micro_ros_msgs/package.bash'
[4.021s] INFO:colcon.colcon_core.shell:Creating package script '/home/b/cleaner_ws/install/micro_ros_msgs/share/micro_ros_msgs/package.zsh'
[4.022s] Level 1:colcon.colcon_core.environment:create_file_with_runtime_dependencies(/home/b/cleaner_ws/install/micro_ros_msgs/share/colcon-core/packages/micro_ros_msgs)
[4.022s] Level 1:colcon.colcon_core.environment:create_environment_scripts_only(micro_ros_msgs)
[4.022s] Level 1:colcon.colcon_core.environment:checking '/home/b/cleaner_ws/install/micro_ros_msgs' for CMake module files
[4.023s] Level 1:colcon.colcon_core.environment:checking '/home/b/cleaner_ws/install/micro_ros_msgs' for CMake config files
[4.023s] Level 1:colcon.colcon_core.shell:create_environment_hook('micro_ros_msgs', 'cmake_prefix_path')
[4.023s] INFO:colcon.colcon_core.shell:Creating environment hook '/home/b/cleaner_ws/install/micro_ros_msgs/share/micro_ros_msgs/hook/cmake_prefix_path.ps1'
[4.023s] INFO:colcon.colcon_core.shell:Creating environment descriptor '/home/b/cleaner_ws/install/micro_ros_msgs/share/micro_ros_msgs/hook/cmake_prefix_path.dsv'
[4.023s] INFO:colcon.colcon_core.shell:Creating environment hook '/home/b/cleaner_ws/install/micro_ros_msgs/share/micro_ros_msgs/hook/cmake_prefix_path.sh'
[4.024s] Level 1:colcon.colcon_core.environment:checking '/home/b/cleaner_ws/install/micro_ros_msgs/lib'
[4.024s] Level 1:colcon.colcon_core.shell:create_environment_hook('micro_ros_msgs', 'ld_library_path_lib')
[4.024s] INFO:colcon.colcon_core.shell:Creating environment hook '/home/b/cleaner_ws/install/micro_ros_msgs/share/micro_ros_msgs/hook/ld_library_path_lib.ps1'
[4.024s] INFO:colcon.colcon_core.shell:Creating environment descriptor '/home/b/cleaner_ws/install/micro_ros_msgs/share/micro_ros_msgs/hook/ld_library_path_lib.dsv'
[4.024s] INFO:colcon.colcon_core.shell:Creating environment hook '/home/b/cleaner_ws/install/micro_ros_msgs/share/micro_ros_msgs/hook/ld_library_path_lib.sh'
[4.025s] Level 1:colcon.colcon_core.environment:checking '/home/b/cleaner_ws/install/micro_ros_msgs/bin'
[4.025s] Level 1:colcon.colcon_core.environment:checking '/home/b/cleaner_ws/install/micro_ros_msgs/lib/pkgconfig/micro_ros_msgs.pc'
[4.025s] Level 1:colcon.colcon_core.environment:checking '/home/b/cleaner_ws/install/micro_ros_msgs/lib/python3.10/site-packages'
[4.025s] Level 1:colcon.colcon_core.environment:checking '/home/b/cleaner_ws/install/micro_ros_msgs/bin'
[4.025s] INFO:colcon.colcon_core.shell:Creating package script '/home/b/cleaner_ws/install/micro_ros_msgs/share/micro_ros_msgs/package.ps1'
[4.025s] INFO:colcon.colcon_core.shell:Creating package descriptor '/home/b/cleaner_ws/install/micro_ros_msgs/share/micro_ros_msgs/package.dsv'
[4.026s] INFO:colcon.colcon_core.shell:Creating package script '/home/b/cleaner_ws/install/micro_ros_msgs/share/micro_ros_msgs/package.sh'
[4.026s] INFO:colcon.colcon_core.shell:Creating package script '/home/b/cleaner_ws/install/micro_ros_msgs/share/micro_ros_msgs/package.bash'
[4.026s] INFO:colcon.colcon_core.shell:Creating package script '/home/b/cleaner_ws/install/micro_ros_msgs/share/micro_ros_msgs/package.zsh'
[4.026s] Level 1:colcon.colcon_core.environment:create_file_with_runtime_dependencies(/home/b/cleaner_ws/install/micro_ros_msgs/share/colcon-core/packages/micro_ros_msgs)
[4.027s] INFO:colcon.colcon_ros.task.ament_cmake.build:Building ROS package in '/home/b/cleaner_ws/src/uros/micro-ROS-Agent/micro_ros_agent' with build type 'ament_cmake'
[4.027s] INFO:colcon.colcon_cmake.task.cmake.build:Building CMake package in '/home/b/cleaner_ws/src/uros/micro-ROS-Agent/micro_ros_agent'
[4.027s] INFO:colcon.colcon_core.shell:Skip shell extension 'powershell' for command environment: Not usable outside of PowerShell
[4.027s] DEBUG:colcon.colcon_core.shell:Skip shell extension 'dsv' for command environment
[4.037s] DEBUG:colcon.colcon_core.event_handler.log_command:Invoking command in '/home/b/cleaner_ws/build/micro_ros_agent': CMAKE_PREFIX_PATH=/home/b/cleaner_ws/install/micro_ros_msgs:/home/b/cleaner_ws/install/micro_ros_setup:/home/b/cleaner_ws/install/micro_ros_agent:/home/b/Documents/GitHub/cleaner_ws/install/solar_ros:/home/b/Documents/GitHub/cleaner_ws/install/sllidar_ros2:/home/b/Documents/GitHub/cleaner_ws/install/micro_ros_setup:/home/b/Documents/GitHub/cleaner_ws/install/micro_ros_agent:/home/b/Documents/GitHub/cleaner_ws/install/micro_ros_msgs:/home/b/microros_ws/install/micro_ros_demos_rclc:/home/b/microros_ws/install/common_interfaces:/home/b/microros_ws/install/visualization_msgs:/home/b/microros_ws/install/test_msgs:/home/b/microros_ws/install/example_interfaces:/home/b/microros_ws/install/action_msgs:/home/b/microros_ws/install/unique_identifier_msgs:/home/b/microros_ws/install/trajectory_msgs:/home/b/microros_ws/install/stereo_msgs:/home/b/microros_ws/install/std_srvs:/home/b/microros_ws/install/shape_msgs:/home/b/microros_ws/install/sensor_msgs:/home/b/microros_ws/install/nav_msgs:/home/b/microros_ws/install/diagnostic_msgs:/home/b/microros_ws/install/geometry_msgs:/home/b/microros_ws/install/actionlib_msgs:/home/b/microros_ws/install/std_msgs:/home/b/microros_ws/install/statistics_msgs:/home/b/microros_ws/install/rosidl_typesupport_microxrcedds_test_msg:/home/b/microros_ws/install/rosidl_typesupport_microxrcedds_cpp_tests:/home/b/microros_ws/install/rmw_microxrcedds:/home/b/microros_ws/install/rosidl_typesupport_microxrcedds_cpp:/home/b/microros_ws/install/rosidl_typesupport_microxrcedds_c_tests:/home/b/microros_ws/install/rosidl_typesupport_microxrcedds_c:/home/b/microros_ws/install/rosgraph_msgs:/home/b/microros_ws/install/rclc_parameter:/home/b/microros_ws/install/rclc:/home/b/microros_ws/install/composition_interfaces:/home/b/microros_ws/install/rcl_interfaces:/home/b/microros_ws/install/microxrcedds_client:/home/b/microros_ws/install/microcdr:/home/b/microros_ws/install/micro_ros_utilities:/home/b/microros_ws/install/micro_ros_setup:/home/b/microros_ws/install/micro_ros_agent:/home/b/microros_ws/install/micro_ros_msgs:/home/b/microros_ws/install/lifecycle_msgs:/home/b/microros_ws/install/complex_msgs:/home/b/microros_ws/install/builtin_interfaces:/home/b/microros_ws/install/sensor_msgs_py:/opt/ros/humble LD_LIBRARY_PATH=/home/b/cleaner_ws/install/micro_ros_msgs/lib:/home/b/cleaner_ws/install/micro_ros_agent/lib:/home/b/Documents/GitHub/cleaner_ws/install/micro_ros_agent/lib:/home/b/Documents/GitHub/cleaner_ws/install/micro_ros_msgs/lib:/home/b/microros_ws/install/visualization_msgs/lib:/home/b/microros_ws/install/test_msgs/lib:/home/b/microros_ws/install/example_interfaces/lib:/home/b/microros_ws/install/action_msgs/lib:/home/b/microros_ws/install/unique_identifier_msgs/lib:/home/b/microros_ws/install/trajectory_msgs/lib:/home/b/microros_ws/install/stereo_msgs/lib:/home/b/microros_ws/install/std_srvs/lib:/home/b/microros_ws/install/shape_msgs/lib:/home/b/microros_ws/install/sensor_msgs/lib:/home/b/microros_ws/install/nav_msgs/lib:/home/b/microros_ws/install/diagnostic_msgs/lib:/home/b/microros_ws/install/geometry_msgs/lib:/home/b/microros_ws/install/actionlib_msgs/lib:/home/b/microros_ws/install/std_msgs/lib:/home/b/microros_ws/install/statistics_msgs/lib:/home/b/microros_ws/install/rmw_microxrcedds/lib:/home/b/microros_ws/install/rosidl_typesupport_microxrcedds_cpp/lib:/home/b/microros_ws/install/rosidl_typesupport_microxrcedds_c/lib:/home/b/microros_ws/install/rosgraph_msgs/lib:/home/b/microros_ws/install/rclc_parameter/lib:/home/b/microros_ws/install/rclc/lib:/home/b/microros_ws/install/composition_interfaces/lib:/home/b/microros_ws/install/rcl_interfaces/lib:/home/b/microros_ws/install/microxrcedds_client/lib:/home/b/microros_ws/install/microcdr/lib:/home/b/microros_ws/install/micro_ros_utilities/lib:/home/b/microros_ws/install/micro_ros_agent/lib:/home/b/microros_ws/install/micro_ros_msgs/lib:/home/b/microros_ws/install/lifecycle_msgs/lib:/home/b/microros_ws/install/complex_msgs/lib:/home/b/microros_ws/install/builtin_interfaces/lib:/opt/ros/humble/opt/rviz_ogre_vendor/lib:/opt/ros/humble/lib/x86_64-linux-gnu:/opt/ros/humble/lib /usr/bin/cmake /home/b/cleaner_ws/src/uros/micro-ROS-Agent/micro_ros_agent -DUAGENT_BUILD_EXECUTABLE=OFF -DUAGENT_P2P_PROFILE=OFF --no-warn-unused-cli -DCMAKE_INSTALL_PREFIX=/home/b/cleaner_ws/install/micro_ros_agent
[4.367s] DEBUG:colcon.colcon_core.event_handler.log_command:Invoked command in '/home/b/cleaner_ws/build/micro_ros_agent' returned '0': CMAKE_PREFIX_PATH=/home/b/cleaner_ws/install/micro_ros_msgs:/home/b/cleaner_ws/install/micro_ros_setup:/home/b/cleaner_ws/install/micro_ros_agent:/home/b/Documents/GitHub/cleaner_ws/install/solar_ros:/home/b/Documents/GitHub/cleaner_ws/install/sllidar_ros2:/home/b/Documents/GitHub/cleaner_ws/install/micro_ros_setup:/home/b/Documents/GitHub/cleaner_ws/install/micro_ros_agent:/home/b/Documents/GitHub/cleaner_ws/install/micro_ros_msgs:/home/b/microros_ws/install/micro_ros_demos_rclc:/home/b/microros_ws/install/common_interfaces:/home/b/microros_ws/install/visualization_msgs:/home/b/microros_ws/install/test_msgs:/home/b/microros_ws/install/example_interfaces:/home/b/microros_ws/install/action_msgs:/home/b/microros_ws/install/unique_identifier_msgs:/home/b/microros_ws/install/trajectory_msgs:/home/b/microros_ws/install/stereo_msgs:/home/b/microros_ws/install/std_srvs:/home/b/microros_ws/install/shape_msgs:/home/b/microros_ws/install/sensor_msgs:/home/b/microros_ws/install/nav_msgs:/home/b/microros_ws/install/diagnostic_msgs:/home/b/microros_ws/install/geometry_msgs:/home/b/microros_ws/install/actionlib_msgs:/home/b/microros_ws/install/std_msgs:/home/b/microros_ws/install/statistics_msgs:/home/b/microros_ws/install/rosidl_typesupport_microxrcedds_test_msg:/home/b/microros_ws/install/rosidl_typesupport_microxrcedds_cpp_tests:/home/b/microros_ws/install/rmw_microxrcedds:/home/b/microros_ws/install/rosidl_typesupport_microxrcedds_cpp:/home/b/microros_ws/install/rosidl_typesupport_microxrcedds_c_tests:/home/b/microros_ws/install/rosidl_typesupport_microxrcedds_c:/home/b/microros_ws/install/rosgraph_msgs:/home/b/microros_ws/install/rclc_parameter:/home/b/microros_ws/install/rclc:/home/b/microros_ws/install/composition_interfaces:/home/b/microros_ws/install/rcl_interfaces:/home/b/microros_ws/install/microxrcedds_client:/home/b/microros_ws/install/microcdr:/home/b/microros_ws/install/micro_ros_utilities:/home/b/microros_ws/install/micro_ros_setup:/home/b/microros_ws/install/micro_ros_agent:/home/b/microros_ws/install/micro_ros_msgs:/home/b/microros_ws/install/lifecycle_msgs:/home/b/microros_ws/install/complex_msgs:/home/b/microros_ws/install/builtin_interfaces:/home/b/microros_ws/install/sensor_msgs_py:/opt/ros/humble LD_LIBRARY_PATH=/home/b/cleaner_ws/install/micro_ros_msgs/lib:/home/b/cleaner_ws/install/micro_ros_agent/lib:/home/b/Documents/GitHub/cleaner_ws/install/micro_ros_agent/lib:/home/b/Documents/GitHub/cleaner_ws/install/micro_ros_msgs/lib:/home/b/microros_ws/install/visualization_msgs/lib:/home/b/microros_ws/install/test_msgs/lib:/home/b/microros_ws/install/example_interfaces/lib:/home/b/microros_ws/install/action_msgs/lib:/home/b/microros_ws/install/unique_identifier_msgs/lib:/home/b/microros_ws/install/trajectory_msgs/lib:/home/b/microros_ws/install/stereo_msgs/lib:/home/b/microros_ws/install/std_srvs/lib:/home/b/microros_ws/install/shape_msgs/lib:/home/b/microros_ws/install/sensor_msgs/lib:/home/b/microros_ws/install/nav_msgs/lib:/home/b/microros_ws/install/diagnostic_msgs/lib:/home/b/microros_ws/install/geometry_msgs/lib:/home/b/microros_ws/install/actionlib_msgs/lib:/home/b/microros_ws/install/std_msgs/lib:/home/b/microros_ws/install/statistics_msgs/lib:/home/b/microros_ws/install/rmw_microxrcedds/lib:/home/b/microros_ws/install/rosidl_typesupport_microxrcedds_cpp/lib:/home/b/microros_ws/install/rosidl_typesupport_microxrcedds_c/lib:/home/b/microros_ws/install/rosgraph_msgs/lib:/home/b/microros_ws/install/rclc_parameter/lib:/home/b/microros_ws/install/rclc/lib:/home/b/microros_ws/install/composition_interfaces/lib:/home/b/microros_ws/install/rcl_interfaces/lib:/home/b/microros_ws/install/microxrcedds_client/lib:/home/b/microros_ws/install/microcdr/lib:/home/b/microros_ws/install/micro_ros_utilities/lib:/home/b/microros_ws/install/micro_ros_agent/lib:/home/b/microros_ws/install/micro_ros_msgs/lib:/home/b/microros_ws/install/lifecycle_msgs/lib:/home/b/microros_ws/install/complex_msgs/lib:/home/b/microros_ws/install/builtin_interfaces/lib:/opt/ros/humble/opt/rviz_ogre_vendor/lib:/opt/ros/humble/lib/x86_64-linux-gnu:/opt/ros/humble/lib /usr/bin/cmake /home/b/cleaner_ws/src/uros/micro-ROS-Agent/micro_ros_agent -DUAGENT_BUILD_EXECUTABLE=OFF -DUAGENT_P2P_PROFILE=OFF --no-warn-unused-cli -DCMAKE_INSTALL_PREFIX=/home/b/cleaner_ws/install/micro_ros_agent
[4.367s] DEBUG:colcon.colcon_core.event_handler.log_command:Invoking command in '/home/b/cleaner_ws/build/micro_ros_agent': CMAKE_PREFIX_PATH=/home/b/cleaner_ws/install/micro_ros_msgs:/home/b/cleaner_ws/install/micro_ros_setup:/home/b/cleaner_ws/install/micro_ros_agent:/home/b/Documents/GitHub/cleaner_ws/install/solar_ros:/home/b/Documents/GitHub/cleaner_ws/install/sllidar_ros2:/home/b/Documents/GitHub/cleaner_ws/install/micro_ros_setup:/home/b/Documents/GitHub/cleaner_ws/install/micro_ros_agent:/home/b/Documents/GitHub/cleaner_ws/install/micro_ros_msgs:/home/b/microros_ws/install/micro_ros_demos_rclc:/home/b/microros_ws/install/common_interfaces:/home/b/microros_ws/install/visualization_msgs:/home/b/microros_ws/install/test_msgs:/home/b/microros_ws/install/example_interfaces:/home/b/microros_ws/install/action_msgs:/home/b/microros_ws/install/unique_identifier_msgs:/home/b/microros_ws/install/trajectory_msgs:/home/b/microros_ws/install/stereo_msgs:/home/b/microros_ws/install/std_srvs:/home/b/microros_ws/install/shape_msgs:/home/b/microros_ws/install/sensor_msgs:/home/b/microros_ws/install/nav_msgs:/home/b/microros_ws/install/diagnostic_msgs:/home/b/microros_ws/install/geometry_msgs:/home/b/microros_ws/install/actionlib_msgs:/home/b/microros_ws/install/std_msgs:/home/b/microros_ws/install/statistics_msgs:/home/b/microros_ws/install/rosidl_typesupport_microxrcedds_test_msg:/home/b/microros_ws/install/rosidl_typesupport_microxrcedds_cpp_tests:/home/b/microros_ws/install/rmw_microxrcedds:/home/b/microros_ws/install/rosidl_typesupport_microxrcedds_cpp:/home/b/microros_ws/install/rosidl_typesupport_microxrcedds_c_tests:/home/b/microros_ws/install/rosidl_typesupport_microxrcedds_c:/home/b/microros_ws/install/rosgraph_msgs:/home/b/microros_ws/install/rclc_parameter:/home/b/microros_ws/install/rclc:/home/b/microros_ws/install/composition_interfaces:/home/b/microros_ws/install/rcl_interfaces:/home/b/microros_ws/install/microxrcedds_client:/home/b/microros_ws/install/microcdr:/home/b/microros_ws/install/micro_ros_utilities:/home/b/microros_ws/install/micro_ros_setup:/home/b/microros_ws/install/micro_ros_agent:/home/b/microros_ws/install/micro_ros_msgs:/home/b/microros_ws/install/lifecycle_msgs:/home/b/microros_ws/install/complex_msgs:/home/b/microros_ws/install/builtin_interfaces:/home/b/microros_ws/install/sensor_msgs_py:/opt/ros/humble LD_LIBRARY_PATH=/home/b/cleaner_ws/install/micro_ros_msgs/lib:/home/b/cleaner_ws/install/micro_ros_agent/lib:/home/b/Documents/GitHub/cleaner_ws/install/micro_ros_agent/lib:/home/b/Documents/GitHub/cleaner_ws/install/micro_ros_msgs/lib:/home/b/microros_ws/install/visualization_msgs/lib:/home/b/microros_ws/install/test_msgs/lib:/home/b/microros_ws/install/example_interfaces/lib:/home/b/microros_ws/install/action_msgs/lib:/home/b/microros_ws/install/unique_identifier_msgs/lib:/home/b/microros_ws/install/trajectory_msgs/lib:/home/b/microros_ws/install/stereo_msgs/lib:/home/b/microros_ws/install/std_srvs/lib:/home/b/microros_ws/install/shape_msgs/lib:/home/b/microros_ws/install/sensor_msgs/lib:/home/b/microros_ws/install/nav_msgs/lib:/home/b/microros_ws/install/diagnostic_msgs/lib:/home/b/microros_ws/install/geometry_msgs/lib:/home/b/microros_ws/install/actionlib_msgs/lib:/home/b/microros_ws/install/std_msgs/lib:/home/b/microros_ws/install/statistics_msgs/lib:/home/b/microros_ws/install/rmw_microxrcedds/lib:/home/b/microros_ws/install/rosidl_typesupport_microxrcedds_cpp/lib:/home/b/microros_ws/install/rosidl_typesupport_microxrcedds_c/lib:/home/b/microros_ws/install/rosgraph_msgs/lib:/home/b/microros_ws/install/rclc_parameter/lib:/home/b/microros_ws/install/rclc/lib:/home/b/microros_ws/install/composition_interfaces/lib:/home/b/microros_ws/install/rcl_interfaces/lib:/home/b/microros_ws/install/microxrcedds_client/lib:/home/b/microros_ws/install/microcdr/lib:/home/b/microros_ws/install/micro_ros_utilities/lib:/home/b/microros_ws/install/micro_ros_agent/lib:/home/b/microros_ws/install/micro_ros_msgs/lib:/home/b/microros_ws/install/lifecycle_msgs/lib:/home/b/microros_ws/install/complex_msgs/lib:/home/b/microros_ws/install/builtin_interfaces/lib:/opt/ros/humble/opt/rviz_ogre_vendor/lib:/opt/ros/humble/lib/x86_64-linux-gnu:/opt/ros/humble/lib /usr/bin/cmake --build /home/b/cleaner_ws/build/micro_ros_agent -- -j12 -l12
[27.172s] DEBUG:colcon.colcon_core.event_handler.log_command:Invoked command in '/home/b/cleaner_ws/build/micro_ros_agent' returned '0': CMAKE_PREFIX_PATH=/home/b/cleaner_ws/install/micro_ros_msgs:/home/b/cleaner_ws/install/micro_ros_setup:/home/b/cleaner_ws/install/micro_ros_agent:/home/b/Documents/GitHub/cleaner_ws/install/solar_ros:/home/b/Documents/GitHub/cleaner_ws/install/sllidar_ros2:/home/b/Documents/GitHub/cleaner_ws/install/micro_ros_setup:/home/b/Documents/GitHub/cleaner_ws/install/micro_ros_agent:/home/b/Documents/GitHub/cleaner_ws/install/micro_ros_msgs:/home/b/microros_ws/install/micro_ros_demos_rclc:/home/b/microros_ws/install/common_interfaces:/home/b/microros_ws/install/visualization_msgs:/home/b/microros_ws/install/test_msgs:/home/b/microros_ws/install/example_interfaces:/home/b/microros_ws/install/action_msgs:/home/b/microros_ws/install/unique_identifier_msgs:/home/b/microros_ws/install/trajectory_msgs:/home/b/microros_ws/install/stereo_msgs:/home/b/microros_ws/install/std_srvs:/home/b/microros_ws/install/shape_msgs:/home/b/microros_ws/install/sensor_msgs:/home/b/microros_ws/install/nav_msgs:/home/b/microros_ws/install/diagnostic_msgs:/home/b/microros_ws/install/geometry_msgs:/home/b/microros_ws/install/actionlib_msgs:/home/b/microros_ws/install/std_msgs:/home/b/microros_ws/install/statistics_msgs:/home/b/microros_ws/install/rosidl_typesupport_microxrcedds_test_msg:/home/b/microros_ws/install/rosidl_typesupport_microxrcedds_cpp_tests:/home/b/microros_ws/install/rmw_microxrcedds:/home/b/microros_ws/install/rosidl_typesupport_microxrcedds_cpp:/home/b/microros_ws/install/rosidl_typesupport_microxrcedds_c_tests:/home/b/microros_ws/install/rosidl_typesupport_microxrcedds_c:/home/b/microros_ws/install/rosgraph_msgs:/home/b/microros_ws/install/rclc_parameter:/home/b/microros_ws/install/rclc:/home/b/microros_ws/install/composition_interfaces:/home/b/microros_ws/install/rcl_interfaces:/home/b/microros_ws/install/microxrcedds_client:/home/b/microros_ws/install/microcdr:/home/b/microros_ws/install/micro_ros_utilities:/home/b/microros_ws/install/micro_ros_setup:/home/b/microros_ws/install/micro_ros_agent:/home/b/microros_ws/install/micro_ros_msgs:/home/b/microros_ws/install/lifecycle_msgs:/home/b/microros_ws/install/complex_msgs:/home/b/microros_ws/install/builtin_interfaces:/home/b/microros_ws/install/sensor_msgs_py:/opt/ros/humble LD_LIBRARY_PATH=/home/b/cleaner_ws/install/micro_ros_msgs/lib:/home/b/cleaner_ws/install/micro_ros_agent/lib:/home/b/Documents/GitHub/cleaner_ws/install/micro_ros_agent/lib:/home/b/Documents/GitHub/cleaner_ws/install/micro_ros_msgs/lib:/home/b/microros_ws/install/visualization_msgs/lib:/home/b/microros_ws/install/test_msgs/lib:/home/b/microros_ws/install/example_interfaces/lib:/home/b/microros_ws/install/action_msgs/lib:/home/b/microros_ws/install/unique_identifier_msgs/lib:/home/b/microros_ws/install/trajectory_msgs/lib:/home/b/microros_ws/install/stereo_msgs/lib:/home/b/microros_ws/install/std_srvs/lib:/home/b/microros_ws/install/shape_msgs/lib:/home/b/microros_ws/install/sensor_msgs/lib:/home/b/microros_ws/install/nav_msgs/lib:/home/b/microros_ws/install/diagnostic_msgs/lib:/home/b/microros_ws/install/geometry_msgs/lib:/home/b/microros_ws/install/actionlib_msgs/lib:/home/b/microros_ws/install/std_msgs/lib:/home/b/microros_ws/install/statistics_msgs/lib:/home/b/microros_ws/install/rmw_microxrcedds/lib:/home/b/microros_ws/install/rosidl_typesupport_microxrcedds_cpp/lib:/home/b/microros_ws/install/rosidl_typesupport_microxrcedds_c/lib:/home/b/microros_ws/install/rosgraph_msgs/lib:/home/b/microros_ws/install/rclc_parameter/lib:/home/b/microros_ws/install/rclc/lib:/home/b/microros_ws/install/composition_interfaces/lib:/home/b/microros_ws/install/rcl_interfaces/lib:/home/b/microros_ws/install/microxrcedds_client/lib:/home/b/microros_ws/install/microcdr/lib:/home/b/microros_ws/install/micro_ros_utilities/lib:/home/b/microros_ws/install/micro_ros_agent/lib:/home/b/microros_ws/install/micro_ros_msgs/lib:/home/b/microros_ws/install/lifecycle_msgs/lib:/home/b/microros_ws/install/complex_msgs/lib:/home/b/microros_ws/install/builtin_interfaces/lib:/opt/ros/humble/opt/rviz_ogre_vendor/lib:/opt/ros/humble/lib/x86_64-linux-gnu:/opt/ros/humble/lib /usr/bin/cmake --build /home/b/cleaner_ws/build/micro_ros_agent -- -j12 -l12
[27.174s] DEBUG:colcon.colcon_core.event_handler.log_command:Invoking command in '/home/b/cleaner_ws/build/micro_ros_agent': CMAKE_PREFIX_PATH=/home/b/cleaner_ws/install/micro_ros_msgs:/home/b/cleaner_ws/install/micro_ros_setup:/home/b/cleaner_ws/install/micro_ros_agent:/home/b/Documents/GitHub/cleaner_ws/install/solar_ros:/home/b/Documents/GitHub/cleaner_ws/install/sllidar_ros2:/home/b/Documents/GitHub/cleaner_ws/install/micro_ros_setup:/home/b/Documents/GitHub/cleaner_ws/install/micro_ros_agent:/home/b/Documents/GitHub/cleaner_ws/install/micro_ros_msgs:/home/b/microros_ws/install/micro_ros_demos_rclc:/home/b/microros_ws/install/common_interfaces:/home/b/microros_ws/install/visualization_msgs:/home/b/microros_ws/install/test_msgs:/home/b/microros_ws/install/example_interfaces:/home/b/microros_ws/install/action_msgs:/home/b/microros_ws/install/unique_identifier_msgs:/home/b/microros_ws/install/trajectory_msgs:/home/b/microros_ws/install/stereo_msgs:/home/b/microros_ws/install/std_srvs:/home/b/microros_ws/install/shape_msgs:/home/b/microros_ws/install/sensor_msgs:/home/b/microros_ws/install/nav_msgs:/home/b/microros_ws/install/diagnostic_msgs:/home/b/microros_ws/install/geometry_msgs:/home/b/microros_ws/install/actionlib_msgs:/home/b/microros_ws/install/std_msgs:/home/b/microros_ws/install/statistics_msgs:/home/b/microros_ws/install/rosidl_typesupport_microxrcedds_test_msg:/home/b/microros_ws/install/rosidl_typesupport_microxrcedds_cpp_tests:/home/b/microros_ws/install/rmw_microxrcedds:/home/b/microros_ws/install/rosidl_typesupport_microxrcedds_cpp:/home/b/microros_ws/install/rosidl_typesupport_microxrcedds_c_tests:/home/b/microros_ws/install/rosidl_typesupport_microxrcedds_c:/home/b/microros_ws/install/rosgraph_msgs:/home/b/microros_ws/install/rclc_parameter:/home/b/microros_ws/install/rclc:/home/b/microros_ws/install/composition_interfaces:/home/b/microros_ws/install/rcl_interfaces:/home/b/microros_ws/install/microxrcedds_client:/home/b/microros_ws/install/microcdr:/home/b/microros_ws/install/micro_ros_utilities:/home/b/microros_ws/install/micro_ros_setup:/home/b/microros_ws/install/micro_ros_agent:/home/b/microros_ws/install/micro_ros_msgs:/home/b/microros_ws/install/lifecycle_msgs:/home/b/microros_ws/install/complex_msgs:/home/b/microros_ws/install/builtin_interfaces:/home/b/microros_ws/install/sensor_msgs_py:/opt/ros/humble LD_LIBRARY_PATH=/home/b/cleaner_ws/install/micro_ros_msgs/lib:/home/b/cleaner_ws/install/micro_ros_agent/lib:/home/b/Documents/GitHub/cleaner_ws/install/micro_ros_agent/lib:/home/b/Documents/GitHub/cleaner_ws/install/micro_ros_msgs/lib:/home/b/microros_ws/install/visualization_msgs/lib:/home/b/microros_ws/install/test_msgs/lib:/home/b/microros_ws/install/example_interfaces/lib:/home/b/microros_ws/install/action_msgs/lib:/home/b/microros_ws/install/unique_identifier_msgs/lib:/home/b/microros_ws/install/trajectory_msgs/lib:/home/b/microros_ws/install/stereo_msgs/lib:/home/b/microros_ws/install/std_srvs/lib:/home/b/microros_ws/install/shape_msgs/lib:/home/b/microros_ws/install/sensor_msgs/lib:/home/b/microros_ws/install/nav_msgs/lib:/home/b/microros_ws/install/diagnostic_msgs/lib:/home/b/microros_ws/install/geometry_msgs/lib:/home/b/microros_ws/install/actionlib_msgs/lib:/home/b/microros_ws/install/std_msgs/lib:/home/b/microros_ws/install/statistics_msgs/lib:/home/b/microros_ws/install/rmw_microxrcedds/lib:/home/b/microros_ws/install/rosidl_typesupport_microxrcedds_cpp/lib:/home/b/microros_ws/install/rosidl_typesupport_microxrcedds_c/lib:/home/b/microros_ws/install/rosgraph_msgs/lib:/home/b/microros_ws/install/rclc_parameter/lib:/home/b/microros_ws/install/rclc/lib:/home/b/microros_ws/install/composition_interfaces/lib:/home/b/microros_ws/install/rcl_interfaces/lib:/home/b/microros_ws/install/microxrcedds_client/lib:/home/b/microros_ws/install/microcdr/lib:/home/b/microros_ws/install/micro_ros_utilities/lib:/home/b/microros_ws/install/micro_ros_agent/lib:/home/b/microros_ws/install/micro_ros_msgs/lib:/home/b/microros_ws/install/lifecycle_msgs/lib:/home/b/microros_ws/install/complex_msgs/lib:/home/b/microros_ws/install/builtin_interfaces/lib:/opt/ros/humble/opt/rviz_ogre_vendor/lib:/opt/ros/humble/lib/x86_64-linux-gnu:/opt/ros/humble/lib /usr/bin/cmake --install /home/b/cleaner_ws/build/micro_ros_agent
[27.183s] Level 1:colcon.colcon_core.environment:create_environment_scripts_only(micro_ros_agent)
[27.184s] Level 1:colcon.colcon_core.environment:checking '/home/b/cleaner_ws/install/micro_ros_agent' for CMake module files
[27.184s] DEBUG:colcon.colcon_core.event_handler.log_command:Invoked command in '/home/b/cleaner_ws/build/micro_ros_agent' returned '0': CMAKE_PREFIX_PATH=/home/b/cleaner_ws/install/micro_ros_msgs:/home/b/cleaner_ws/install/micro_ros_setup:/home/b/cleaner_ws/install/micro_ros_agent:/home/b/Documents/GitHub/cleaner_ws/install/solar_ros:/home/b/Documents/GitHub/cleaner_ws/install/sllidar_ros2:/home/b/Documents/GitHub/cleaner_ws/install/micro_ros_setup:/home/b/Documents/GitHub/cleaner_ws/install/micro_ros_agent:/home/b/Documents/GitHub/cleaner_ws/install/micro_ros_msgs:/home/b/microros_ws/install/micro_ros_demos_rclc:/home/b/microros_ws/install/common_interfaces:/home/b/microros_ws/install/visualization_msgs:/home/b/microros_ws/install/test_msgs:/home/b/microros_ws/install/example_interfaces:/home/b/microros_ws/install/action_msgs:/home/b/microros_ws/install/unique_identifier_msgs:/home/b/microros_ws/install/trajectory_msgs:/home/b/microros_ws/install/stereo_msgs:/home/b/microros_ws/install/std_srvs:/home/b/microros_ws/install/shape_msgs:/home/b/microros_ws/install/sensor_msgs:/home/b/microros_ws/install/nav_msgs:/home/b/microros_ws/install/diagnostic_msgs:/home/b/microros_ws/install/geometry_msgs:/home/b/microros_ws/install/actionlib_msgs:/home/b/microros_ws/install/std_msgs:/home/b/microros_ws/install/statistics_msgs:/home/b/microros_ws/install/rosidl_typesupport_microxrcedds_test_msg:/home/b/microros_ws/install/rosidl_typesupport_microxrcedds_cpp_tests:/home/b/microros_ws/install/rmw_microxrcedds:/home/b/microros_ws/install/rosidl_typesupport_microxrcedds_cpp:/home/b/microros_ws/install/rosidl_typesupport_microxrcedds_c_tests:/home/b/microros_ws/install/rosidl_typesupport_microxrcedds_c:/home/b/microros_ws/install/rosgraph_msgs:/home/b/microros_ws/install/rclc_parameter:/home/b/microros_ws/install/rclc:/home/b/microros_ws/install/composition_interfaces:/home/b/microros_ws/install/rcl_interfaces:/home/b/microros_ws/install/microxrcedds_client:/home/b/microros_ws/install/microcdr:/home/b/microros_ws/install/micro_ros_utilities:/home/b/microros_ws/install/micro_ros_setup:/home/b/microros_ws/install/micro_ros_agent:/home/b/microros_ws/install/micro_ros_msgs:/home/b/microros_ws/install/lifecycle_msgs:/home/b/microros_ws/install/complex_msgs:/home/b/microros_ws/install/builtin_interfaces:/home/b/microros_ws/install/sensor_msgs_py:/opt/ros/humble LD_LIBRARY_PATH=/home/b/cleaner_ws/install/micro_ros_msgs/lib:/home/b/cleaner_ws/install/micro_ros_agent/lib:/home/b/Documents/GitHub/cleaner_ws/install/micro_ros_agent/lib:/home/b/Documents/GitHub/cleaner_ws/install/micro_ros_msgs/lib:/home/b/microros_ws/install/visualization_msgs/lib:/home/b/microros_ws/install/test_msgs/lib:/home/b/microros_ws/install/example_interfaces/lib:/home/b/microros_ws/install/action_msgs/lib:/home/b/microros_ws/install/unique_identifier_msgs/lib:/home/b/microros_ws/install/trajectory_msgs/lib:/home/b/microros_ws/install/stereo_msgs/lib:/home/b/microros_ws/install/std_srvs/lib:/home/b/microros_ws/install/shape_msgs/lib:/home/b/microros_ws/install/sensor_msgs/lib:/home/b/microros_ws/install/nav_msgs/lib:/home/b/microros_ws/install/diagnostic_msgs/lib:/home/b/microros_ws/install/geometry_msgs/lib:/home/b/microros_ws/install/actionlib_msgs/lib:/home/b/microros_ws/install/std_msgs/lib:/home/b/microros_ws/install/statistics_msgs/lib:/home/b/microros_ws/install/rmw_microxrcedds/lib:/home/b/microros_ws/install/rosidl_typesupport_microxrcedds_cpp/lib:/home/b/microros_ws/install/rosidl_typesupport_microxrcedds_c/lib:/home/b/microros_ws/install/rosgraph_msgs/lib:/home/b/microros_ws/install/rclc_parameter/lib:/home/b/microros_ws/install/rclc/lib:/home/b/microros_ws/install/composition_interfaces/lib:/home/b/microros_ws/install/rcl_interfaces/lib:/home/b/microros_ws/install/microxrcedds_client/lib:/home/b/microros_ws/install/microcdr/lib:/home/b/microros_ws/install/micro_ros_utilities/lib:/home/b/microros_ws/install/micro_ros_agent/lib:/home/b/microros_ws/install/micro_ros_msgs/lib:/home/b/microros_ws/install/lifecycle_msgs/lib:/home/b/microros_ws/install/complex_msgs/lib:/home/b/microros_ws/install/builtin_interfaces/lib:/opt/ros/humble/opt/rviz_ogre_vendor/lib:/opt/ros/humble/lib/x86_64-linux-gnu:/opt/ros/humble/lib /usr/bin/cmake --install /home/b/cleaner_ws/build/micro_ros_agent
[27.184s] Level 1:colcon.colcon_core.environment:checking '/home/b/cleaner_ws/install/micro_ros_agent' for CMake config files
[27.185s] Level 1:colcon.colcon_core.shell:create_environment_hook('micro_ros_agent', 'cmake_prefix_path')
[27.185s] INFO:colcon.colcon_core.shell:Creating environment hook '/home/b/cleaner_ws/install/micro_ros_agent/share/micro_ros_agent/hook/cmake_prefix_path.ps1'
[27.185s] INFO:colcon.colcon_core.shell:Creating environment descriptor '/home/b/cleaner_ws/install/micro_ros_agent/share/micro_ros_agent/hook/cmake_prefix_path.dsv'
[27.185s] INFO:colcon.colcon_core.shell:Creating environment hook '/home/b/cleaner_ws/install/micro_ros_agent/share/micro_ros_agent/hook/cmake_prefix_path.sh'
[27.186s] Level 1:colcon.colcon_core.environment:checking '/home/b/cleaner_ws/install/micro_ros_agent/lib'
[27.186s] Level 1:colcon.colcon_core.shell:create_environment_hook('micro_ros_agent', 'ld_library_path_lib')
[27.186s] INFO:colcon.colcon_core.shell:Creating environment hook '/home/b/cleaner_ws/install/micro_ros_agent/share/micro_ros_agent/hook/ld_library_path_lib.ps1'
[27.186s] INFO:colcon.colcon_core.shell:Creating environment descriptor '/home/b/cleaner_ws/install/micro_ros_agent/share/micro_ros_agent/hook/ld_library_path_lib.dsv'
[27.186s] INFO:colcon.colcon_core.shell:Creating environment hook '/home/b/cleaner_ws/install/micro_ros_agent/share/micro_ros_agent/hook/ld_library_path_lib.sh'
[27.186s] Level 1:colcon.colcon_core.environment:checking '/home/b/cleaner_ws/install/micro_ros_agent/bin'
[27.186s] Level 1:colcon.colcon_core.environment:checking '/home/b/cleaner_ws/install/micro_ros_agent/lib/pkgconfig/micro_ros_agent.pc'
[27.187s] Level 1:colcon.colcon_core.environment:checking '/home/b/cleaner_ws/install/micro_ros_agent/lib/python3.10/site-packages'
[27.187s] Level 1:colcon.colcon_core.environment:checking '/home/b/cleaner_ws/install/micro_ros_agent/bin'
[27.187s] INFO:colcon.colcon_core.shell:Creating package script '/home/b/cleaner_ws/install/micro_ros_agent/share/micro_ros_agent/package.ps1'
[27.187s] INFO:colcon.colcon_core.shell:Creating package descriptor '/home/b/cleaner_ws/install/micro_ros_agent/share/micro_ros_agent/package.dsv'
[27.187s] INFO:colcon.colcon_core.shell:Creating package script '/home/b/cleaner_ws/install/micro_ros_agent/share/micro_ros_agent/package.sh'
[27.188s] INFO:colcon.colcon_core.shell:Creating package script '/home/b/cleaner_ws/install/micro_ros_agent/share/micro_ros_agent/package.bash'
[27.188s] INFO:colcon.colcon_core.shell:Creating package script '/home/b/cleaner_ws/install/micro_ros_agent/share/micro_ros_agent/package.zsh'
[27.188s] Level 1:colcon.colcon_core.environment:create_file_with_runtime_dependencies(/home/b/cleaner_ws/install/micro_ros_agent/share/colcon-core/packages/micro_ros_agent)
[27.188s] Level 1:colcon.colcon_core.environment:create_environment_scripts_only(micro_ros_agent)
[27.188s] Level 1:colcon.colcon_core.environment:checking '/home/b/cleaner_ws/install/micro_ros_agent' for CMake module files
[27.189s] Level 1:colcon.colcon_core.environment:checking '/home/b/cleaner_ws/install/micro_ros_agent' for CMake config files
[27.189s] Level 1:colcon.colcon_core.shell:create_environment_hook('micro_ros_agent', 'cmake_prefix_path')
[27.189s] INFO:colcon.colcon_core.shell:Creating environment hook '/home/b/cleaner_ws/install/micro_ros_agent/share/micro_ros_agent/hook/cmake_prefix_path.ps1'
[27.190s] INFO:colcon.colcon_core.shell:Creating environment descriptor '/home/b/cleaner_ws/install/micro_ros_agent/share/micro_ros_agent/hook/cmake_prefix_path.dsv'
[27.190s] INFO:colcon.colcon_core.shell:Creating environment hook '/home/b/cleaner_ws/install/micro_ros_agent/share/micro_ros_agent/hook/cmake_prefix_path.sh'
[27.190s] Level 1:colcon.colcon_core.environment:checking '/home/b/cleaner_ws/install/micro_ros_agent/lib'
[27.190s] Level 1:colcon.colcon_core.shell:create_environment_hook('micro_ros_agent', 'ld_library_path_lib')
[27.190s] INFO:colcon.colcon_core.shell:Creating environment hook '/home/b/cleaner_ws/install/micro_ros_agent/share/micro_ros_agent/hook/ld_library_path_lib.ps1'
[27.191s] INFO:colcon.colcon_core.shell:Creating environment descriptor '/home/b/cleaner_ws/install/micro_ros_agent/share/micro_ros_agent/hook/ld_library_path_lib.dsv'
[27.191s] INFO:colcon.colcon_core.shell:Creating environment hook '/home/b/cleaner_ws/install/micro_ros_agent/share/micro_ros_agent/hook/ld_library_path_lib.sh'
[27.191s] Level 1:colcon.colcon_core.environment:checking '/home/b/cleaner_ws/install/micro_ros_agent/bin'
[27.191s] Level 1:colcon.colcon_core.environment:checking '/home/b/cleaner_ws/install/micro_ros_agent/lib/pkgconfig/micro_ros_agent.pc'
[27.191s] Level 1:colcon.colcon_core.environment:checking '/home/b/cleaner_ws/install/micro_ros_agent/lib/python3.10/site-packages'
[27.191s] Level 1:colcon.colcon_core.environment:checking '/home/b/cleaner_ws/install/micro_ros_agent/bin'
[27.191s] INFO:colcon.colcon_core.shell:Creating package script '/home/b/cleaner_ws/install/micro_ros_agent/share/micro_ros_agent/package.ps1'
[27.192s] INFO:colcon.colcon_core.shell:Creating package descriptor '/home/b/cleaner_ws/install/micro_ros_agent/share/micro_ros_agent/package.dsv'
[27.192s] INFO:colcon.colcon_core.shell:Creating package script '/home/b/cleaner_ws/install/micro_ros_agent/share/micro_ros_agent/package.sh'
[27.192s] INFO:colcon.colcon_core.shell:Creating package script '/home/b/cleaner_ws/install/micro_ros_agent/share/micro_ros_agent/package.bash'
[27.192s] INFO:colcon.colcon_core.shell:Creating package script '/home/b/cleaner_ws/install/micro_ros_agent/share/micro_ros_agent/package.zsh'
[27.193s] Level 1:colcon.colcon_core.environment:create_file_with_runtime_dependencies(/home/b/cleaner_ws/install/micro_ros_agent/share/colcon-core/packages/micro_ros_agent)
[27.193s] DEBUG:colcon.colcon_parallel_executor.executor.parallel:closing loop
[27.193s] DEBUG:colcon.colcon_parallel_executor.executor.parallel:loop closed
[27.193s] DEBUG:colcon.colcon_parallel_executor.executor.parallel:run_until_complete finished with '0'
[27.193s] DEBUG:colcon.colcon_core.event_reactor:joining thread
[27.197s] INFO:colcon.colcon_core.plugin_system:Skipping extension 'colcon_notification.desktop_notification.terminal_notifier': Not used on non-Darwin systems
[27.197s] INFO:colcon.colcon_core.plugin_system:Skipping extension 'colcon_notification.desktop_notification.win32': Not used on non-Windows systems
[27.197s] INFO:colcon.colcon_notification.desktop_notification:Sending desktop notification using 'notify2'
[27.204s] DEBUG:colcon.colcon_core.event_reactor:joined thread
[27.205s] INFO:colcon.colcon_core.shell:Creating prefix script '/home/b/cleaner_ws/install/local_setup.ps1'
[27.205s] INFO:colcon.colcon_core.shell:Creating prefix util module '/home/b/cleaner_ws/install/_local_setup_util_ps1.py'
[27.206s] INFO:colcon.colcon_core.shell:Creating prefix chain script '/home/b/cleaner_ws/install/setup.ps1'
[27.208s] INFO:colcon.colcon_core.shell:Creating prefix script '/home/b/cleaner_ws/install/local_setup.sh'
[27.208s] INFO:colcon.colcon_core.shell:Creating prefix util module '/home/b/cleaner_ws/install/_local_setup_util_sh.py'
[27.209s] INFO:colcon.colcon_core.shell:Creating prefix chain script '/home/b/cleaner_ws/install/setup.sh'
[27.210s] INFO:colcon.colcon_core.shell:Creating prefix script '/home/b/cleaner_ws/install/local_setup.bash'
[27.211s] INFO:colcon.colcon_core.shell:Creating prefix chain script '/home/b/cleaner_ws/install/setup.bash'
[27.212s] INFO:colcon.colcon_core.shell:Creating prefix script '/home/b/cleaner_ws/install/local_setup.zsh'
[27.212s] INFO:colcon.colcon_core.shell:Creating prefix chain script '/home/b/cleaner_ws/install/setup.zsh'
