[0.010s] Invoking command in '/home/b/cleaner_ws/build/micro_ros_msgs': CMAKE_PREFIX_PATH=${CMAKE_PREFIX_PATH}:/home/b/microros_ws/install/sensor_msgs_py:/opt/ros/humble /usr/bin/cmake /home/b/cleaner_ws/src/uros/micro_ros_msgs -DUAGENT_BUILD_EXECUTABLE=OFF -DUAGENT_P2P_PROFILE=OFF --no-warn-unused-cli -DCMAKE_INSTALL_PREFIX=/home/b/cleaner_ws/install/micro_ros_msgs
[0.016s] Not searching for unused variables given on the command line.
[0.086s] -- The C compiler identification is GNU 11.4.0
[0.158s] -- The CXX compiler identification is GNU 11.4.0
[0.163s] -- Detecting C compiler ABI info
[0.236s] -- Detecting C compiler ABI info - done
[0.242s] -- Check for working C compiler: /usr/bin/cc - skipped
[0.242s] -- Detecting C compile features
[0.242s] -- Detecting C compile features - done
[0.244s] -- Detecting CXX compiler ABI info
[0.333s] -- Detecting CXX compiler ABI info - done
[0.337s] -- Check for working CXX compiler: /usr/bin/c++ - skipped
[0.338s] -- Detecting CXX compile features
[0.338s] -- Detecting CXX compile features - done
[0.341s] -- Found ament_cmake: 1.3.11 (/opt/ros/humble/share/ament_cmake/cmake)
[0.475s] -- Found Python3: /usr/bin/python3 (found version "3.10.12") found components: Interpreter 
[0.584s] -- Found rosidl_default_generators: 1.2.0 (/opt/ros/humble/share/rosidl_default_generators/cmake)
[0.595s] -- Using all available rosidl_typesupport_c: rosidl_typesupport_microxrcedds_c;rosidl_typesupport_fastrtps_c;rosidl_typesupport_introspection_c
[0.606s] -- Found rosidl_adapter: 3.1.6 (/opt/ros/humble/share/rosidl_adapter/cmake)
[0.671s] -- Using all available rosidl_typesupport_cpp: rosidl_typesupport_microxrcedds_cpp;rosidl_typesupport_fastrtps_cpp;rosidl_typesupport_introspection_cpp
[0.709s] -- Found ament_lint_auto: 0.12.12 (/opt/ros/humble/share/ament_lint_auto/cmake)
[0.938s] -- Found ament_cmake_ros: 0.10.0 (/opt/ros/humble/share/ament_cmake_ros/cmake)
[1.147s] -- Using all available rosidl_typesupport_c: rosidl_typesupport_microxrcedds_c;rosidl_typesupport_fastrtps_c;rosidl_typesupport_introspection_c
[1.393s] -- Using all available rosidl_typesupport_cpp: rosidl_typesupport_microxrcedds_cpp;rosidl_typesupport_fastrtps_cpp;rosidl_typesupport_introspection_cpp
[1.413s] -- Found PythonInterp: /usr/bin/python3 (found suitable version "3.10.12", minimum required is "3.6") 
[1.416s] -- Found python_cmake_module: 0.10.0 (/opt/ros/humble/share/python_cmake_module/cmake)
[1.451s] -- Found PythonLibs: /usr/lib/x86_64-linux-gnu/libpython3.10.so (found suitable version "3.10.12", minimum required is "3.5") 
[1.451s] -- Using PYTHON_EXECUTABLE: /usr/bin/python3
[1.451s] -- Using PYTHON_INCLUDE_DIRS: /usr/include/python3.10
[1.451s] -- Using PYTHON_LIBRARIES: /usr/lib/x86_64-linux-gnu/libpython3.10.so
[1.469s] -- Found PythonExtra: .so  
[1.515s] -- Added test 'copyright' to check source files copyright and LICENSE
[1.518s] -- Added test 'lint_cmake' to check CMake code style
[1.521s] -- Added test 'xmllint' to check XML markup files
[1.525s] -- Configuring done
[1.545s] -- Generating done
[1.552s] -- Build files have been written to: /home/b/cleaner_ws/build/micro_ros_msgs
[1.557s] Invoked command in '/home/b/cleaner_ws/build/micro_ros_msgs' returned '0': CMAKE_PREFIX_PATH=${CMAKE_PREFIX_PATH}:/home/b/microros_ws/install/sensor_msgs_py:/opt/ros/humble /usr/bin/cmake /home/b/cleaner_ws/src/uros/micro_ros_msgs -DUAGENT_BUILD_EXECUTABLE=OFF -DUAGENT_P2P_PROFILE=OFF --no-warn-unused-cli -DCMAKE_INSTALL_PREFIX=/home/b/cleaner_ws/install/micro_ros_msgs
[1.558s] Invoking command in '/home/b/cleaner_ws/build/micro_ros_msgs': CMAKE_PREFIX_PATH=${CMAKE_PREFIX_PATH}:/home/b/microros_ws/install/sensor_msgs_py:/opt/ros/humble /usr/bin/cmake --build /home/b/cleaner_ws/build/micro_ros_msgs -- -j12 -l12
[1.603s] [  1%] [34m[1mGenerating C code for ROS interfaces[0m
[1.613s] [  3%] [34m[1mGenerating C++ code for ROS interfaces[0m
[1.621s] [  3%] Built target ament_cmake_python_copy_micro_ros_msgs
[1.804s] running egg_info
[1.805s] creating micro_ros_msgs.egg-info
[1.805s] writing micro_ros_msgs.egg-info/PKG-INFO
[1.805s] writing dependency_links to micro_ros_msgs.egg-info/dependency_links.txt
[1.805s] writing top-level names to micro_ros_msgs.egg-info/top_level.txt
[1.805s] writing manifest file 'micro_ros_msgs.egg-info/SOURCES.txt'
[1.807s] reading manifest file 'micro_ros_msgs.egg-info/SOURCES.txt'
[1.807s] writing manifest file 'micro_ros_msgs.egg-info/SOURCES.txt'
[1.828s] [  3%] Built target ament_cmake_python_build_micro_ros_msgs_egg
[1.884s] [  3%] Built target micro_ros_msgs__cpp
[1.887s] [  8%] [32mBuilding C object CMakeFiles/micro_ros_msgs__rosidl_generator_c.dir/rosidl_generator_c/micro_ros_msgs/msg/detail/node__functions.c.o[0m
[1.887s] [  8%] [32mBuilding C object CMakeFiles/micro_ros_msgs__rosidl_generator_c.dir/rosidl_generator_c/micro_ros_msgs/msg/detail/entity__functions.c.o[0m
[1.887s] [  8%] [32mBuilding C object CMakeFiles/micro_ros_msgs__rosidl_generator_c.dir/rosidl_generator_c/micro_ros_msgs/msg/detail/graph__functions.c.o[0m
[1.895s] [ 11%] [34m[1mGenerating C++ type support for eProsima Fast-RTPS[0m
[1.895s] [ 11%] [34m[1mGenerating C++ type support dispatch for ROS interfaces[0m
[1.895s] [ 13%] [34m[1mGenerating C++ introspection for ROS interfaces[0m
[1.896s] [ 15%] [34m[1mGenerating C++ type support for eProsima Micro XRCE-DDS[0m
[1.935s] [ 16%] [32m[1mLinking C shared library libmicro_ros_msgs__rosidl_generator_c.so[0m
[1.968s] [ 16%] Built target micro_ros_msgs__rosidl_generator_c
[1.978s] [ 20%] [34m[1mGenerating C type support for eProsima Micro XRCE-DDS[0m
[1.978s] [ 20%] [34m[1mGenerating C type support for eProsima Fast-RTPS[0m
[1.981s] [ 22%] [34m[1mGenerating C type support dispatch for ROS interfaces[0m
[1.983s] [ 23%] [34m[1mGenerating C introspection for ROS interfaces[0m
[2.128s] [ 25%] [32mBuilding CXX object CMakeFiles/micro_ros_msgs__rosidl_typesupport_cpp.dir/rosidl_typesupport_cpp/micro_ros_msgs/msg/graph__type_support.cpp.o[0m
[2.135s] [ 27%] [32mBuilding CXX object CMakeFiles/micro_ros_msgs__rosidl_typesupport_cpp.dir/rosidl_typesupport_cpp/micro_ros_msgs/msg/node__type_support.cpp.o[0m
[2.137s] [ 28%] [32mBuilding CXX object CMakeFiles/micro_ros_msgs__rosidl_typesupport_cpp.dir/rosidl_typesupport_cpp/micro_ros_msgs/msg/entity__type_support.cpp.o[0m
[2.154s] [ 30%] [32mBuilding CXX object CMakeFiles/micro_ros_msgs__rosidl_typesupport_introspection_cpp.dir/rosidl_typesupport_introspection_cpp/micro_ros_msgs/msg/detail/graph__type_support.cpp.o[0m
[2.155s] [ 32%] [32mBuilding CXX object CMakeFiles/micro_ros_msgs__rosidl_typesupport_introspection_cpp.dir/rosidl_typesupport_introspection_cpp/micro_ros_msgs/msg/detail/entity__type_support.cpp.o[0m
[2.155s] [ 33%] [32mBuilding CXX object CMakeFiles/micro_ros_msgs__rosidl_typesupport_introspection_cpp.dir/rosidl_typesupport_introspection_cpp/micro_ros_msgs/msg/detail/node__type_support.cpp.o[0m
[2.371s] [ 35%] [32mBuilding C object CMakeFiles/micro_ros_msgs__rosidl_typesupport_introspection_c.dir/rosidl_typesupport_introspection_c/micro_ros_msgs/msg/detail/graph__type_support.c.o[0m
[2.378s] [ 37%] [32mBuilding C object CMakeFiles/micro_ros_msgs__rosidl_typesupport_microxrcedds_c.dir/rosidl_typesupport_microxrcedds_c/micro_ros_msgs/msg/detail/microxrcedds/graph__type_support_c.c.o[0m
[2.402s] [ 38%] [32mBuilding CXX object CMakeFiles/micro_ros_msgs__rosidl_typesupport_c.dir/rosidl_typesupport_c/micro_ros_msgs/msg/graph__type_support.cpp.o[0m
[2.420s] [ 40%] [32mBuilding CXX object CMakeFiles/micro_ros_msgs__rosidl_typesupport_microxrcedds_cpp.dir/rosidl_typesupport_microxrcedds_cpp/micro_ros_msgs/msg/detail/microxrcedds/graph__type_support_cpp.cpp.o[0m
[2.420s] [ 42%] [32mBuilding C object CMakeFiles/micro_ros_msgs__rosidl_typesupport_introspection_c.dir/rosidl_typesupport_introspection_c/micro_ros_msgs/msg/detail/node__type_support.c.o[0m
[2.422s] [ 44%] [32mBuilding CXX object CMakeFiles/micro_ros_msgs__rosidl_typesupport_fastrtps_cpp.dir/rosidl_typesupport_fastrtps_cpp/micro_ros_msgs/msg/detail/dds_fastrtps/graph__type_support.cpp.o[0m
[2.432s] [ 45%] [32mBuilding C object CMakeFiles/micro_ros_msgs__rosidl_typesupport_microxrcedds_c.dir/rosidl_typesupport_microxrcedds_c/micro_ros_msgs/msg/detail/microxrcedds/node__type_support_c.c.o[0m
[2.438s] [ 47%] [32mBuilding CXX object CMakeFiles/micro_ros_msgs__rosidl_typesupport_microxrcedds_cpp.dir/rosidl_typesupport_microxrcedds_cpp/micro_ros_msgs/msg/detail/microxrcedds/node__type_support_cpp.cpp.o[0m
[2.442s] [ 50%] [32mBuilding CXX object CMakeFiles/micro_ros_msgs__rosidl_typesupport_c.dir/rosidl_typesupport_c/micro_ros_msgs/msg/entity__type_support.cpp.o[0m
[2.443s] [ 50%] [32mBuilding CXX object CMakeFiles/micro_ros_msgs__rosidl_typesupport_c.dir/rosidl_typesupport_c/micro_ros_msgs/msg/node__type_support.cpp.o[0m
[2.452s] [ 52%] [32m[1mLinking CXX shared library libmicro_ros_msgs__rosidl_typesupport_cpp.so[0m
[2.466s] [ 54%] [32mBuilding C object CMakeFiles/micro_ros_msgs__rosidl_typesupport_introspection_c.dir/rosidl_typesupport_introspection_c/micro_ros_msgs/msg/detail/entity__type_support.c.o[0m
[2.484s] [ 55%] [32m[1mLinking CXX shared library libmicro_ros_msgs__rosidl_typesupport_c.so[0m
[2.486s] [ 57%] [32mBuilding CXX object CMakeFiles/micro_ros_msgs__rosidl_typesupport_microxrcedds_cpp.dir/rosidl_typesupport_microxrcedds_cpp/micro_ros_msgs/msg/detail/microxrcedds/entity__type_support_cpp.cpp.o[0m
[2.487s] [ 59%] [32mBuilding C object CMakeFiles/micro_ros_msgs__rosidl_typesupport_microxrcedds_c.dir/rosidl_typesupport_microxrcedds_c/micro_ros_msgs/msg/detail/microxrcedds/entity__type_support_c.c.o[0m
[2.493s] [ 61%] [32mBuilding CXX object CMakeFiles/micro_ros_msgs__rosidl_typesupport_fastrtps_c.dir/rosidl_typesupport_fastrtps_c/micro_ros_msgs/msg/detail/graph__type_support_c.cpp.o[0m
[2.505s] [ 61%] Built target micro_ros_msgs__rosidl_typesupport_cpp
[2.517s] [ 62%] [32m[1mLinking C shared library libmicro_ros_msgs__rosidl_typesupport_introspection_c.so[0m
[2.524s] [ 64%] [32mBuilding CXX object CMakeFiles/micro_ros_msgs__rosidl_typesupport_fastrtps_c.dir/rosidl_typesupport_fastrtps_c/micro_ros_msgs/msg/detail/node__type_support_c.cpp.o[0m
[2.541s] [ 66%] [32m[1mLinking C shared library libmicro_ros_msgs__rosidl_typesupport_microxrcedds_c.so[0m
[2.543s] [ 66%] Built target micro_ros_msgs__rosidl_typesupport_c
[2.557s] [ 67%] [32mBuilding CXX object CMakeFiles/micro_ros_msgs__rosidl_typesupport_fastrtps_cpp.dir/rosidl_typesupport_fastrtps_cpp/micro_ros_msgs/msg/detail/dds_fastrtps/node__type_support.cpp.o[0m
[2.557s] [ 67%] Built target micro_ros_msgs__rosidl_typesupport_introspection_c
[2.571s] [ 69%] [32mBuilding CXX object CMakeFiles/micro_ros_msgs__rosidl_typesupport_fastrtps_c.dir/rosidl_typesupport_fastrtps_c/micro_ros_msgs/msg/detail/entity__type_support_c.cpp.o[0m
[2.592s] [ 69%] Built target micro_ros_msgs__rosidl_typesupport_microxrcedds_c
[2.606s] [ 71%] [32mBuilding CXX object CMakeFiles/micro_ros_msgs__rosidl_typesupport_fastrtps_cpp.dir/rosidl_typesupport_fastrtps_cpp/micro_ros_msgs/msg/detail/dds_fastrtps/entity__type_support.cpp.o[0m
[2.751s] [ 72%] [32m[1mLinking CXX shared library libmicro_ros_msgs__rosidl_typesupport_introspection_cpp.so[0m
[2.849s] [ 74%] [32m[1mLinking CXX shared library libmicro_ros_msgs__rosidl_typesupport_microxrcedds_cpp.so[0m
[2.861s] [ 74%] Built target micro_ros_msgs__rosidl_typesupport_introspection_cpp
[2.867s] [ 76%] [32m[1mLinking CXX shared library libmicro_ros_msgs__rosidl_typesupport_fastrtps_c.so[0m
[2.915s] [ 76%] Built target micro_ros_msgs__rosidl_typesupport_microxrcedds_cpp
[2.928s] [ 76%] Built target micro_ros_msgs__rosidl_typesupport_fastrtps_c
[2.965s] [ 77%] [32m[1mLinking CXX shared library libmicro_ros_msgs__rosidl_typesupport_fastrtps_cpp.so[0m
[3.021s] [ 77%] Built target micro_ros_msgs__rosidl_typesupport_fastrtps_cpp
[3.041s] [ 77%] Built target micro_ros_msgs
[3.060s] [ 79%] [34m[1mGenerating Python code for ROS interfaces[0m
[3.417s] [ 79%] Built target micro_ros_msgs__py
[3.441s] [ 83%] [32mBuilding C object CMakeFiles/micro_ros_msgs__rosidl_generator_py.dir/rosidl_generator_py/micro_ros_msgs/msg/_entity_s.c.o[0m
[3.441s] [ 83%] [32mBuilding C object CMakeFiles/micro_ros_msgs__rosidl_generator_py.dir/rosidl_generator_py/micro_ros_msgs/msg/_graph_s.c.o[0m
[3.441s] [ 84%] [32mBuilding C object CMakeFiles/micro_ros_msgs__rosidl_generator_py.dir/rosidl_generator_py/micro_ros_msgs/msg/_node_s.c.o[0m
[3.536s] [ 86%] [32m[1mLinking C shared library rosidl_generator_py/micro_ros_msgs/libmicro_ros_msgs__rosidl_generator_py.so[0m
[3.568s] [ 86%] Built target micro_ros_msgs__rosidl_generator_py
[3.589s] [ 93%] [32mBuilding C object CMakeFiles/micro_ros_msgs__rosidl_typesupport_fastrtps_c__pyext.dir/rosidl_generator_py/micro_ros_msgs/_micro_ros_msgs_s.ep.rosidl_typesupport_fastrtps_c.c.o[0m
[3.589s] [ 93%] [32mBuilding C object CMakeFiles/micro_ros_msgs__rosidl_typesupport_c__pyext.dir/rosidl_generator_py/micro_ros_msgs/_micro_ros_msgs_s.ep.rosidl_typesupport_c.c.o[0m
[3.589s] [ 93%] [32mBuilding C object CMakeFiles/micro_ros_msgs__rosidl_typesupport_microxrcedds_c__pyext.dir/rosidl_generator_py/micro_ros_msgs/_micro_ros_msgs_s.ep.rosidl_typesupport_microxrcedds_c.c.o[0m
[3.589s] [ 93%] [32mBuilding C object CMakeFiles/micro_ros_msgs__rosidl_typesupport_introspection_c__pyext.dir/rosidl_generator_py/micro_ros_msgs/_micro_ros_msgs_s.ep.rosidl_typesupport_introspection_c.c.o[0m
[3.655s] [ 98%] [32m[1mLinking C shared library rosidl_generator_py/micro_ros_msgs/micro_ros_msgs_s__rosidl_typesupport_c.cpython-310-x86_64-linux-gnu.so[0m
[3.655s] [ 98%] [32m[1mLinking C shared library rosidl_generator_py/micro_ros_msgs/micro_ros_msgs_s__rosidl_typesupport_introspection_c.cpython-310-x86_64-linux-gnu.so[0m
[3.655s] [ 98%] [32m[1mLinking C shared library rosidl_generator_py/micro_ros_msgs/micro_ros_msgs_s__rosidl_typesupport_microxrcedds_c.cpython-310-x86_64-linux-gnu.so[0m
[3.657s] [100%] [32m[1mLinking C shared library rosidl_generator_py/micro_ros_msgs/micro_ros_msgs_s__rosidl_typesupport_fastrtps_c.cpython-310-x86_64-linux-gnu.so[0m
[3.686s] [100%] Built target micro_ros_msgs__rosidl_typesupport_fastrtps_c__pyext
[3.686s] [100%] Built target micro_ros_msgs__rosidl_typesupport_introspection_c__pyext
[3.686s] [100%] Built target micro_ros_msgs__rosidl_typesupport_microxrcedds_c__pyext
[3.686s] [100%] Built target micro_ros_msgs__rosidl_typesupport_c__pyext
[3.696s] Invoked command in '/home/b/cleaner_ws/build/micro_ros_msgs' returned '0': CMAKE_PREFIX_PATH=${CMAKE_PREFIX_PATH}:/home/b/microros_ws/install/sensor_msgs_py:/opt/ros/humble /usr/bin/cmake --build /home/b/cleaner_ws/build/micro_ros_msgs -- -j12 -l12
[3.704s] Invoking command in '/home/b/cleaner_ws/build/micro_ros_msgs': CMAKE_PREFIX_PATH=${CMAKE_PREFIX_PATH}:/home/b/microros_ws/install/sensor_msgs_py:/opt/ros/humble /usr/bin/cmake --install /home/b/cleaner_ws/build/micro_ros_msgs
[3.711s] -- Install configuration: ""
[3.711s] -- Installing: /home/b/cleaner_ws/install/micro_ros_msgs/share/ament_index/resource_index/rosidl_interfaces/micro_ros_msgs
[3.711s] -- Installing: /home/b/cleaner_ws/install/micro_ros_msgs/include/micro_ros_msgs/micro_ros_msgs
[3.711s] -- Installing: /home/b/cleaner_ws/install/micro_ros_msgs/include/micro_ros_msgs/micro_ros_msgs/msg
[3.711s] -- Installing: /home/b/cleaner_ws/install/micro_ros_msgs/include/micro_ros_msgs/micro_ros_msgs/msg/graph.h
[3.711s] -- Installing: /home/b/cleaner_ws/install/micro_ros_msgs/include/micro_ros_msgs/micro_ros_msgs/msg/entity.h
[3.711s] -- Installing: /home/b/cleaner_ws/install/micro_ros_msgs/include/micro_ros_msgs/micro_ros_msgs/msg/detail
[3.711s] -- Installing: /home/b/cleaner_ws/install/micro_ros_msgs/include/micro_ros_msgs/micro_ros_msgs/msg/detail/graph__struct.h
[3.711s] -- Installing: /home/b/cleaner_ws/install/micro_ros_msgs/include/micro_ros_msgs/micro_ros_msgs/msg/detail/graph__functions.c
[3.711s] -- Installing: /home/b/cleaner_ws/install/micro_ros_msgs/include/micro_ros_msgs/micro_ros_msgs/msg/detail/node__struct.h
[3.711s] -- Installing: /home/b/cleaner_ws/install/micro_ros_msgs/include/micro_ros_msgs/micro_ros_msgs/msg/detail/node__functions.c
[3.711s] -- Installing: /home/b/cleaner_ws/install/micro_ros_msgs/include/micro_ros_msgs/micro_ros_msgs/msg/detail/entity__struct.h
[3.711s] -- Installing: /home/b/cleaner_ws/install/micro_ros_msgs/include/micro_ros_msgs/micro_ros_msgs/msg/detail/graph__type_support.h
[3.711s] -- Installing: /home/b/cleaner_ws/install/micro_ros_msgs/include/micro_ros_msgs/micro_ros_msgs/msg/detail/entity__functions.h
[3.711s] -- Installing: /home/b/cleaner_ws/install/micro_ros_msgs/include/micro_ros_msgs/micro_ros_msgs/msg/detail/entity__type_support.h
[3.712s] -- Installing: /home/b/cleaner_ws/install/micro_ros_msgs/include/micro_ros_msgs/micro_ros_msgs/msg/detail/node__type_support.h
[3.712s] -- Installing: /home/b/cleaner_ws/install/micro_ros_msgs/include/micro_ros_msgs/micro_ros_msgs/msg/detail/entity__functions.c
[3.712s] -- Installing: /home/b/cleaner_ws/install/micro_ros_msgs/include/micro_ros_msgs/micro_ros_msgs/msg/detail/node__functions.h
[3.712s] -- Installing: /home/b/cleaner_ws/install/micro_ros_msgs/include/micro_ros_msgs/micro_ros_msgs/msg/detail/graph__functions.h
[3.712s] -- Installing: /home/b/cleaner_ws/install/micro_ros_msgs/include/micro_ros_msgs/micro_ros_msgs/msg/node.h
[3.712s] -- Installing: /home/b/cleaner_ws/install/micro_ros_msgs/include/micro_ros_msgs/micro_ros_msgs/msg/rosidl_generator_c__visibility_control.h
[3.712s] -- Installing: /home/b/cleaner_ws/install/micro_ros_msgs/share/micro_ros_msgs/environment/library_path.sh
[3.712s] -- Installing: /home/b/cleaner_ws/install/micro_ros_msgs/share/micro_ros_msgs/environment/library_path.dsv
[3.712s] -- Installing: /home/b/cleaner_ws/install/micro_ros_msgs/lib/libmicro_ros_msgs__rosidl_generator_c.so
[3.712s] -- Set runtime path of "/home/b/cleaner_ws/install/micro_ros_msgs/lib/libmicro_ros_msgs__rosidl_generator_c.so" to ""
[3.712s] -- Up-to-date: /home/b/cleaner_ws/install/micro_ros_msgs/include/micro_ros_msgs
[3.712s] -- Installing: /home/b/cleaner_ws/install/micro_ros_msgs/include/micro_ros_msgs/msg
[3.712s] -- Installing: /home/b/cleaner_ws/install/micro_ros_msgs/include/micro_ros_msgs/msg/rosidl_typesupport_microxrcedds_c__visibility_control.h
[3.712s] -- Installing: /home/b/cleaner_ws/install/micro_ros_msgs/include/micro_ros_msgs/msg/detail
[3.712s] -- Installing: /home/b/cleaner_ws/install/micro_ros_msgs/include/micro_ros_msgs/msg/detail/microxrcedds
[3.712s] -- Installing: /home/b/cleaner_ws/install/micro_ros_msgs/include/micro_ros_msgs/msg/detail/entity__rosidl_typesupport_microxrcedds_c.h
[3.713s] -- Installing: /home/b/cleaner_ws/install/micro_ros_msgs/include/micro_ros_msgs/msg/detail/node__rosidl_typesupport_microxrcedds_c.h
[3.713s] -- Installing: /home/b/cleaner_ws/install/micro_ros_msgs/include/micro_ros_msgs/msg/detail/graph__rosidl_typesupport_microxrcedds_c.h
[3.713s] -- Installing: /home/b/cleaner_ws/install/micro_ros_msgs/lib/libmicro_ros_msgs__rosidl_typesupport_microxrcedds_c.so
[3.713s] -- Set runtime path of "/home/b/cleaner_ws/install/micro_ros_msgs/lib/libmicro_ros_msgs__rosidl_typesupport_microxrcedds_c.so" to ""
[3.713s] -- Up-to-date: /home/b/cleaner_ws/install/micro_ros_msgs/include/micro_ros_msgs/micro_ros_msgs
[3.713s] -- Up-to-date: /home/b/cleaner_ws/install/micro_ros_msgs/include/micro_ros_msgs/micro_ros_msgs/msg
[3.713s] -- Installing: /home/b/cleaner_ws/install/micro_ros_msgs/include/micro_ros_msgs/micro_ros_msgs/msg/rosidl_typesupport_fastrtps_c__visibility_control.h
[3.713s] -- Up-to-date: /home/b/cleaner_ws/install/micro_ros_msgs/include/micro_ros_msgs/micro_ros_msgs/msg/detail
[3.713s] -- Installing: /home/b/cleaner_ws/install/micro_ros_msgs/include/micro_ros_msgs/micro_ros_msgs/msg/detail/graph__rosidl_typesupport_fastrtps_c.h
[3.713s] -- Installing: /home/b/cleaner_ws/install/micro_ros_msgs/include/micro_ros_msgs/micro_ros_msgs/msg/detail/node__rosidl_typesupport_fastrtps_c.h
[3.713s] -- Installing: /home/b/cleaner_ws/install/micro_ros_msgs/include/micro_ros_msgs/micro_ros_msgs/msg/detail/entity__rosidl_typesupport_fastrtps_c.h
[3.713s] -- Installing: /home/b/cleaner_ws/install/micro_ros_msgs/lib/libmicro_ros_msgs__rosidl_typesupport_fastrtps_c.so
[3.713s] -- Set runtime path of "/home/b/cleaner_ws/install/micro_ros_msgs/lib/libmicro_ros_msgs__rosidl_typesupport_fastrtps_c.so" to ""
[3.713s] -- Up-to-date: /home/b/cleaner_ws/install/micro_ros_msgs/include/micro_ros_msgs/micro_ros_msgs
[3.713s] -- Up-to-date: /home/b/cleaner_ws/install/micro_ros_msgs/include/micro_ros_msgs/micro_ros_msgs/msg
[3.713s] -- Up-to-date: /home/b/cleaner_ws/install/micro_ros_msgs/include/micro_ros_msgs/micro_ros_msgs/msg/detail
[3.713s] -- Installing: /home/b/cleaner_ws/install/micro_ros_msgs/include/micro_ros_msgs/micro_ros_msgs/msg/detail/graph__rosidl_typesupport_introspection_c.h
[3.713s] -- Installing: /home/b/cleaner_ws/install/micro_ros_msgs/include/micro_ros_msgs/micro_ros_msgs/msg/detail/entity__type_support.c
[3.713s] -- Installing: /home/b/cleaner_ws/install/micro_ros_msgs/include/micro_ros_msgs/micro_ros_msgs/msg/detail/entity__rosidl_typesupport_introspection_c.h
[3.713s] -- Installing: /home/b/cleaner_ws/install/micro_ros_msgs/include/micro_ros_msgs/micro_ros_msgs/msg/detail/node__type_support.c
[3.713s] -- Installing: /home/b/cleaner_ws/install/micro_ros_msgs/include/micro_ros_msgs/micro_ros_msgs/msg/detail/graph__type_support.c
[3.713s] -- Installing: /home/b/cleaner_ws/install/micro_ros_msgs/include/micro_ros_msgs/micro_ros_msgs/msg/detail/node__rosidl_typesupport_introspection_c.h
[3.714s] -- Installing: /home/b/cleaner_ws/install/micro_ros_msgs/include/micro_ros_msgs/micro_ros_msgs/msg/rosidl_typesupport_introspection_c__visibility_control.h
[3.714s] -- Installing: /home/b/cleaner_ws/install/micro_ros_msgs/lib/libmicro_ros_msgs__rosidl_typesupport_introspection_c.so
[3.714s] -- Set runtime path of "/home/b/cleaner_ws/install/micro_ros_msgs/lib/libmicro_ros_msgs__rosidl_typesupport_introspection_c.so" to ""
[3.714s] -- Installing: /home/b/cleaner_ws/install/micro_ros_msgs/lib/libmicro_ros_msgs__rosidl_typesupport_c.so
[3.714s] -- Set runtime path of "/home/b/cleaner_ws/install/micro_ros_msgs/lib/libmicro_ros_msgs__rosidl_typesupport_c.so" to ""
[3.714s] -- Up-to-date: /home/b/cleaner_ws/install/micro_ros_msgs/include/micro_ros_msgs/micro_ros_msgs
[3.714s] -- Up-to-date: /home/b/cleaner_ws/install/micro_ros_msgs/include/micro_ros_msgs/micro_ros_msgs/msg
[3.714s] -- Installing: /home/b/cleaner_ws/install/micro_ros_msgs/include/micro_ros_msgs/micro_ros_msgs/msg/entity.hpp
[3.714s] -- Up-to-date: /home/b/cleaner_ws/install/micro_ros_msgs/include/micro_ros_msgs/micro_ros_msgs/msg/detail
[3.714s] -- Installing: /home/b/cleaner_ws/install/micro_ros_msgs/include/micro_ros_msgs/micro_ros_msgs/msg/detail/graph__builder.hpp
[3.714s] -- Installing: /home/b/cleaner_ws/install/micro_ros_msgs/include/micro_ros_msgs/micro_ros_msgs/msg/detail/entity__type_support.hpp
[3.714s] -- Installing: /home/b/cleaner_ws/install/micro_ros_msgs/include/micro_ros_msgs/micro_ros_msgs/msg/detail/graph__struct.hpp
[3.714s] -- Installing: /home/b/cleaner_ws/install/micro_ros_msgs/include/micro_ros_msgs/micro_ros_msgs/msg/detail/graph__type_support.hpp
[3.714s] -- Installing: /home/b/cleaner_ws/install/micro_ros_msgs/include/micro_ros_msgs/micro_ros_msgs/msg/detail/node__traits.hpp
[3.714s] -- Installing: /home/b/cleaner_ws/install/micro_ros_msgs/include/micro_ros_msgs/micro_ros_msgs/msg/detail/entity__traits.hpp
[3.714s] -- Installing: /home/b/cleaner_ws/install/micro_ros_msgs/include/micro_ros_msgs/micro_ros_msgs/msg/detail/node__type_support.hpp
[3.714s] -- Installing: /home/b/cleaner_ws/install/micro_ros_msgs/include/micro_ros_msgs/micro_ros_msgs/msg/detail/node__builder.hpp
[3.714s] -- Installing: /home/b/cleaner_ws/install/micro_ros_msgs/include/micro_ros_msgs/micro_ros_msgs/msg/detail/entity__struct.hpp
[3.714s] -- Installing: /home/b/cleaner_ws/install/micro_ros_msgs/include/micro_ros_msgs/micro_ros_msgs/msg/detail/node__struct.hpp
[3.715s] -- Installing: /home/b/cleaner_ws/install/micro_ros_msgs/include/micro_ros_msgs/micro_ros_msgs/msg/detail/entity__builder.hpp
[3.715s] -- Installing: /home/b/cleaner_ws/install/micro_ros_msgs/include/micro_ros_msgs/micro_ros_msgs/msg/detail/graph__traits.hpp
[3.715s] -- Installing: /home/b/cleaner_ws/install/micro_ros_msgs/include/micro_ros_msgs/micro_ros_msgs/msg/rosidl_generator_cpp__visibility_control.hpp
[3.715s] -- Installing: /home/b/cleaner_ws/install/micro_ros_msgs/include/micro_ros_msgs/micro_ros_msgs/msg/node.hpp
[3.715s] -- Installing: /home/b/cleaner_ws/install/micro_ros_msgs/include/micro_ros_msgs/micro_ros_msgs/msg/graph.hpp
[3.715s] -- Up-to-date: /home/b/cleaner_ws/install/micro_ros_msgs/include/micro_ros_msgs
[3.715s] -- Up-to-date: /home/b/cleaner_ws/install/micro_ros_msgs/include/micro_ros_msgs/msg
[3.715s] -- Up-to-date: /home/b/cleaner_ws/install/micro_ros_msgs/include/micro_ros_msgs/msg/detail
[3.715s] -- Up-to-date: /home/b/cleaner_ws/install/micro_ros_msgs/include/micro_ros_msgs/msg/detail/microxrcedds
[3.715s] -- Installing: /home/b/cleaner_ws/install/micro_ros_msgs/include/micro_ros_msgs/msg/detail/microxrcedds/entity__type_support_cpp.cpp
[3.715s] -- Installing: /home/b/cleaner_ws/install/micro_ros_msgs/include/micro_ros_msgs/msg/detail/microxrcedds/graph__type_support_cpp.cpp
[3.715s] -- Installing: /home/b/cleaner_ws/install/micro_ros_msgs/include/micro_ros_msgs/msg/detail/microxrcedds/node__type_support_cpp.cpp
[3.715s] -- Installing: /home/b/cleaner_ws/install/micro_ros_msgs/include/micro_ros_msgs/msg/detail/node__rosidl_typesupport_microxrcedds_cpp.hpp
[3.715s] -- Installing: /home/b/cleaner_ws/install/micro_ros_msgs/include/micro_ros_msgs/msg/detail/graph__rosidl_typesupport_microxrcedds_cpp.hpp
[3.715s] -- Installing: /home/b/cleaner_ws/install/micro_ros_msgs/include/micro_ros_msgs/msg/detail/entity__rosidl_typesupport_microxrcedds_cpp.hpp
[3.715s] -- Installing: /home/b/cleaner_ws/install/micro_ros_msgs/include/micro_ros_msgs/msg/rosidl_typesupport_microxrcedds_cpp__visibility_control.h
[3.715s] -- Installing: /home/b/cleaner_ws/install/micro_ros_msgs/lib/libmicro_ros_msgs__rosidl_typesupport_microxrcedds_cpp.so
[3.715s] -- Set runtime path of "/home/b/cleaner_ws/install/micro_ros_msgs/lib/libmicro_ros_msgs__rosidl_typesupport_microxrcedds_cpp.so" to ""
[3.715s] -- Up-to-date: /home/b/cleaner_ws/install/micro_ros_msgs/include/micro_ros_msgs/micro_ros_msgs
[3.716s] -- Up-to-date: /home/b/cleaner_ws/install/micro_ros_msgs/include/micro_ros_msgs/micro_ros_msgs/msg
[3.716s] -- Installing: /home/b/cleaner_ws/install/micro_ros_msgs/include/micro_ros_msgs/micro_ros_msgs/msg/rosidl_typesupport_fastrtps_cpp__visibility_control.h
[3.716s] -- Up-to-date: /home/b/cleaner_ws/install/micro_ros_msgs/include/micro_ros_msgs/micro_ros_msgs/msg/detail
[3.716s] -- Installing: /home/b/cleaner_ws/install/micro_ros_msgs/include/micro_ros_msgs/micro_ros_msgs/msg/detail/dds_fastrtps
[3.716s] -- Installing: /home/b/cleaner_ws/install/micro_ros_msgs/include/micro_ros_msgs/micro_ros_msgs/msg/detail/graph__rosidl_typesupport_fastrtps_cpp.hpp
[3.716s] -- Installing: /home/b/cleaner_ws/install/micro_ros_msgs/include/micro_ros_msgs/micro_ros_msgs/msg/detail/node__rosidl_typesupport_fastrtps_cpp.hpp
[3.716s] -- Installing: /home/b/cleaner_ws/install/micro_ros_msgs/include/micro_ros_msgs/micro_ros_msgs/msg/detail/entity__rosidl_typesupport_fastrtps_cpp.hpp
[3.716s] -- Installing: /home/b/cleaner_ws/install/micro_ros_msgs/lib/libmicro_ros_msgs__rosidl_typesupport_fastrtps_cpp.so
[3.716s] -- Set runtime path of "/home/b/cleaner_ws/install/micro_ros_msgs/lib/libmicro_ros_msgs__rosidl_typesupport_fastrtps_cpp.so" to ""
[3.716s] -- Up-to-date: /home/b/cleaner_ws/install/micro_ros_msgs/include/micro_ros_msgs/micro_ros_msgs
[3.716s] -- Up-to-date: /home/b/cleaner_ws/install/micro_ros_msgs/include/micro_ros_msgs/micro_ros_msgs/msg
[3.716s] -- Up-to-date: /home/b/cleaner_ws/install/micro_ros_msgs/include/micro_ros_msgs/micro_ros_msgs/msg/detail
[3.716s] -- Installing: /home/b/cleaner_ws/install/micro_ros_msgs/include/micro_ros_msgs/micro_ros_msgs/msg/detail/entity__type_support.cpp
[3.716s] -- Installing: /home/b/cleaner_ws/install/micro_ros_msgs/include/micro_ros_msgs/micro_ros_msgs/msg/detail/graph__rosidl_typesupport_introspection_cpp.hpp
[3.716s] -- Installing: /home/b/cleaner_ws/install/micro_ros_msgs/include/micro_ros_msgs/micro_ros_msgs/msg/detail/entity__rosidl_typesupport_introspection_cpp.hpp
[3.716s] -- Installing: /home/b/cleaner_ws/install/micro_ros_msgs/include/micro_ros_msgs/micro_ros_msgs/msg/detail/graph__type_support.cpp
[3.716s] -- Installing: /home/b/cleaner_ws/install/micro_ros_msgs/include/micro_ros_msgs/micro_ros_msgs/msg/detail/node__rosidl_typesupport_introspection_cpp.hpp
[3.716s] -- Installing: /home/b/cleaner_ws/install/micro_ros_msgs/include/micro_ros_msgs/micro_ros_msgs/msg/detail/node__type_support.cpp
[3.716s] -- Installing: /home/b/cleaner_ws/install/micro_ros_msgs/lib/libmicro_ros_msgs__rosidl_typesupport_introspection_cpp.so
[3.717s] -- Set runtime path of "/home/b/cleaner_ws/install/micro_ros_msgs/lib/libmicro_ros_msgs__rosidl_typesupport_introspection_cpp.so" to ""
[3.717s] -- Installing: /home/b/cleaner_ws/install/micro_ros_msgs/lib/libmicro_ros_msgs__rosidl_typesupport_cpp.so
[3.717s] -- Set runtime path of "/home/b/cleaner_ws/install/micro_ros_msgs/lib/libmicro_ros_msgs__rosidl_typesupport_cpp.so" to ""
[3.717s] -- Installing: /home/b/cleaner_ws/install/micro_ros_msgs/share/micro_ros_msgs/environment/pythonpath.sh
[3.717s] -- Installing: /home/b/cleaner_ws/install/micro_ros_msgs/share/micro_ros_msgs/environment/pythonpath.dsv
[3.717s] -- Installing: /home/b/cleaner_ws/install/micro_ros_msgs/local/lib/python3.10/dist-packages/micro_ros_msgs-3.0.1-py3.10.egg-info
[3.717s] -- Installing: /home/b/cleaner_ws/install/micro_ros_msgs/local/lib/python3.10/dist-packages/micro_ros_msgs-3.0.1-py3.10.egg-info/SOURCES.txt
[3.717s] -- Installing: /home/b/cleaner_ws/install/micro_ros_msgs/local/lib/python3.10/dist-packages/micro_ros_msgs-3.0.1-py3.10.egg-info/dependency_links.txt
[3.717s] -- Installing: /home/b/cleaner_ws/install/micro_ros_msgs/local/lib/python3.10/dist-packages/micro_ros_msgs-3.0.1-py3.10.egg-info/top_level.txt
[3.717s] -- Installing: /home/b/cleaner_ws/install/micro_ros_msgs/local/lib/python3.10/dist-packages/micro_ros_msgs-3.0.1-py3.10.egg-info/PKG-INFO
[3.717s] -- Installing: /home/b/cleaner_ws/install/micro_ros_msgs/local/lib/python3.10/dist-packages/micro_ros_msgs
[3.717s] -- Installing: /home/b/cleaner_ws/install/micro_ros_msgs/local/lib/python3.10/dist-packages/micro_ros_msgs/micro_ros_msgs_s__rosidl_typesupport_microxrcedds_c.cpython-310-x86_64-linux-gnu.so
[3.717s] -- Installing: /home/b/cleaner_ws/install/micro_ros_msgs/local/lib/python3.10/dist-packages/micro_ros_msgs/_micro_ros_msgs_s.ep.rosidl_typesupport_introspection_c.c
[3.717s] -- Installing: /home/b/cleaner_ws/install/micro_ros_msgs/local/lib/python3.10/dist-packages/micro_ros_msgs/micro_ros_msgs_s__rosidl_typesupport_fastrtps_c.cpython-310-x86_64-linux-gnu.so
[3.717s] -- Installing: /home/b/cleaner_ws/install/micro_ros_msgs/local/lib/python3.10/dist-packages/micro_ros_msgs/micro_ros_msgs_s__rosidl_typesupport_introspection_c.cpython-310-x86_64-linux-gnu.so
[3.718s] -- Installing: /home/b/cleaner_ws/install/micro_ros_msgs/local/lib/python3.10/dist-packages/micro_ros_msgs/_micro_ros_msgs_s.ep.rosidl_typesupport_fastrtps_c.c
[3.718s] -- Installing: /home/b/cleaner_ws/install/micro_ros_msgs/local/lib/python3.10/dist-packages/micro_ros_msgs/libmicro_ros_msgs__rosidl_generator_py.so
[3.718s] -- Installing: /home/b/cleaner_ws/install/micro_ros_msgs/local/lib/python3.10/dist-packages/micro_ros_msgs/__init__.py
[3.718s] -- Installing: /home/b/cleaner_ws/install/micro_ros_msgs/local/lib/python3.10/dist-packages/micro_ros_msgs/micro_ros_msgs_s__rosidl_typesupport_c.cpython-310-x86_64-linux-gnu.so
[3.718s] -- Installing: /home/b/cleaner_ws/install/micro_ros_msgs/local/lib/python3.10/dist-packages/micro_ros_msgs/_micro_ros_msgs_s.ep.rosidl_typesupport_c.c
[3.718s] -- Installing: /home/b/cleaner_ws/install/micro_ros_msgs/local/lib/python3.10/dist-packages/micro_ros_msgs/_micro_ros_msgs_s.ep.rosidl_typesupport_microxrcedds_c.c
[3.718s] -- Installing: /home/b/cleaner_ws/install/micro_ros_msgs/local/lib/python3.10/dist-packages/micro_ros_msgs/msg
[3.718s] -- Installing: /home/b/cleaner_ws/install/micro_ros_msgs/local/lib/python3.10/dist-packages/micro_ros_msgs/msg/_node_s.c
[3.718s] -- Installing: /home/b/cleaner_ws/install/micro_ros_msgs/local/lib/python3.10/dist-packages/micro_ros_msgs/msg/_node.py
[3.718s] -- Installing: /home/b/cleaner_ws/install/micro_ros_msgs/local/lib/python3.10/dist-packages/micro_ros_msgs/msg/_graph.py
[3.718s] -- Installing: /home/b/cleaner_ws/install/micro_ros_msgs/local/lib/python3.10/dist-packages/micro_ros_msgs/msg/_graph_s.c
[3.718s] -- Installing: /home/b/cleaner_ws/install/micro_ros_msgs/local/lib/python3.10/dist-packages/micro_ros_msgs/msg/__init__.py
[3.718s] -- Installing: /home/b/cleaner_ws/install/micro_ros_msgs/local/lib/python3.10/dist-packages/micro_ros_msgs/msg/_entity_s.c
[3.718s] -- Installing: /home/b/cleaner_ws/install/micro_ros_msgs/local/lib/python3.10/dist-packages/micro_ros_msgs/msg/_entity.py
[3.752s] Listing '/home/b/cleaner_ws/install/micro_ros_msgs/local/lib/python3.10/dist-packages/micro_ros_msgs'...
[3.752s] Compiling '/home/b/cleaner_ws/install/micro_ros_msgs/local/lib/python3.10/dist-packages/micro_ros_msgs/__init__.py'...
[3.752s] Listing '/home/b/cleaner_ws/install/micro_ros_msgs/local/lib/python3.10/dist-packages/micro_ros_msgs/msg'...
[3.752s] Compiling '/home/b/cleaner_ws/install/micro_ros_msgs/local/lib/python3.10/dist-packages/micro_ros_msgs/msg/__init__.py'...
[3.752s] Compiling '/home/b/cleaner_ws/install/micro_ros_msgs/local/lib/python3.10/dist-packages/micro_ros_msgs/msg/_entity.py'...
[3.752s] Compiling '/home/b/cleaner_ws/install/micro_ros_msgs/local/lib/python3.10/dist-packages/micro_ros_msgs/msg/_graph.py'...
[3.752s] Compiling '/home/b/cleaner_ws/install/micro_ros_msgs/local/lib/python3.10/dist-packages/micro_ros_msgs/msg/_node.py'...
[3.755s] -- Installing: /home/b/cleaner_ws/install/micro_ros_msgs/local/lib/python3.10/dist-packages/micro_ros_msgs/micro_ros_msgs_s__rosidl_typesupport_microxrcedds_c.cpython-310-x86_64-linux-gnu.so
[3.755s] -- Set runtime path of "/home/b/cleaner_ws/install/micro_ros_msgs/local/lib/python3.10/dist-packages/micro_ros_msgs/micro_ros_msgs_s__rosidl_typesupport_microxrcedds_c.cpython-310-x86_64-linux-gnu.so" to ""
[3.755s] -- Installing: /home/b/cleaner_ws/install/micro_ros_msgs/local/lib/python3.10/dist-packages/micro_ros_msgs/micro_ros_msgs_s__rosidl_typesupport_fastrtps_c.cpython-310-x86_64-linux-gnu.so
[3.755s] -- Set runtime path of "/home/b/cleaner_ws/install/micro_ros_msgs/local/lib/python3.10/dist-packages/micro_ros_msgs/micro_ros_msgs_s__rosidl_typesupport_fastrtps_c.cpython-310-x86_64-linux-gnu.so" to ""
[3.755s] -- Installing: /home/b/cleaner_ws/install/micro_ros_msgs/local/lib/python3.10/dist-packages/micro_ros_msgs/micro_ros_msgs_s__rosidl_typesupport_introspection_c.cpython-310-x86_64-linux-gnu.so
[3.755s] -- Set runtime path of "/home/b/cleaner_ws/install/micro_ros_msgs/local/lib/python3.10/dist-packages/micro_ros_msgs/micro_ros_msgs_s__rosidl_typesupport_introspection_c.cpython-310-x86_64-linux-gnu.so" to ""
[3.755s] -- Installing: /home/b/cleaner_ws/install/micro_ros_msgs/local/lib/python3.10/dist-packages/micro_ros_msgs/micro_ros_msgs_s__rosidl_typesupport_c.cpython-310-x86_64-linux-gnu.so
[3.756s] -- Set runtime path of "/home/b/cleaner_ws/install/micro_ros_msgs/local/lib/python3.10/dist-packages/micro_ros_msgs/micro_ros_msgs_s__rosidl_typesupport_c.cpython-310-x86_64-linux-gnu.so" to ""
[3.756s] -- Installing: /home/b/cleaner_ws/install/micro_ros_msgs/lib/libmicro_ros_msgs__rosidl_generator_py.so
[3.756s] -- Set runtime path of "/home/b/cleaner_ws/install/micro_ros_msgs/lib/libmicro_ros_msgs__rosidl_generator_py.so" to ""
[3.756s] -- Installing: /home/b/cleaner_ws/install/micro_ros_msgs/share/micro_ros_msgs/msg/Graph.idl
[3.756s] -- Installing: /home/b/cleaner_ws/install/micro_ros_msgs/share/micro_ros_msgs/msg/Node.idl
[3.756s] -- Installing: /home/b/cleaner_ws/install/micro_ros_msgs/share/micro_ros_msgs/msg/Entity.idl
[3.756s] -- Installing: /home/b/cleaner_ws/install/micro_ros_msgs/share/micro_ros_msgs/msg/Graph.msg
[3.756s] -- Installing: /home/b/cleaner_ws/install/micro_ros_msgs/share/micro_ros_msgs/msg/Node.msg
[3.756s] -- Installing: /home/b/cleaner_ws/install/micro_ros_msgs/share/micro_ros_msgs/msg/Entity.msg
[3.756s] -- Installing: /home/b/cleaner_ws/install/micro_ros_msgs/share/ament_index/resource_index/package_run_dependencies/micro_ros_msgs
[3.756s] -- Installing: /home/b/cleaner_ws/install/micro_ros_msgs/share/ament_index/resource_index/parent_prefix_path/micro_ros_msgs
[3.756s] -- Installing: /home/b/cleaner_ws/install/micro_ros_msgs/share/micro_ros_msgs/environment/ament_prefix_path.sh
[3.756s] -- Installing: /home/b/cleaner_ws/install/micro_ros_msgs/share/micro_ros_msgs/environment/ament_prefix_path.dsv
[3.756s] -- Installing: /home/b/cleaner_ws/install/micro_ros_msgs/share/micro_ros_msgs/environment/path.sh
[3.757s] -- Installing: /home/b/cleaner_ws/install/micro_ros_msgs/share/micro_ros_msgs/environment/path.dsv
[3.757s] -- Installing: /home/b/cleaner_ws/install/micro_ros_msgs/share/micro_ros_msgs/local_setup.bash
[3.757s] -- Installing: /home/b/cleaner_ws/install/micro_ros_msgs/share/micro_ros_msgs/local_setup.sh
[3.757s] -- Installing: /home/b/cleaner_ws/install/micro_ros_msgs/share/micro_ros_msgs/local_setup.zsh
[3.757s] -- Installing: /home/b/cleaner_ws/install/micro_ros_msgs/share/micro_ros_msgs/local_setup.dsv
[3.757s] -- Installing: /home/b/cleaner_ws/install/micro_ros_msgs/share/micro_ros_msgs/package.dsv
[3.757s] -- Installing: /home/b/cleaner_ws/install/micro_ros_msgs/share/ament_index/resource_index/packages/micro_ros_msgs
[3.757s] -- Installing: /home/b/cleaner_ws/install/micro_ros_msgs/share/micro_ros_msgs/cmake/export_micro_ros_msgs__rosidl_generator_cExport.cmake
[3.757s] -- Installing: /home/b/cleaner_ws/install/micro_ros_msgs/share/micro_ros_msgs/cmake/export_micro_ros_msgs__rosidl_generator_cExport-noconfig.cmake
[3.757s] -- Installing: /home/b/cleaner_ws/install/micro_ros_msgs/share/micro_ros_msgs/cmake/export_micro_ros_msgs__rosidl_typesupport_fastrtps_cExport.cmake
[3.757s] -- Installing: /home/b/cleaner_ws/install/micro_ros_msgs/share/micro_ros_msgs/cmake/export_micro_ros_msgs__rosidl_typesupport_fastrtps_cExport-noconfig.cmake
[3.757s] -- Installing: /home/b/cleaner_ws/install/micro_ros_msgs/share/micro_ros_msgs/cmake/micro_ros_msgs__rosidl_typesupport_introspection_cExport.cmake
[3.757s] -- Installing: /home/b/cleaner_ws/install/micro_ros_msgs/share/micro_ros_msgs/cmake/micro_ros_msgs__rosidl_typesupport_introspection_cExport-noconfig.cmake
[3.757s] -- Installing: /home/b/cleaner_ws/install/micro_ros_msgs/share/micro_ros_msgs/cmake/micro_ros_msgs__rosidl_typesupport_cExport.cmake
[3.757s] -- Installing: /home/b/cleaner_ws/install/micro_ros_msgs/share/micro_ros_msgs/cmake/micro_ros_msgs__rosidl_typesupport_cExport-noconfig.cmake
[3.757s] -- Installing: /home/b/cleaner_ws/install/micro_ros_msgs/share/micro_ros_msgs/cmake/export_micro_ros_msgs__rosidl_generator_cppExport.cmake
[3.758s] -- Installing: /home/b/cleaner_ws/install/micro_ros_msgs/share/micro_ros_msgs/cmake/export_micro_ros_msgs__rosidl_typesupport_fastrtps_cppExport.cmake
[3.758s] -- Installing: /home/b/cleaner_ws/install/micro_ros_msgs/share/micro_ros_msgs/cmake/export_micro_ros_msgs__rosidl_typesupport_fastrtps_cppExport-noconfig.cmake
[3.758s] -- Installing: /home/b/cleaner_ws/install/micro_ros_msgs/share/micro_ros_msgs/cmake/micro_ros_msgs__rosidl_typesupport_introspection_cppExport.cmake
[3.758s] -- Installing: /home/b/cleaner_ws/install/micro_ros_msgs/share/micro_ros_msgs/cmake/micro_ros_msgs__rosidl_typesupport_introspection_cppExport-noconfig.cmake
[3.758s] -- Installing: /home/b/cleaner_ws/install/micro_ros_msgs/share/micro_ros_msgs/cmake/micro_ros_msgs__rosidl_typesupport_cppExport.cmake
[3.758s] -- Installing: /home/b/cleaner_ws/install/micro_ros_msgs/share/micro_ros_msgs/cmake/micro_ros_msgs__rosidl_typesupport_cppExport-noconfig.cmake
[3.758s] -- Installing: /home/b/cleaner_ws/install/micro_ros_msgs/share/micro_ros_msgs/cmake/export_micro_ros_msgs__rosidl_generator_pyExport.cmake
[3.758s] -- Installing: /home/b/cleaner_ws/install/micro_ros_msgs/share/micro_ros_msgs/cmake/export_micro_ros_msgs__rosidl_generator_pyExport-noconfig.cmake
[3.758s] -- Installing: /home/b/cleaner_ws/install/micro_ros_msgs/share/micro_ros_msgs/cmake/rosidl_cmake-extras.cmake
[3.758s] -- Installing: /home/b/cleaner_ws/install/micro_ros_msgs/share/micro_ros_msgs/cmake/ament_cmake_export_include_directories-extras.cmake
[3.758s] -- Installing: /home/b/cleaner_ws/install/micro_ros_msgs/share/micro_ros_msgs/cmake/ament_cmake_export_libraries-extras.cmake
[3.758s] -- Installing: /home/b/cleaner_ws/install/micro_ros_msgs/share/micro_ros_msgs/cmake/ament_cmake_export_targets-extras.cmake
[3.758s] -- Installing: /home/b/cleaner_ws/install/micro_ros_msgs/share/micro_ros_msgs/cmake/rosidl_cmake_export_typesupport_targets-extras.cmake
[3.758s] -- Installing: /home/b/cleaner_ws/install/micro_ros_msgs/share/micro_ros_msgs/cmake/ament_cmake_export_dependencies-extras.cmake
[3.758s] -- Installing: /home/b/cleaner_ws/install/micro_ros_msgs/share/micro_ros_msgs/cmake/rosidl_cmake_export_typesupport_libraries-extras.cmake
[3.758s] -- Installing: /home/b/cleaner_ws/install/micro_ros_msgs/share/micro_ros_msgs/cmake/micro_ros_msgsConfig.cmake
[3.759s] -- Installing: /home/b/cleaner_ws/install/micro_ros_msgs/share/micro_ros_msgs/cmake/micro_ros_msgsConfig-version.cmake
[3.759s] -- Installing: /home/b/cleaner_ws/install/micro_ros_msgs/share/micro_ros_msgs/package.xml
[3.760s] Invoked command in '/home/b/cleaner_ws/build/micro_ros_msgs' returned '0': CMAKE_PREFIX_PATH=${CMAKE_PREFIX_PATH}:/home/b/microros_ws/install/sensor_msgs_py:/opt/ros/humble /usr/bin/cmake --install /home/b/cleaner_ws/build/micro_ros_msgs
